+ export MF=/SSD1T/debug/fsic_0913debug_fsic_onefile
+ MF=/SSD1T/debug/fsic_0913debug_fsic_onefile
+ export PRECHECK_ROOT=/SSD1T/debug/fsic_0913debug_fsic_onefile/mpw_precheck
+ PRECHECK_ROOT=/SSD1T/debug/fsic_0913debug_fsic_onefile/mpw_precheck
+ export LF=/SSD1T/debug/fsic_0913debug_fsic_onefile/log-0914
+ LF=/SSD1T/debug/fsic_0913debug_fsic_onefile/log-0914
+ export CLF=/SSD1T/debug/fsic_0913debug_fsic_onefile/caravel-lab
+ CLF=/SSD1T/debug/fsic_0913debug_fsic_onefile/caravel-lab
+ export CUPF=/SSD1T/debug/fsic_0913debug_fsic_onefile/caravel_user_project
+ CUPF=/SSD1T/debug/fsic_0913debug_fsic_onefile/caravel_user_project
+ cd /SSD1T/debug/fsic_0913debug_fsic_onefile
+ '[' '!' -d /SSD1T/debug/fsic_0913debug_fsic_onefile ']'
+ '[' '!' -d /SSD1T/debug/fsic_0913debug_fsic_onefile/log-0914 ']'
+ '[' -d /SSD1T/debug/fsic_0913debug_fsic_onefile/caravel-lab ']'
+ echo '/SSD1T/debug/fsic_0913debug_fsic_onefile/caravel-lab exist, remove it'
/SSD1T/debug/fsic_0913debug_fsic_onefile/caravel-lab exist, remove it
+ rm -rf /SSD1T/debug/fsic_0913debug_fsic_onefile/caravel-lab
+ '[' '!' -d /SSD1T/debug/fsic_0913debug_fsic_onefile/caravel-lab ']'
+ echo '/SSD1T/debug/fsic_0913debug_fsic_onefile/caravel-lab not exist, git clone it'
/SSD1T/debug/fsic_0913debug_fsic_onefile/caravel-lab not exist, git clone it
+ git clone -b 0916debug_dont_touch https://github.com/TonyHo722/caravel-lab
Cloning into 'caravel-lab'...
+ '[' '!' -d /SSD1T/debug/fsic_0913debug_fsic_onefile/caravel_user_project ']'
+ cd /SSD1T/debug/fsic_0913debug_fsic_onefile/caravel-lab
+ git log -1
+ tee /SSD1T/debug/fsic_0913debug_fsic_onefile/log-0914/mpw-8c-CLF-git-log.log
commit edb9270b52ded5e86ee3f0e32c9084df4655a0f6
Author: tonyho <TonyHo@via.com.tw>
Date:   Sat Sep 16 23:39:05 2023 +0800

    for testbench need rxen, use dont_touch to avoid signal is missing by
    synthesys.
    - run_fsic
        - use branch : 0916debug_dont_touch
        - make -d simenv
        - make -d user_proj_example
        - exit 1
        - make -d user_project_wrapper
    - io_serdes.v
        - （* keep_hierarchy = "yes" *）module IO_SERDES #(
        - (* dont_touch = "true" *) reg   rxen;
    - system_test111_tb.v.patch
        - use wait(uut.mprj.u_fsic.U_IO_SERDES0.rxen);
+ cd /SSD1T/debug/fsic_0913debug_fsic_onefile/caravel_user_project
+ git log -1
+ tee /SSD1T/debug/fsic_0913debug_fsic_onefile/log-0914/mpw-8c-CUPF-git-log.log
commit a4ecba90bd78c797ab3f4cee61586635d4a33ced
Author: tonyho <TonyHo@via.com.tw>
Date:   Sat Sep 9 11:52:23 2023 +0800

    roll back user_project_wrapper.v for auto_bash script - run for la_test1
+ mkdir dependencies
mkdir: cannot create directory ‘dependencies’: File exists
++ pwd
+ export OPENLANE_ROOT=/SSD1T/debug/fsic_0913debug_fsic_onefile/caravel_user_project/dependencies/openlane_src
+ OPENLANE_ROOT=/SSD1T/debug/fsic_0913debug_fsic_onefile/caravel_user_project/dependencies/openlane_src
++ pwd
+ export PDK_ROOT=/SSD1T/debug/fsic_0913debug_fsic_onefile/caravel_user_project/dependencies/pdks
+ PDK_ROOT=/SSD1T/debug/fsic_0913debug_fsic_onefile/caravel_user_project/dependencies/pdks
+ export PDK=sky130A
+ PDK=sky130A
+ '[' '!' -d /SSD1T/debug/fsic_0913debug_fsic_onefile/caravel_user_project/caravel ']'
+ cp /SSD1T/debug/fsic_0913debug_fsic_onefile/caravel-lab/custom_design/fsic/verify-fsic-rtl/user_project_wrapper.v /SSD1T/debug/fsic_0913debug_fsic_onefile/caravel_user_project/verilog/rtl/user_project_wrapper.v
+ cp /SSD1T/debug/fsic_0913debug_fsic_onefile/caravel-lab/custom_design/fsic/verify-fsic-rtl/user_proj_example.v /SSD1T/debug/fsic_0913debug_fsic_onefile/caravel_user_project/verilog/rtl/user_proj_example.v
+ cat /SSD1T/debug/fsic_0913debug_fsic_onefile/caravel-lab/custom_design/fsic/verify-fsic-rtl/fsic.vo
+ cat /SSD1T/debug/fsic_0913debug_fsic_onefile/caravel-lab/custom_design/fsic/verify-fsic-rtl/axil_axis.sv.patch
+ cat /SSD1T/debug/fsic_0913debug_fsic_onefile/caravel-lab/custom_design/fsic/verify-fsic-rtl/sw_caravel.v.patch
+ cat /SSD1T/debug/fsic_0913debug_fsic_onefile/caravel-lab/custom_design/fsic/verify-fsic-rtl/config_ctrl.v
+ cat /SSD1T/debug/fsic_0913debug_fsic_onefile/caravel-lab/custom_design/fsic/verify-fsic-rtl/fsic_clkrst.v
+ cat /SSD1T/debug/fsic_0913debug_fsic_onefile/caravel-lab/custom_design/fsic/verify-fsic-rtl/io_serdes.v
+ cat /SSD1T/debug/fsic_0913debug_fsic_onefile/caravel-lab/custom_design/fsic/verify-fsic-rtl/fsic_coreclk_phase_cnt.v
+ cat /SSD1T/debug/fsic_0913debug_fsic_onefile/caravel-lab/custom_design/fsic/verify-fsic-rtl/fsic_io_serdes_rx.v
+ cat /SSD1T/debug/fsic_0913debug_fsic_onefile/caravel-lab/custom_design/fsic/verify-fsic-rtl/mprj_io.sv
+ cat /SSD1T/debug/fsic_0913debug_fsic_onefile/caravel-lab/custom_design/fsic/verify-fsic-rtl/user_subsys.all.v
+ cat /SSD1T/debug/fsic_0913debug_fsic_onefile/caravel-lab/custom_design/fsic/verify-fsic-rtl/logic_anlz.dummy_io.vd
+ cp /SSD1T/debug/fsic_0913debug_fsic_onefile/caravel-lab/custom_design/fsic/verify-fsic-rtl/uprj_netlists.v /SSD1T/debug/fsic_0913debug_fsic_onefile/caravel_user_project/verilog/rtl/uprj_netlists.v
+ mkdir /SSD1T/debug/fsic_0913debug_fsic_onefile/caravel_user_project/verilog/dv/system_test111
mkdir: cannot create directory ‘/SSD1T/debug/fsic_0913debug_fsic_onefile/caravel_user_project/verilog/dv/system_test111’: File exists
+ cp /SSD1T/debug/fsic_0913debug_fsic_onefile/caravel-lab/custom_design/fsic/verify-fsic-rtl/system_test111/Makefile /SSD1T/debug/fsic_0913debug_fsic_onefile/caravel_user_project/verilog/dv/system_test111/Makefile
+ cp /SSD1T/debug/fsic_0913debug_fsic_onefile/caravel-lab/custom_design/fsic/verify-fsic-rtl/system_test111/system_test111.c /SSD1T/debug/fsic_0913debug_fsic_onefile/caravel_user_project/verilog/dv/system_test111/system_test111.c
+ cp /SSD1T/debug/fsic_0913debug_fsic_onefile/caravel-lab/custom_design/fsic/verify-fsic-rtl/system_test111/system_test111_tb.v.patch /SSD1T/debug/fsic_0913debug_fsic_onefile/caravel_user_project/verilog/dv/system_test111/system_test111_tb.v
+ cp /SSD1T/debug/fsic_0913debug_fsic_onefile/caravel-lab/custom_design/fsic/verify-fsic-rtl/system_test111/bench_ini.svh /SSD1T/debug/fsic_0913debug_fsic_onefile/caravel_user_project/verilog/dv/system_test111/bench_ini.svh
+ cp /SSD1T/debug/fsic_0913debug_fsic_onefile/caravel-lab/custom_design/fsic/verify-fsic-rtl/system_test111/bench_vec.svh /SSD1T/debug/fsic_0913debug_fsic_onefile/caravel_user_project/verilog/dv/system_test111/bench_vec.svh
+ cp /SSD1T/debug/fsic_0913debug_fsic_onefile/caravel-lab/custom_design/fsic/verify-fsic-rtl/system_test111/cpu_trace.v /SSD1T/debug/fsic_0913debug_fsic_onefile/caravel_user_project/verilog/dv/system_test111/cpu_trace.v
+ cp /SSD1T/debug/fsic_0913debug_fsic_onefile/caravel-lab/custom_design/fsic/verify-fsic-rtl/system_test111/dasm.v /SSD1T/debug/fsic_0913debug_fsic_onefile/caravel_user_project/verilog/dv/system_test111/dasm.v
+ cp /SSD1T/debug/fsic_0913debug_fsic_onefile/caravel-lab/custom_design/fsic/verify-fsic-rtl/system_test111/fpga.v /SSD1T/debug/fsic_0913debug_fsic_onefile/caravel_user_project/verilog/dv/system_test111/fpga.v
+ cp /SSD1T/debug/fsic_0913debug_fsic_onefile/caravel-lab/custom_design/fsic/verify-fsic-rtl/system_test111/fsic_clock.v /SSD1T/debug/fsic_0913debug_fsic_onefile/caravel_user_project/verilog/dv/system_test111/fsic_clock.v
+ cp /SSD1T/debug/fsic_0913debug_fsic_onefile/caravel-lab/custom_design/fsic/verify-fsic-rtl/system_test111/fsic_coreclk_phase_cnt.v /SSD1T/debug/fsic_0913debug_fsic_onefile/caravel_user_project/verilog/dv/system_test111/fsic_coreclk_phase_cnt.v
+ cp /SSD1T/debug/fsic_0913debug_fsic_onefile/caravel-lab/custom_design/fsic/verify-fsic-rtl/system_test111/fsic_io_serdes_rx.v /SSD1T/debug/fsic_0913debug_fsic_onefile/caravel_user_project/verilog/dv/system_test111/fsic_io_serdes_rx.v
+ cp /SSD1T/debug/fsic_0913debug_fsic_onefile/caravel-lab/custom_design/fsic/verify-fsic-rtl/system_test111/io_serdes.v /SSD1T/debug/fsic_0913debug_fsic_onefile/caravel_user_project/verilog/dv/system_test111/io_serdes.v
+ cp /SSD1T/debug/fsic_0913debug_fsic_onefile/caravel-lab/custom_design/fsic/verify-fsic-rtl/system_test111/project_define.svh /SSD1T/debug/fsic_0913debug_fsic_onefile/caravel_user_project/verilog/dv/system_test111/project_define.svh
+ cp /SSD1T/debug/fsic_0913debug_fsic_onefile/caravel-lab/custom_design/fsic/caravel_user_project/includes.rtl.caravel_user_project.fsic /SSD1T/debug/fsic_0913debug_fsic_onefile/caravel_user_project/verilog/includes/includes.rtl.caravel_user_project
+ cp /SSD1T/debug/fsic_0913debug_fsic_onefile/caravel-lab/custom_design/fsic/caravel_user_project/includes.gl.caravel_user_project.fsic /SSD1T/debug/fsic_0913debug_fsic_onefile/caravel_user_project/verilog/includes/includes.gl.caravel_user_project
+ cp /SSD1T/debug/fsic_0913debug_fsic_onefile/caravel-lab/custom_design/fsic/caravel_user_project/includes.gl+sdf.caravel_user_project.fsic /SSD1T/debug/fsic_0913debug_fsic_onefile/caravel_user_project/verilog/includes/includes.gl+sdf.caravel_user_project
+ cp /SSD1T/debug/fsic_0913debug_fsic_onefile/caravel-lab/custom_design/fsic/caravel_user_project/sim.makefile.fsic /SSD1T/debug/fsic_0913debug_fsic_onefile/caravel_user_project/mgmt_core_wrapper/verilog/dv/make/sim.makefile
+ make -d simenv
+ tee /SSD1T/debug/fsic_0913debug_fsic_onefile/log-0914/mpw-8c-simenv.log
GNU Make 4.2.1
Built for x86_64-pc-linux-gnu
Copyright (C) 1988-2016 Free Software Foundation, Inc.
License GPLv3+: GNU GPL version 3 or later <http://gnu.org/licenses/gpl.html>
This is free software: you are free to change and redistribute it.
There is NO WARRANTY, to the extent permitted by law.
Reading makefiles...
Reading makefile 'Makefile'...
Updating makefiles....
 Considering target file 'Makefile'.
  Looking for an implicit rule for 'Makefile'.
  Trying pattern rule with stem 'Makefile'.
  Found an implicit rule for 'Makefile'.
  Finished prerequisites of target file 'Makefile'.
 No need to remake target 'Makefile'.
Updating goal targets....
Considering target file 'simenv'.
 File 'simenv' does not exist.
 Finished prerequisites of target file 'simenv'.
Must remake target 'simenv'.
docker pull efabless/dv:latest
Putting child 0x562b107ec120 (simenv) PID 1466701 on the chain.
Live child 0x562b107ec120 (simenv) PID 1466701 
latest: Pulling from efabless/dv
Digest: sha256:06497b070c8578fbbe87170c9f4dfa61c2c9a9d9f665a637c4d822ea98a7f1b7
Status: Image is up to date for efabless/dv:latest
docker.io/efabless/dv:latest
Reaping winning child 0x562b107ec120 PID 1466701 
Removing child 0x562b107ec120 PID 1466701 from chain.
Successfully remade target file 'simenv'.
+ cp /SSD1T/debug/fsic_0913debug_fsic_onefile/caravel-lab/custom_design/fsic/openlane/user_proj_example/config.json /SSD1T/debug/fsic_0913debug_fsic_onefile/caravel_user_project/openlane/user_proj_example/config.json
+ cp /SSD1T/debug/fsic_0913debug_fsic_onefile/caravel-lab/custom_design/fsic/openlane/user_proj_example/pin_order.cfg /SSD1T/debug/fsic_0913debug_fsic_onefile/caravel_user_project/openlane/user_proj_example/pin_order.cfg
+ cp /SSD1T/debug/fsic_0913debug_fsic_onefile/caravel-lab/custom_design/fsic/openlane/user_project_wrapper/config.json /SSD1T/debug/fsic_0913debug_fsic_onefile/caravel_user_project/openlane/user_project_wrapper/config.json
+ make -d user_proj_example
+ tee /SSD1T/debug/fsic_0913debug_fsic_onefile/log-0914/mpw-8c-user_proj_example.log
GNU Make 4.2.1
Built for x86_64-pc-linux-gnu
Copyright (C) 1988-2016 Free Software Foundation, Inc.
License GPLv3+: GNU GPL version 3 or later <http://gnu.org/licenses/gpl.html>
This is free software: you are free to change and redistribute it.
There is NO WARRANTY, to the extent permitted by law.
Reading makefiles...
Reading makefile 'Makefile'...
Updating makefiles....
 Considering target file 'Makefile'.
  Looking for an implicit rule for 'Makefile'.
  Trying pattern rule with stem 'Makefile'.
  Found an implicit rule for 'Makefile'.
  Finished prerequisites of target file 'Makefile'.
 No need to remake target 'Makefile'.
Updating goal targets....
Considering target file 'user_proj_example'.
 File 'user_proj_example' does not exist.
 Finished prerequisites of target file 'user_proj_example'.
Must remake target 'user_proj_example'.
make -C openlane user_proj_example
Putting child 0x55fdab74c110 (user_proj_example) PID 1466766 on the chain.
Live child 0x55fdab74c110 (user_proj_example) PID 1466766 
GNU Make 4.2.1
Built for x86_64-pc-linux-gnu
Copyright (C) 1988-2016 Free Software Foundation, Inc.
License GPLv3+: GNU GPL version 3 or later <http://gnu.org/licenses/gpl.html>
This is free software: you are free to change and redistribute it.
There is NO WARRANTY, to the extent permitted by law.
Reading makefiles...
Reading makefile 'Makefile'...
make[1]: Entering directory '/SSD1T/debug/fsic_0913debug_fsic_onefile/caravel_user_project/openlane'
Updating makefiles....
 Considering target file 'Makefile'.
  Looking for an implicit rule for 'Makefile'.
  Trying pattern rule with stem 'Makefile'.
  Trying implicit prerequisite 'Makefile.o'.
  Trying pattern rule with stem 'Makefile'.
  Trying implicit prerequisite 'Makefile.c'.
  Trying pattern rule with stem 'Makefile'.
  Trying implicit prerequisite 'Makefile.cc'.
  Trying pattern rule with stem 'Makefile'.
  Trying implicit prerequisite 'Makefile.C'.
  Trying pattern rule with stem 'Makefile'.
  Trying implicit prerequisite 'Makefile.cpp'.
  Trying pattern rule with stem 'Makefile'.
  Trying implicit prerequisite 'Makefile.p'.
  Trying pattern rule with stem 'Makefile'.
  Trying implicit prerequisite 'Makefile.f'.
  Trying pattern rule with stem 'Makefile'.
  Trying implicit prerequisite 'Makefile.F'.
  Trying pattern rule with stem 'Makefile'.
  Trying implicit prerequisite 'Makefile.m'.
  Trying pattern rule with stem 'Makefile'.
  Trying implicit prerequisite 'Makefile.r'.
  Trying pattern rule with stem 'Makefile'.
  Trying implicit prerequisite 'Makefile.s'.
  Trying pattern rule with stem 'Makefile'.
  Trying implicit prerequisite 'Makefile.S'.
  Trying pattern rule with stem 'Makefile'.
  Trying implicit prerequisite 'Makefile.mod'.
  Trying pattern rule with stem 'Makefile'.
  Trying implicit prerequisite 'Makefile.sh'.
  Trying pattern rule with stem 'Makefile'.
  Trying implicit prerequisite 'Makefile,v'.
  Trying pattern rule with stem 'Makefile'.
  Trying implicit prerequisite 'RCS/Makefile,v'.
  Trying pattern rule with stem 'Makefile'.
  Trying implicit prerequisite 'RCS/Makefile'.
  Trying pattern rule with stem 'Makefile'.
  Trying implicit prerequisite 's.Makefile'.
  Trying pattern rule with stem 'Makefile'.
  Trying implicit prerequisite 'SCCS/s.Makefile'.
  Trying pattern rule with stem 'Makefile'.
  Trying implicit prerequisite 'Makefile.o'.
  Looking for a rule with intermediate file 'Makefile.o'.
   Avoiding implicit rule recursion.
   Trying pattern rule with stem 'Makefile'.
   Trying implicit prerequisite 'Makefile.c'.
   Trying pattern rule with stem 'Makefile'.
   Trying implicit prerequisite 'Makefile.cc'.
   Trying pattern rule with stem 'Makefile'.
   Trying implicit prerequisite 'Makefile.C'.
   Trying pattern rule with stem 'Makefile'.
   Trying implicit prerequisite 'Makefile.cpp'.
   Trying pattern rule with stem 'Makefile'.
   Trying implicit prerequisite 'Makefile.p'.
   Trying pattern rule with stem 'Makefile'.
   Trying implicit prerequisite 'Makefile.f'.
   Trying pattern rule with stem 'Makefile'.
   Trying implicit prerequisite 'Makefile.F'.
   Trying pattern rule with stem 'Makefile'.
   Trying implicit prerequisite 'Makefile.m'.
   Trying pattern rule with stem 'Makefile'.
   Trying implicit prerequisite 'Makefile.r'.
   Trying pattern rule with stem 'Makefile'.
   Trying implicit prerequisite 'Makefile.s'.
   Trying pattern rule with stem 'Makefile'.
   Trying implicit prerequisite 'Makefile.S'.
   Trying pattern rule with stem 'Makefile'.
   Trying implicit prerequisite 'Makefile.mod'.
   Trying pattern rule with stem 'Makefile.o'.
   Trying implicit prerequisite 'Makefile.o,v'.
   Trying pattern rule with stem 'Makefile.o'.
   Trying implicit prerequisite 'RCS/Makefile.o,v'.
   Trying pattern rule with stem 'Makefile.o'.
   Trying implicit prerequisite 'RCS/Makefile.o'.
   Trying pattern rule with stem 'Makefile.o'.
   Trying implicit prerequisite 's.Makefile.o'.
   Trying pattern rule with stem 'Makefile.o'.
   Trying implicit prerequisite 'SCCS/s.Makefile.o'.
   Trying pattern rule with stem 'Makefile'.
   Trying implicit prerequisite 'Makefile.c'.
   Looking for a rule with intermediate file 'Makefile.c'.
    Avoiding implicit rule recursion.
    Avoiding implicit rule recursion.
    Trying pattern rule with stem 'Makefile'.
    Trying implicit prerequisite 'Makefile.y'.
    Trying pattern rule with stem 'Makefile'.
    Trying implicit prerequisite 'Makefile.l'.
    Trying pattern rule with stem 'Makefile'.
    Trying implicit prerequisite 'Makefile.w'.
    Trying pattern rule with stem 'Makefile'.
    Trying implicit prerequisite 'Makefile.w'.
    Trying pattern rule with stem 'Makefile.c'.
    Trying implicit prerequisite 'Makefile.c,v'.
    Trying pattern rule with stem 'Makefile.c'.
    Trying implicit prerequisite 'RCS/Makefile.c,v'.
    Trying pattern rule with stem 'Makefile.c'.
    Trying implicit prerequisite 'RCS/Makefile.c'.
    Trying pattern rule with stem 'Makefile.c'.
    Trying implicit prerequisite 's.Makefile.c'.
    Trying pattern rule with stem 'Makefile.c'.
    Trying implicit prerequisite 'SCCS/s.Makefile.c'.
    Trying pattern rule with stem 'Makefile'.
    Trying implicit prerequisite 'Makefile.y'.
    Looking for a rule with intermediate file 'Makefile.y'.
     Avoiding implicit rule recursion.
     Avoiding implicit rule recursion.
     Avoiding implicit rule recursion.
     Trying pattern rule with stem 'Makefile.y'.
     Trying implicit prerequisite 'Makefile.y,v'.
     Trying pattern rule with stem 'Makefile.y'.
     Trying implicit prerequisite 'RCS/Makefile.y,v'.
     Trying pattern rule with stem 'Makefile.y'.
     Trying implicit prerequisite 'RCS/Makefile.y'.
     Trying pattern rule with stem 'Makefile.y'.
     Trying implicit prerequisite 's.Makefile.y'.
     Trying pattern rule with stem 'Makefile.y'.
     Trying implicit prerequisite 'SCCS/s.Makefile.y'.
    Trying pattern rule with stem 'Makefile'.
    Trying implicit prerequisite 'Makefile.l'.
    Looking for a rule with intermediate file 'Makefile.l'.
     Avoiding implicit rule recursion.
     Avoiding implicit rule recursion.
     Avoiding implicit rule recursion.
     Trying pattern rule with stem 'Makefile.l'.
     Trying implicit prerequisite 'Makefile.l,v'.
     Trying pattern rule with stem 'Makefile.l'.
     Trying implicit prerequisite 'RCS/Makefile.l,v'.
     Trying pattern rule with stem 'Makefile.l'.
     Trying implicit prerequisite 'RCS/Makefile.l'.
     Trying pattern rule with stem 'Makefile.l'.
     Trying implicit prerequisite 's.Makefile.l'.
     Trying pattern rule with stem 'Makefile.l'.
     Trying implicit prerequisite 'SCCS/s.Makefile.l'.
    Trying pattern rule with stem 'Makefile'.
    Trying implicit prerequisite 'Makefile.w'.
    Looking for a rule with intermediate file 'Makefile.w'.
     Avoiding implicit rule recursion.
     Avoiding implicit rule recursion.
     Avoiding implicit rule recursion.
     Trying pattern rule with stem 'Makefile.w'.
     Trying implicit prerequisite 'Makefile.w,v'.
     Trying pattern rule with stem 'Makefile.w'.
     Trying implicit prerequisite 'RCS/Makefile.w,v'.
     Trying pattern rule with stem 'Makefile.w'.
     Trying implicit prerequisite 'RCS/Makefile.w'.
     Trying pattern rule with stem 'Makefile.w'.
     Trying implicit prerequisite 's.Makefile.w'.
     Trying pattern rule with stem 'Makefile.w'.
     Trying implicit prerequisite 'SCCS/s.Makefile.w'.
    Trying pattern rule with stem 'Makefile'.
    Rejecting impossible implicit prerequisite 'Makefile.w'.
   Trying pattern rule with stem 'Makefile'.
   Trying implicit prerequisite 'Makefile.cc'.
   Looking for a rule with intermediate file 'Makefile.cc'.
    Avoiding implicit rule recursion.
    Avoiding implicit rule recursion.
    Trying pattern rule with stem 'Makefile.cc'.
    Trying implicit prerequisite 'Makefile.cc,v'.
    Trying pattern rule with stem 'Makefile.cc'.
    Trying implicit prerequisite 'RCS/Makefile.cc,v'.
    Trying pattern rule with stem 'Makefile.cc'.
    Trying implicit prerequisite 'RCS/Makefile.cc'.
    Trying pattern rule with stem 'Makefile.cc'.
    Trying implicit prerequisite 's.Makefile.cc'.
    Trying pattern rule with stem 'Makefile.cc'.
    Trying implicit prerequisite 'SCCS/s.Makefile.cc'.
   Trying pattern rule with stem 'Makefile'.
   Trying implicit prerequisite 'Makefile.C'.
   Looking for a rule with intermediate file 'Makefile.C'.
    Avoiding implicit rule recursion.
    Avoiding implicit rule recursion.
    Trying pattern rule with stem 'Makefile.C'.
    Trying implicit prerequisite 'Makefile.C,v'.
    Trying pattern rule with stem 'Makefile.C'.
    Trying implicit prerequisite 'RCS/Makefile.C,v'.
    Trying pattern rule with stem 'Makefile.C'.
    Trying implicit prerequisite 'RCS/Makefile.C'.
    Trying pattern rule with stem 'Makefile.C'.
    Trying implicit prerequisite 's.Makefile.C'.
    Trying pattern rule with stem 'Makefile.C'.
    Trying implicit prerequisite 'SCCS/s.Makefile.C'.
   Trying pattern rule with stem 'Makefile'.
   Trying implicit prerequisite 'Makefile.cpp'.
   Looking for a rule with intermediate file 'Makefile.cpp'.
    Avoiding implicit rule recursion.
    Avoiding implicit rule recursion.
    Trying pattern rule with stem 'Makefile.cpp'.
    Trying implicit prerequisite 'Makefile.cpp,v'.
    Trying pattern rule with stem 'Makefile.cpp'.
    Trying implicit prerequisite 'RCS/Makefile.cpp,v'.
    Trying pattern rule with stem 'Makefile.cpp'.
    Trying implicit prerequisite 'RCS/Makefile.cpp'.
    Trying pattern rule with stem 'Makefile.cpp'.
    Trying implicit prerequisite 's.Makefile.cpp'.
    Trying pattern rule with stem 'Makefile.cpp'.
    Trying implicit prerequisite 'SCCS/s.Makefile.cpp'.
   Trying pattern rule with stem 'Makefile'.
   Trying implicit prerequisite 'Makefile.p'.
   Looking for a rule with intermediate file 'Makefile.p'.
    Avoiding implicit rule recursion.
    Avoiding implicit rule recursion.
    Trying pattern rule with stem 'Makefile'.
    Trying implicit prerequisite 'Makefile.web'.
    Trying pattern rule with stem 'Makefile.p'.
    Trying implicit prerequisite 'Makefile.p,v'.
    Trying pattern rule with stem 'Makefile.p'.
    Trying implicit prerequisite 'RCS/Makefile.p,v'.
    Trying pattern rule with stem 'Makefile.p'.
    Trying implicit prerequisite 'RCS/Makefile.p'.
    Trying pattern rule with stem 'Makefile.p'.
    Trying implicit prerequisite 's.Makefile.p'.
    Trying pattern rule with stem 'Makefile.p'.
    Trying implicit prerequisite 'SCCS/s.Makefile.p'.
    Trying pattern rule with stem 'Makefile'.
    Trying implicit prerequisite 'Makefile.web'.
    Looking for a rule with intermediate file 'Makefile.web'.
     Avoiding implicit rule recursion.
     Avoiding implicit rule recursion.
     Avoiding implicit rule recursion.
     Trying pattern rule with stem 'Makefile.web'.
     Trying implicit prerequisite 'Makefile.web,v'.
     Trying pattern rule with stem 'Makefile.web'.
     Trying implicit prerequisite 'RCS/Makefile.web,v'.
     Trying pattern rule with stem 'Makefile.web'.
     Trying implicit prerequisite 'RCS/Makefile.web'.
     Trying pattern rule with stem 'Makefile.web'.
     Trying implicit prerequisite 's.Makefile.web'.
     Trying pattern rule with stem 'Makefile.web'.
     Trying implicit prerequisite 'SCCS/s.Makefile.web'.
   Trying pattern rule with stem 'Makefile'.
   Trying implicit prerequisite 'Makefile.f'.
   Looking for a rule with intermediate file 'Makefile.f'.
    Avoiding implicit rule recursion.
    Avoiding implicit rule recursion.
    Trying pattern rule with stem 'Makefile'.
    Trying implicit prerequisite 'Makefile.F'.
    Trying pattern rule with stem 'Makefile'.
    Trying implicit prerequisite 'Makefile.r'.
    Trying pattern rule with stem 'Makefile.f'.
    Trying implicit prerequisite 'Makefile.f,v'.
    Trying pattern rule with stem 'Makefile.f'.
    Trying implicit prerequisite 'RCS/Makefile.f,v'.
    Trying pattern rule with stem 'Makefile.f'.
    Trying implicit prerequisite 'RCS/Makefile.f'.
    Trying pattern rule with stem 'Makefile.f'.
    Trying implicit prerequisite 's.Makefile.f'.
    Trying pattern rule with stem 'Makefile.f'.
    Trying implicit prerequisite 'SCCS/s.Makefile.f'.
    Trying pattern rule with stem 'Makefile'.
    Trying implicit prerequisite 'Makefile.F'.
    Looking for a rule with intermediate file 'Makefile.F'.
     Avoiding implicit rule recursion.
     Avoiding implicit rule recursion.
     Avoiding implicit rule recursion.
     Trying pattern rule with stem 'Makefile.F'.
     Trying implicit prerequisite 'Makefile.F,v'.
     Trying pattern rule with stem 'Makefile.F'.
     Trying implicit prerequisite 'RCS/Makefile.F,v'.
     Trying pattern rule with stem 'Makefile.F'.
     Trying implicit prerequisite 'RCS/Makefile.F'.
     Trying pattern rule with stem 'Makefile.F'.
     Trying implicit prerequisite 's.Makefile.F'.
     Trying pattern rule with stem 'Makefile.F'.
     Trying implicit prerequisite 'SCCS/s.Makefile.F'.
    Trying pattern rule with stem 'Makefile'.
    Trying implicit prerequisite 'Makefile.r'.
    Looking for a rule with intermediate file 'Makefile.r'.
     Avoiding implicit rule recursion.
     Avoiding implicit rule recursion.
     Avoiding implicit rule recursion.
     Trying pattern rule with stem 'Makefile'.
     Rejecting impossible implicit prerequisite 'Makefile.l'.
     Trying pattern rule with stem 'Makefile.r'.
     Trying implicit prerequisite 'Makefile.r,v'.
     Trying pattern rule with stem 'Makefile.r'.
     Trying implicit prerequisite 'RCS/Makefile.r,v'.
     Trying pattern rule with stem 'Makefile.r'.
     Trying implicit prerequisite 'RCS/Makefile.r'.
     Trying pattern rule with stem 'Makefile.r'.
     Trying implicit prerequisite 's.Makefile.r'.
     Trying pattern rule with stem 'Makefile.r'.
     Trying implicit prerequisite 'SCCS/s.Makefile.r'.
   Trying pattern rule with stem 'Makefile'.
   Rejecting impossible implicit prerequisite 'Makefile.F'.
   Trying pattern rule with stem 'Makefile'.
   Trying implicit prerequisite 'Makefile.m'.
   Looking for a rule with intermediate file 'Makefile.m'.
    Avoiding implicit rule recursion.
    Avoiding implicit rule recursion.
    Trying pattern rule with stem 'Makefile'.
    Trying implicit prerequisite 'Makefile.ym'.
    Trying pattern rule with stem 'Makefile.m'.
    Trying implicit prerequisite 'Makefile.m,v'.
    Trying pattern rule with stem 'Makefile.m'.
    Trying implicit prerequisite 'RCS/Makefile.m,v'.
    Trying pattern rule with stem 'Makefile.m'.
    Trying implicit prerequisite 'RCS/Makefile.m'.
    Trying pattern rule with stem 'Makefile.m'.
    Trying implicit prerequisite 's.Makefile.m'.
    Trying pattern rule with stem 'Makefile.m'.
    Trying implicit prerequisite 'SCCS/s.Makefile.m'.
    Trying pattern rule with stem 'Makefile'.
    Trying implicit prerequisite 'Makefile.ym'.
    Looking for a rule with intermediate file 'Makefile.ym'.
     Avoiding implicit rule recursion.
     Avoiding implicit rule recursion.
     Avoiding implicit rule recursion.
     Trying pattern rule with stem 'Makefile.ym'.
     Trying implicit prerequisite 'Makefile.ym,v'.
     Trying pattern rule with stem 'Makefile.ym'.
     Trying implicit prerequisite 'RCS/Makefile.ym,v'.
     Trying pattern rule with stem 'Makefile.ym'.
     Trying implicit prerequisite 'RCS/Makefile.ym'.
     Trying pattern rule with stem 'Makefile.ym'.
     Trying implicit prerequisite 's.Makefile.ym'.
     Trying pattern rule with stem 'Makefile.ym'.
     Trying implicit prerequisite 'SCCS/s.Makefile.ym'.
   Trying pattern rule with stem 'Makefile'.
   Rejecting impossible implicit prerequisite 'Makefile.r'.
   Trying pattern rule with stem 'Makefile'.
   Trying implicit prerequisite 'Makefile.s'.
   Looking for a rule with intermediate file 'Makefile.s'.
    Avoiding implicit rule recursion.
    Avoiding implicit rule recursion.
    Trying pattern rule with stem 'Makefile'.
    Trying implicit prerequisite 'Makefile.S'.
    Trying pattern rule with stem 'Makefile.s'.
    Trying implicit prerequisite 'Makefile.s,v'.
    Trying pattern rule with stem 'Makefile.s'.
    Trying implicit prerequisite 'RCS/Makefile.s,v'.
    Trying pattern rule with stem 'Makefile.s'.
    Trying implicit prerequisite 'RCS/Makefile.s'.
    Trying pattern rule with stem 'Makefile.s'.
    Trying implicit prerequisite 's.Makefile.s'.
    Trying pattern rule with stem 'Makefile.s'.
    Trying implicit prerequisite 'SCCS/s.Makefile.s'.
    Trying pattern rule with stem 'Makefile'.
    Trying implicit prerequisite 'Makefile.S'.
    Looking for a rule with intermediate file 'Makefile.S'.
     Avoiding implicit rule recursion.
     Avoiding implicit rule recursion.
     Avoiding implicit rule recursion.
     Trying pattern rule with stem 'Makefile.S'.
     Trying implicit prerequisite 'Makefile.S,v'.
     Trying pattern rule with stem 'Makefile.S'.
     Trying implicit prerequisite 'RCS/Makefile.S,v'.
     Trying pattern rule with stem 'Makefile.S'.
     Trying implicit prerequisite 'RCS/Makefile.S'.
     Trying pattern rule with stem 'Makefile.S'.
     Trying implicit prerequisite 's.Makefile.S'.
     Trying pattern rule with stem 'Makefile.S'.
     Trying implicit prerequisite 'SCCS/s.Makefile.S'.
   Trying pattern rule with stem 'Makefile'.
   Rejecting impossible implicit prerequisite 'Makefile.S'.
   Trying pattern rule with stem 'Makefile'.
   Trying implicit prerequisite 'Makefile.mod'.
   Looking for a rule with intermediate file 'Makefile.mod'.
    Avoiding implicit rule recursion.
    Avoiding implicit rule recursion.
    Trying pattern rule with stem 'Makefile.mod'.
    Trying implicit prerequisite 'Makefile.mod,v'.
    Trying pattern rule with stem 'Makefile.mod'.
    Trying implicit prerequisite 'RCS/Makefile.mod,v'.
    Trying pattern rule with stem 'Makefile.mod'.
    Trying implicit prerequisite 'RCS/Makefile.mod'.
    Trying pattern rule with stem 'Makefile.mod'.
    Trying implicit prerequisite 's.Makefile.mod'.
    Trying pattern rule with stem 'Makefile.mod'.
    Trying implicit prerequisite 'SCCS/s.Makefile.mod'.
  Trying pattern rule with stem 'Makefile'.
  Rejecting impossible implicit prerequisite 'Makefile.c'.
  Trying pattern rule with stem 'Makefile'.
  Rejecting impossible implicit prerequisite 'Makefile.cc'.
  Trying pattern rule with stem 'Makefile'.
  Rejecting impossible implicit prerequisite 'Makefile.C'.
  Trying pattern rule with stem 'Makefile'.
  Rejecting impossible implicit prerequisite 'Makefile.cpp'.
  Trying pattern rule with stem 'Makefile'.
  Rejecting impossible implicit prerequisite 'Makefile.p'.
  Trying pattern rule with stem 'Makefile'.
  Rejecting impossible implicit prerequisite 'Makefile.f'.
  Trying pattern rule with stem 'Makefile'.
  Rejecting impossible implicit prerequisite 'Makefile.F'.
  Trying pattern rule with stem 'Makefile'.
  Rejecting impossible implicit prerequisite 'Makefile.m'.
  Trying pattern rule with stem 'Makefile'.
  Rejecting impossible implicit prerequisite 'Makefile.r'.
  Trying pattern rule with stem 'Makefile'.
  Rejecting impossible implicit prerequisite 'Makefile.s'.
  Trying pattern rule with stem 'Makefile'.
  Rejecting impossible implicit prerequisite 'Makefile.S'.
  Trying pattern rule with stem 'Makefile'.
  Rejecting impossible implicit prerequisite 'Makefile.mod'.
  Trying pattern rule with stem 'Makefile'.
  Trying implicit prerequisite 'Makefile.sh'.
  Looking for a rule with intermediate file 'Makefile.sh'.
   Avoiding implicit rule recursion.
   Trying pattern rule with stem 'Makefile.sh'.
   Trying implicit prerequisite 'Makefile.sh,v'.
   Trying pattern rule with stem 'Makefile.sh'.
   Trying implicit prerequisite 'RCS/Makefile.sh,v'.
   Trying pattern rule with stem 'Makefile.sh'.
   Trying implicit prerequisite 'RCS/Makefile.sh'.
   Trying pattern rule with stem 'Makefile.sh'.
   Trying implicit prerequisite 's.Makefile.sh'.
   Trying pattern rule with stem 'Makefile.sh'.
   Trying implicit prerequisite 'SCCS/s.Makefile.sh'.
  No implicit rule found for 'Makefile'.
  Finished prerequisites of target file 'Makefile'.
 No need to remake target 'Makefile'.
Updating goal targets....
Considering target file 'user_proj_example'.
 File 'user_proj_example' does not exist.
  Considering target file 'user_proj_example/config.json'.
   Looking for an implicit rule for 'user_proj_example/config.json'.
   Trying pattern rule with stem 'config.json'.
   Trying implicit prerequisite 'user_proj_example/config.json.o'.
   Trying pattern rule with stem 'config.json'.
   Trying implicit prerequisite 'user_proj_example/config.json.c'.
   Trying pattern rule with stem 'config.json'.
   Trying implicit prerequisite 'user_proj_example/config.json.cc'.
   Trying pattern rule with stem 'config.json'.
   Trying implicit prerequisite 'user_proj_example/config.json.C'.
   Trying pattern rule with stem 'config.json'.
   Trying implicit prerequisite 'user_proj_example/config.json.cpp'.
   Trying pattern rule with stem 'config.json'.
   Trying implicit prerequisite 'user_proj_example/config.json.p'.
   Trying pattern rule with stem 'config.json'.
   Trying implicit prerequisite 'user_proj_example/config.json.f'.
   Trying pattern rule with stem 'config.json'.
   Trying implicit prerequisite 'user_proj_example/config.json.F'.
   Trying pattern rule with stem 'config.json'.
   Trying implicit prerequisite 'user_proj_example/config.json.m'.
   Trying pattern rule with stem 'config.json'.
   Trying implicit prerequisite 'user_proj_example/config.json.r'.
   Trying pattern rule with stem 'config.json'.
   Trying implicit prerequisite 'user_proj_example/config.json.s'.
   Trying pattern rule with stem 'config.json'.
   Trying implicit prerequisite 'user_proj_example/config.json.S'.
   Trying pattern rule with stem 'config.json'.
   Trying implicit prerequisite 'user_proj_example/config.json.mod'.
   Trying pattern rule with stem 'config.json'.
   Trying implicit prerequisite 'user_proj_example/config.json.sh'.
   Trying pattern rule with stem 'config.json'.
   Trying implicit prerequisite 'user_proj_example/config.json,v'.
   Trying pattern rule with stem 'config.json'.
   Trying implicit prerequisite 'user_proj_example/RCS/config.json,v'.
   Trying pattern rule with stem 'config.json'.
   Trying implicit prerequisite 'user_proj_example/RCS/config.json'.
   Trying pattern rule with stem 'config.json'.
   Trying implicit prerequisite 'user_proj_example/s.config.json'.
   Trying pattern rule with stem 'config.json'.
   Trying implicit prerequisite 'user_proj_example/SCCS/s.config.json'.
   Trying pattern rule with stem 'config.json'.
   Trying implicit prerequisite 'user_proj_example/config.json.o'.
   Looking for a rule with intermediate file 'user_proj_example/config.json.o'.
    Avoiding implicit rule recursion.
    Trying pattern rule with stem 'config.json'.
    Trying implicit prerequisite 'user_proj_example/config.json.c'.
    Trying pattern rule with stem 'config.json'.
    Trying implicit prerequisite 'user_proj_example/config.json.cc'.
    Trying pattern rule with stem 'config.json'.
    Trying implicit prerequisite 'user_proj_example/config.json.C'.
    Trying pattern rule with stem 'config.json'.
    Trying implicit prerequisite 'user_proj_example/config.json.cpp'.
    Trying pattern rule with stem 'config.json'.
    Trying implicit prerequisite 'user_proj_example/config.json.p'.
    Trying pattern rule with stem 'config.json'.
    Trying implicit prerequisite 'user_proj_example/config.json.f'.
    Trying pattern rule with stem 'config.json'.
    Trying implicit prerequisite 'user_proj_example/config.json.F'.
    Trying pattern rule with stem 'config.json'.
    Trying implicit prerequisite 'user_proj_example/config.json.m'.
    Trying pattern rule with stem 'config.json'.
    Trying implicit prerequisite 'user_proj_example/config.json.r'.
    Trying pattern rule with stem 'config.json'.
    Trying implicit prerequisite 'user_proj_example/config.json.s'.
    Trying pattern rule with stem 'config.json'.
    Trying implicit prerequisite 'user_proj_example/config.json.S'.
    Trying pattern rule with stem 'config.json'.
    Trying implicit prerequisite 'user_proj_example/config.json.mod'.
    Trying pattern rule with stem 'config.json.o'.
    Trying implicit prerequisite 'user_proj_example/config.json.o,v'.
    Trying pattern rule with stem 'config.json.o'.
    Trying implicit prerequisite 'user_proj_example/RCS/config.json.o,v'.
    Trying pattern rule with stem 'config.json.o'.
    Trying implicit prerequisite 'user_proj_example/RCS/config.json.o'.
    Trying pattern rule with stem 'config.json.o'.
    Trying implicit prerequisite 'user_proj_example/s.config.json.o'.
    Trying pattern rule with stem 'config.json.o'.
    Trying implicit prerequisite 'user_proj_example/SCCS/s.config.json.o'.
    Trying pattern rule with stem 'config.json'.
    Trying implicit prerequisite 'user_proj_example/config.json.c'.
    Looking for a rule with intermediate file 'user_proj_example/config.json.c'.
     Avoiding implicit rule recursion.
     Avoiding implicit rule recursion.
     Trying pattern rule with stem 'config.json'.
     Trying implicit prerequisite 'user_proj_example/config.json.y'.
     Trying pattern rule with stem 'config.json'.
     Trying implicit prerequisite 'user_proj_example/config.json.l'.
     Trying pattern rule with stem 'config.json'.
     Trying implicit prerequisite 'user_proj_example/config.json.w'.
     Trying pattern rule with stem 'config.json'.
     Trying implicit prerequisite 'user_proj_example/config.json.w'.
     Trying pattern rule with stem 'config.json.c'.
     Trying implicit prerequisite 'user_proj_example/config.json.c,v'.
     Trying pattern rule with stem 'config.json.c'.
     Trying implicit prerequisite 'user_proj_example/RCS/config.json.c,v'.
     Trying pattern rule with stem 'config.json.c'.
     Trying implicit prerequisite 'user_proj_example/RCS/config.json.c'.
     Trying pattern rule with stem 'config.json.c'.
     Trying implicit prerequisite 'user_proj_example/s.config.json.c'.
     Trying pattern rule with stem 'config.json.c'.
     Trying implicit prerequisite 'user_proj_example/SCCS/s.config.json.c'.
     Trying pattern rule with stem 'config.json'.
     Trying implicit prerequisite 'user_proj_example/config.json.y'.
     Looking for a rule with intermediate file 'user_proj_example/config.json.y'.
      Avoiding implicit rule recursion.
      Avoiding implicit rule recursion.
      Avoiding implicit rule recursion.
      Trying pattern rule with stem 'config.json.y'.
      Trying implicit prerequisite 'user_proj_example/config.json.y,v'.
      Trying pattern rule with stem 'config.json.y'.
      Trying implicit prerequisite 'user_proj_example/RCS/config.json.y,v'.
      Trying pattern rule with stem 'config.json.y'.
      Trying implicit prerequisite 'user_proj_example/RCS/config.json.y'.
      Trying pattern rule with stem 'config.json.y'.
      Trying implicit prerequisite 'user_proj_example/s.config.json.y'.
      Trying pattern rule with stem 'config.json.y'.
      Trying implicit prerequisite 'user_proj_example/SCCS/s.config.json.y'.
     Trying pattern rule with stem 'config.json'.
     Trying implicit prerequisite 'user_proj_example/config.json.l'.
     Looking for a rule with intermediate file 'user_proj_example/config.json.l'.
      Avoiding implicit rule recursion.
      Avoiding implicit rule recursion.
      Avoiding implicit rule recursion.
      Trying pattern rule with stem 'config.json.l'.
      Trying implicit prerequisite 'user_proj_example/config.json.l,v'.
      Trying pattern rule with stem 'config.json.l'.
      Trying implicit prerequisite 'user_proj_example/RCS/config.json.l,v'.
      Trying pattern rule with stem 'config.json.l'.
      Trying implicit prerequisite 'user_proj_example/RCS/config.json.l'.
      Trying pattern rule with stem 'config.json.l'.
      Trying implicit prerequisite 'user_proj_example/s.config.json.l'.
      Trying pattern rule with stem 'config.json.l'.
      Trying implicit prerequisite 'user_proj_example/SCCS/s.config.json.l'.
     Trying pattern rule with stem 'config.json'.
     Trying implicit prerequisite 'user_proj_example/config.json.w'.
     Looking for a rule with intermediate file 'user_proj_example/config.json.w'.
      Avoiding implicit rule recursion.
      Avoiding implicit rule recursion.
      Avoiding implicit rule recursion.
      Trying pattern rule with stem 'config.json.w'.
      Trying implicit prerequisite 'user_proj_example/config.json.w,v'.
      Trying pattern rule with stem 'config.json.w'.
      Trying implicit prerequisite 'user_proj_example/RCS/config.json.w,v'.
      Trying pattern rule with stem 'config.json.w'.
      Trying implicit prerequisite 'user_proj_example/RCS/config.json.w'.
      Trying pattern rule with stem 'config.json.w'.
      Trying implicit prerequisite 'user_proj_example/s.config.json.w'.
      Trying pattern rule with stem 'config.json.w'.
      Trying implicit prerequisite 'user_proj_example/SCCS/s.config.json.w'.
     Trying pattern rule with stem 'config.json'.
     Rejecting impossible implicit prerequisite 'user_proj_example/config.json.w'.
    Trying pattern rule with stem 'config.json'.
    Trying implicit prerequisite 'user_proj_example/config.json.cc'.
    Looking for a rule with intermediate file 'user_proj_example/config.json.cc'.
     Avoiding implicit rule recursion.
     Avoiding implicit rule recursion.
     Trying pattern rule with stem 'config.json.cc'.
     Trying implicit prerequisite 'user_proj_example/config.json.cc,v'.
     Trying pattern rule with stem 'config.json.cc'.
     Trying implicit prerequisite 'user_proj_example/RCS/config.json.cc,v'.
     Trying pattern rule with stem 'config.json.cc'.
     Trying implicit prerequisite 'user_proj_example/RCS/config.json.cc'.
     Trying pattern rule with stem 'config.json.cc'.
     Trying implicit prerequisite 'user_proj_example/s.config.json.cc'.
     Trying pattern rule with stem 'config.json.cc'.
     Trying implicit prerequisite 'user_proj_example/SCCS/s.config.json.cc'.
    Trying pattern rule with stem 'config.json'.
    Trying implicit prerequisite 'user_proj_example/config.json.C'.
    Looking for a rule with intermediate file 'user_proj_example/config.json.C'.
     Avoiding implicit rule recursion.
     Avoiding implicit rule recursion.
     Trying pattern rule with stem 'config.json.C'.
     Trying implicit prerequisite 'user_proj_example/config.json.C,v'.
     Trying pattern rule with stem 'config.json.C'.
     Trying implicit prerequisite 'user_proj_example/RCS/config.json.C,v'.
     Trying pattern rule with stem 'config.json.C'.
     Trying implicit prerequisite 'user_proj_example/RCS/config.json.C'.
     Trying pattern rule with stem 'config.json.C'.
     Trying implicit prerequisite 'user_proj_example/s.config.json.C'.
     Trying pattern rule with stem 'config.json.C'.
     Trying implicit prerequisite 'user_proj_example/SCCS/s.config.json.C'.
    Trying pattern rule with stem 'config.json'.
    Trying implicit prerequisite 'user_proj_example/config.json.cpp'.
    Looking for a rule with intermediate file 'user_proj_example/config.json.cpp'.
     Avoiding implicit rule recursion.
     Avoiding implicit rule recursion.
     Trying pattern rule with stem 'config.json.cpp'.
     Trying implicit prerequisite 'user_proj_example/config.json.cpp,v'.
     Trying pattern rule with stem 'config.json.cpp'.
     Trying implicit prerequisite 'user_proj_example/RCS/config.json.cpp,v'.
     Trying pattern rule with stem 'config.json.cpp'.
     Trying implicit prerequisite 'user_proj_example/RCS/config.json.cpp'.
     Trying pattern rule with stem 'config.json.cpp'.
     Trying implicit prerequisite 'user_proj_example/s.config.json.cpp'.
     Trying pattern rule with stem 'config.json.cpp'.
     Trying implicit prerequisite 'user_proj_example/SCCS/s.config.json.cpp'.
    Trying pattern rule with stem 'config.json'.
    Trying implicit prerequisite 'user_proj_example/config.json.p'.
    Looking for a rule with intermediate file 'user_proj_example/config.json.p'.
     Avoiding implicit rule recursion.
     Avoiding implicit rule recursion.
     Trying pattern rule with stem 'config.json'.
     Trying implicit prerequisite 'user_proj_example/config.json.web'.
     Trying pattern rule with stem 'config.json.p'.
     Trying implicit prerequisite 'user_proj_example/config.json.p,v'.
     Trying pattern rule with stem 'config.json.p'.
     Trying implicit prerequisite 'user_proj_example/RCS/config.json.p,v'.
     Trying pattern rule with stem 'config.json.p'.
     Trying implicit prerequisite 'user_proj_example/RCS/config.json.p'.
     Trying pattern rule with stem 'config.json.p'.
     Trying implicit prerequisite 'user_proj_example/s.config.json.p'.
     Trying pattern rule with stem 'config.json.p'.
     Trying implicit prerequisite 'user_proj_example/SCCS/s.config.json.p'.
     Trying pattern rule with stem 'config.json'.
     Trying implicit prerequisite 'user_proj_example/config.json.web'.
     Looking for a rule with intermediate file 'user_proj_example/config.json.web'.
      Avoiding implicit rule recursion.
      Avoiding implicit rule recursion.
      Avoiding implicit rule recursion.
      Trying pattern rule with stem 'config.json.web'.
      Trying implicit prerequisite 'user_proj_example/config.json.web,v'.
      Trying pattern rule with stem 'config.json.web'.
      Trying implicit prerequisite 'user_proj_example/RCS/config.json.web,v'.
      Trying pattern rule with stem 'config.json.web'.
      Trying implicit prerequisite 'user_proj_example/RCS/config.json.web'.
      Trying pattern rule with stem 'config.json.web'.
      Trying implicit prerequisite 'user_proj_example/s.config.json.web'.
      Trying pattern rule with stem 'config.json.web'.
      Trying implicit prerequisite 'user_proj_example/SCCS/s.config.json.web'.
    Trying pattern rule with stem 'config.json'.
    Trying implicit prerequisite 'user_proj_example/config.json.f'.
    Looking for a rule with intermediate file 'user_proj_example/config.json.f'.
     Avoiding implicit rule recursion.
     Avoiding implicit rule recursion.
     Trying pattern rule with stem 'config.json'.
     Trying implicit prerequisite 'user_proj_example/config.json.F'.
     Trying pattern rule with stem 'config.json'.
     Trying implicit prerequisite 'user_proj_example/config.json.r'.
     Trying pattern rule with stem 'config.json.f'.
     Trying implicit prerequisite 'user_proj_example/config.json.f,v'.
     Trying pattern rule with stem 'config.json.f'.
     Trying implicit prerequisite 'user_proj_example/RCS/config.json.f,v'.
     Trying pattern rule with stem 'config.json.f'.
     Trying implicit prerequisite 'user_proj_example/RCS/config.json.f'.
     Trying pattern rule with stem 'config.json.f'.
     Trying implicit prerequisite 'user_proj_example/s.config.json.f'.
     Trying pattern rule with stem 'config.json.f'.
     Trying implicit prerequisite 'user_proj_example/SCCS/s.config.json.f'.
     Trying pattern rule with stem 'config.json'.
     Trying implicit prerequisite 'user_proj_example/config.json.F'.
     Looking for a rule with intermediate file 'user_proj_example/config.json.F'.
      Avoiding implicit rule recursion.
      Avoiding implicit rule recursion.
      Avoiding implicit rule recursion.
      Trying pattern rule with stem 'config.json.F'.
      Trying implicit prerequisite 'user_proj_example/config.json.F,v'.
      Trying pattern rule with stem 'config.json.F'.
      Trying implicit prerequisite 'user_proj_example/RCS/config.json.F,v'.
      Trying pattern rule with stem 'config.json.F'.
      Trying implicit prerequisite 'user_proj_example/RCS/config.json.F'.
      Trying pattern rule with stem 'config.json.F'.
      Trying implicit prerequisite 'user_proj_example/s.config.json.F'.
      Trying pattern rule with stem 'config.json.F'.
      Trying implicit prerequisite 'user_proj_example/SCCS/s.config.json.F'.
     Trying pattern rule with stem 'config.json'.
     Trying implicit prerequisite 'user_proj_example/config.json.r'.
     Looking for a rule with intermediate file 'user_proj_example/config.json.r'.
      Avoiding implicit rule recursion.
      Avoiding implicit rule recursion.
      Avoiding implicit rule recursion.
      Trying pattern rule with stem 'config.json'.
      Rejecting impossible implicit prerequisite 'user_proj_example/config.json.l'.
      Trying pattern rule with stem 'config.json.r'.
      Trying implicit prerequisite 'user_proj_example/config.json.r,v'.
      Trying pattern rule with stem 'config.json.r'.
      Trying implicit prerequisite 'user_proj_example/RCS/config.json.r,v'.
      Trying pattern rule with stem 'config.json.r'.
      Trying implicit prerequisite 'user_proj_example/RCS/config.json.r'.
      Trying pattern rule with stem 'config.json.r'.
      Trying implicit prerequisite 'user_proj_example/s.config.json.r'.
      Trying pattern rule with stem 'config.json.r'.
      Trying implicit prerequisite 'user_proj_example/SCCS/s.config.json.r'.
    Trying pattern rule with stem 'config.json'.
    Rejecting impossible implicit prerequisite 'user_proj_example/config.json.F'.
    Trying pattern rule with stem 'config.json'.
    Trying implicit prerequisite 'user_proj_example/config.json.m'.
    Looking for a rule with intermediate file 'user_proj_example/config.json.m'.
     Avoiding implicit rule recursion.
     Avoiding implicit rule recursion.
     Trying pattern rule with stem 'config.json'.
     Trying implicit prerequisite 'user_proj_example/config.json.ym'.
     Trying pattern rule with stem 'config.json.m'.
     Trying implicit prerequisite 'user_proj_example/config.json.m,v'.
     Trying pattern rule with stem 'config.json.m'.
     Trying implicit prerequisite 'user_proj_example/RCS/config.json.m,v'.
     Trying pattern rule with stem 'config.json.m'.
     Trying implicit prerequisite 'user_proj_example/RCS/config.json.m'.
     Trying pattern rule with stem 'config.json.m'.
     Trying implicit prerequisite 'user_proj_example/s.config.json.m'.
     Trying pattern rule with stem 'config.json.m'.
     Trying implicit prerequisite 'user_proj_example/SCCS/s.config.json.m'.
     Trying pattern rule with stem 'config.json'.
     Trying implicit prerequisite 'user_proj_example/config.json.ym'.
     Looking for a rule with intermediate file 'user_proj_example/config.json.ym'.
      Avoiding implicit rule recursion.
      Avoiding implicit rule recursion.
      Avoiding implicit rule recursion.
      Trying pattern rule with stem 'config.json.ym'.
      Trying implicit prerequisite 'user_proj_example/config.json.ym,v'.
      Trying pattern rule with stem 'config.json.ym'.
      Trying implicit prerequisite 'user_proj_example/RCS/config.json.ym,v'.
      Trying pattern rule with stem 'config.json.ym'.
      Trying implicit prerequisite 'user_proj_example/RCS/config.json.ym'.
      Trying pattern rule with stem 'config.json.ym'.
      Trying implicit prerequisite 'user_proj_example/s.config.json.ym'.
      Trying pattern rule with stem 'config.json.ym'.
      Trying implicit prerequisite 'user_proj_example/SCCS/s.config.json.ym'.
    Trying pattern rule with stem 'config.json'.
    Rejecting impossible implicit prerequisite 'user_proj_example/config.json.r'.
    Trying pattern rule with stem 'config.json'.
    Trying implicit prerequisite 'user_proj_example/config.json.s'.
    Looking for a rule with intermediate file 'user_proj_example/config.json.s'.
     Avoiding implicit rule recursion.
     Avoiding implicit rule recursion.
     Trying pattern rule with stem 'config.json'.
     Trying implicit prerequisite 'user_proj_example/config.json.S'.
     Trying pattern rule with stem 'config.json.s'.
     Trying implicit prerequisite 'user_proj_example/config.json.s,v'.
     Trying pattern rule with stem 'config.json.s'.
     Trying implicit prerequisite 'user_proj_example/RCS/config.json.s,v'.
     Trying pattern rule with stem 'config.json.s'.
     Trying implicit prerequisite 'user_proj_example/RCS/config.json.s'.
     Trying pattern rule with stem 'config.json.s'.
     Trying implicit prerequisite 'user_proj_example/s.config.json.s'.
     Trying pattern rule with stem 'config.json.s'.
     Trying implicit prerequisite 'user_proj_example/SCCS/s.config.json.s'.
     Trying pattern rule with stem 'config.json'.
     Trying implicit prerequisite 'user_proj_example/config.json.S'.
     Looking for a rule with intermediate file 'user_proj_example/config.json.S'.
      Avoiding implicit rule recursion.
      Avoiding implicit rule recursion.
      Avoiding implicit rule recursion.
      Trying pattern rule with stem 'config.json.S'.
      Trying implicit prerequisite 'user_proj_example/config.json.S,v'.
      Trying pattern rule with stem 'config.json.S'.
      Trying implicit prerequisite 'user_proj_example/RCS/config.json.S,v'.
      Trying pattern rule with stem 'config.json.S'.
      Trying implicit prerequisite 'user_proj_example/RCS/config.json.S'.
      Trying pattern rule with stem 'config.json.S'.
      Trying implicit prerequisite 'user_proj_example/s.config.json.S'.
      Trying pattern rule with stem 'config.json.S'.
      Trying implicit prerequisite 'user_proj_example/SCCS/s.config.json.S'.
    Trying pattern rule with stem 'config.json'.
    Rejecting impossible implicit prerequisite 'user_proj_example/config.json.S'.
    Trying pattern rule with stem 'config.json'.
    Trying implicit prerequisite 'user_proj_example/config.json.mod'.
    Looking for a rule with intermediate file 'user_proj_example/config.json.mod'.
     Avoiding implicit rule recursion.
     Avoiding implicit rule recursion.
     Trying pattern rule with stem 'config.json.mod'.
     Trying implicit prerequisite 'user_proj_example/config.json.mod,v'.
     Trying pattern rule with stem 'config.json.mod'.
     Trying implicit prerequisite 'user_proj_example/RCS/config.json.mod,v'.
     Trying pattern rule with stem 'config.json.mod'.
     Trying implicit prerequisite 'user_proj_example/RCS/config.json.mod'.
     Trying pattern rule with stem 'config.json.mod'.
     Trying implicit prerequisite 'user_proj_example/s.config.json.mod'.
     Trying pattern rule with stem 'config.json.mod'.
     Trying implicit prerequisite 'user_proj_example/SCCS/s.config.json.mod'.
   Trying pattern rule with stem 'config.json'.
   Rejecting impossible implicit prerequisite 'user_proj_example/config.json.c'.
   Trying pattern rule with stem 'config.json'.
   Rejecting impossible implicit prerequisite 'user_proj_example/config.json.cc'.
   Trying pattern rule with stem 'config.json'.
   Rejecting impossible implicit prerequisite 'user_proj_example/config.json.C'.
   Trying pattern rule with stem 'config.json'.
   Rejecting impossible implicit prerequisite 'user_proj_example/config.json.cpp'.
   Trying pattern rule with stem 'config.json'.
   Rejecting impossible implicit prerequisite 'user_proj_example/config.json.p'.
   Trying pattern rule with stem 'config.json'.
   Rejecting impossible implicit prerequisite 'user_proj_example/config.json.f'.
   Trying pattern rule with stem 'config.json'.
   Rejecting impossible implicit prerequisite 'user_proj_example/config.json.F'.
   Trying pattern rule with stem 'config.json'.
   Rejecting impossible implicit prerequisite 'user_proj_example/config.json.m'.
   Trying pattern rule with stem 'config.json'.
   Rejecting impossible implicit prerequisite 'user_proj_example/config.json.r'.
   Trying pattern rule with stem 'config.json'.
   Rejecting impossible implicit prerequisite 'user_proj_example/config.json.s'.
   Trying pattern rule with stem 'config.json'.
   Rejecting impossible implicit prerequisite 'user_proj_example/config.json.S'.
   Trying pattern rule with stem 'config.json'.
   Rejecting impossible implicit prerequisite 'user_proj_example/config.json.mod'.
   Trying pattern rule with stem 'config.json'.
   Trying implicit prerequisite 'user_proj_example/config.json.sh'.
   Looking for a rule with intermediate file 'user_proj_example/config.json.sh'.
    Avoiding implicit rule recursion.
    Trying pattern rule with stem 'config.json.sh'.
    Trying implicit prerequisite 'user_proj_example/config.json.sh,v'.
    Trying pattern rule with stem 'config.json.sh'.
    Trying implicit prerequisite 'user_proj_example/RCS/config.json.sh,v'.
    Trying pattern rule with stem 'config.json.sh'.
    Trying implicit prerequisite 'user_proj_example/RCS/config.json.sh'.
    Trying pattern rule with stem 'config.json.sh'.
    Trying implicit prerequisite 'user_proj_example/s.config.json.sh'.
    Trying pattern rule with stem 'config.json.sh'.
    Trying implicit prerequisite 'user_proj_example/SCCS/s.config.json.sh'.
   No implicit rule found for 'user_proj_example/config.json'.
   Finished prerequisites of target file 'user_proj_example/config.json'.
  No need to remake target 'user_proj_example/config.json'.
 Finished prerequisites of target file 'user_proj_example'.
Must remake target 'user_proj_example'.
# user_proj_example
Putting child 0x561912e4ed70 (user_proj_example) PID 1466778 on the chain.
Live child 0x561912e4ed70 (user_proj_example) PID 1466778 
Reaping winning child 0x561912e4ed70 PID 1466778 
mkdir -p ./user_proj_example/runs/23_09_17_11_05 
Live child 0x561912e4ed70 (user_proj_example) PID 1466779 
Reaping winning child 0x561912e4ed70 PID 1466779 
rm -rf ./user_proj_example/runs/user_proj_example
Live child 0x561912e4ed70 (user_proj_example) PID 1466780 
Reaping winning child 0x561912e4ed70 PID 1466780 
ln -s $(realpath ./user_proj_example/runs/23_09_17_11_05) ./user_proj_example/runs/user_proj_example
Live child 0x561912e4ed70 (user_proj_example) PID 1466781 
Reaping winning child 0x561912e4ed70 PID 1466781 
docker run -it -v $(realpath /SSD1T/debug/fsic_0913debug_fsic_onefile/caravel_user_project/..):$(realpath /SSD1T/debug/fsic_0913debug_fsic_onefile/caravel_user_project/..) -v /SSD1T/debug/fsic_0913debug_fsic_onefile/caravel_user_project/dependencies/pdks:/SSD1T/debug/fsic_0913debug_fsic_onefile/caravel_user_project/dependencies/pdks -v /SSD1T/debug/fsic_0913debug_fsic_onefile/caravel_user_project/caravel:/SSD1T/debug/fsic_0913debug_fsic_onefile/caravel_user_project/caravel -v /SSD1T/debug/fsic_0913debug_fsic_onefile/caravel_user_project/dependencies/openlane_src:/openlane -v /SSD1T/debug/fsic_0913debug_fsic_onefile/caravel_user_project/mgmt_core_wrapper:/SSD1T/debug/fsic_0913debug_fsic_onefile/caravel_user_project/mgmt_core_wrapper -e PDK_ROOT=/SSD1T/debug/fsic_0913debug_fsic_onefile/caravel_user_project/dependencies/pdks -e PDK=sky130A -e MISMATCHES_OK=1 -e CARAVEL_ROOT=/SSD1T/debug/fsic_0913debug_fsic_onefile/caravel_user_project/caravel -e OPENLANE_RUN_TAG=23_09_17_11_05 -e MCW_ROOT=/SSD1T/debug/fsic_0913debug_fsic_onefile/caravel_user_project/mgmt_core_wrapper -u 1000:1000 \
	efabless/openlane:2022.11.19 sh -c "flow.tcl -design $(realpath ./user_proj_example) -save_path $(realpath ..) -save -tag 23_09_17_11_05 -overwrite -ignore_mismatches"
Live child 0x561912e4ed70 (user_proj_example) PID 1466783 
OpenLane cb59d1f84deb5cedbb5b0a3e3f3b4129a967c988
All rights reserved. (c) 2020-2022 Efabless Corporation and contributors.
Available under the Apache License, version 2.0. See the LICENSE file for more details.

[33m[WARNING]: OpenLane may not function properly: The version of open_pdks used in building the PDK does not match the version OpenLane was tested on (installed: 0059588eebfc704681dc2368bd1d33d96281d10f, tested: 3af133706e554a740cfe60f21e773d9eaa41838c)
This may introduce some issues. You may want to re-install the PDK by invoking `make pdk`.[39m
[36m[INFO]: Using configuration in '../SSD1T/debug/fsic_0913debug_fsic_onefile/caravel_user_project/openlane/user_proj_example/config.json'...[39m
[36m[INFO]: PDK Root: /SSD1T/debug/fsic_0913debug_fsic_onefile/caravel_user_project/dependencies/pdks[39m
[36m[INFO]: Process Design Kit: sky130A[39m
[36m[INFO]: Standard Cell Library: sky130_fd_sc_hd[39m
[36m[INFO]: Optimization Standard Cell Library: sky130_fd_sc_hd[39m
[36m[INFO]: Run Directory: /SSD1T/debug/fsic_0913debug_fsic_onefile/caravel_user_project/openlane/user_proj_example/runs/23_09_17_11_05[39m
[36m[INFO]: Preparing LEF files for the nom corner...[39m
[36m[INFO]: Preparing LEF files for the min corner...[39m
[36m[INFO]: Preparing LEF files for the max corner...[39m
[STEP 1]
[36m[INFO]: Running Synthesis (log: ../SSD1T/debug/fsic_0913debug_fsic_onefile/caravel_user_project/openlane/user_proj_example/runs/23_09_17_11_05/logs/synthesis/1-synthesis.log)...[39m
[31m[ERROR]: during executing yosys script /openlane/scripts/yosys/synth.tcl[39m
[31m[ERROR]: Log: ../SSD1T/debug/fsic_0913debug_fsic_onefile/caravel_user_project/openlane/user_proj_example/runs/23_09_17_11_05/logs/synthesis/1-synthesis.log[39m
[31m[ERROR]: Last 10 lines:
Used module:     \FSIC
Used module:         \FSIC_CLKRST
Used module:         \AXIS_SW
Used module:         \AXIL_AXIS
Used module:         \CFG_CTRL
Parameter \BITS = 32

4.2. Executing AST frontend in derive mode using pre-parsed AST for module `\FSIC'.
ERROR: Module `\MPRJ_IO' referenced in module `\FSIC' in cell `\U_MPRJ_IO0' is not part of the design.
child process exited abnormally
[39m
[31m[ERROR]: Creating issue reproducible...[39m
[36m[INFO]: Saving runtime environment...[39m
OpenLane TCL Issue Packager

EFABLESS CORPORATION AND ALL AUTHORS OF THE OPENLANE PROJECT SHALL NOT BE HELD
LIABLE FOR ANY LEAKS THAT MAY OCCUR TO ANY PROPRIETARY DATA AS A RESULT OF USING
THIS SCRIPT. THIS SCRIPT IS PROVIDED ON AN "AS IS" BASIS, WITHOUT WARRANTIES OR
CONDITIONS OF ANY KIND.

BY USING THIS SCRIPT, YOU ACKNOWLEDGE THAT YOU FULLY UNDERSTAND THIS DISCLAIMER
AND ALL IT ENTAILS.

Parsing config file(s)…
Setting up /SSD1T/debug/fsic_0913debug_fsic_onefile/caravel_user_project/openlane/user_proj_example/runs/23_09_17_11_05/issue_reproducible…
Done.
[36m[INFO]: Reproducible packaged: Please tarball and upload '../SSD1T/debug/fsic_0913debug_fsic_onefile/caravel_user_project/openlane/user_proj_example/runs/23_09_17_11_05/issue_reproducible' if you're going to submit an issue.[39m
[36m[INFO]: Saving current set of views in '../SSD1T/debug/fsic_0913debug_fsic_onefile/caravel_user_project/openlane/user_proj_example/runs/23_09_17_11_05/results/final'...[39m
[36m[INFO]: Generating final set of reports...[39m
[36m[INFO]: Created manufacturability report at '../SSD1T/debug/fsic_0913debug_fsic_onefile/caravel_user_project/openlane/user_proj_example/runs/23_09_17_11_05/reports/manufacturability.rpt'.[39m
[36m[INFO]: Created metrics report at '../SSD1T/debug/fsic_0913debug_fsic_onefile/caravel_user_project/openlane/user_proj_example/runs/23_09_17_11_05/reports/metrics.csv'.[39m
[36m[INFO]: Saving runtime environment...[39m
[31m[ERROR]: Flow failed.[39m
Reaping losing child 0x561912e4ed70 PID 1466783 
make[1]: *** [Makefile:73: user_proj_example] Error 255
Removing child 0x561912e4ed70 PID 1466783 from chain.
make[1]: Leaving directory '/SSD1T/debug/fsic_0913debug_fsic_onefile/caravel_user_project/openlane'
Reaping losing child 0x55fdab74c110 PID 1466766 
make: *** [Makefile:107: user_proj_example] Error 2
Removing child 0x55fdab74c110 PID 1466766 from chain.
+ exit 1
