nohup: ignoring input
+ export MF=/home/tonyho/workspace/fsic/hdebug/caravel-lab/bash_auto/debug
+ MF=/home/tonyho/workspace/fsic/hdebug/caravel-lab/bash_auto/debug
+ export PRECHECK_ROOT=/home/tonyho/workspace/fsic/hdebug/caravel-lab/bash_auto/debug/mpw_precheck
+ PRECHECK_ROOT=/home/tonyho/workspace/fsic/hdebug/caravel-lab/bash_auto/debug/mpw_precheck
+ export LF=/home/tonyho/workspace/fsic/hdebug/caravel-lab/bash_auto/debug/log
+ LF=/home/tonyho/workspace/fsic/hdebug/caravel-lab/bash_auto/debug/log
+ export CLF=/home/tonyho/workspace/fsic/hdebug/caravel-lab/bash_auto/debug/caravel-lab
+ CLF=/home/tonyho/workspace/fsic/hdebug/caravel-lab/bash_auto/debug/caravel-lab
+ export CUPF=/home/tonyho/workspace/fsic/hdebug/caravel-lab/bash_auto/debug/caravel_user_project
+ CUPF=/home/tonyho/workspace/fsic/hdebug/caravel-lab/bash_auto/debug/caravel_user_project
+ '[' '!' -d /home/tonyho/workspace/fsic/hdebug/caravel-lab/bash_auto/debug ']'
+ cd /home/tonyho/workspace/fsic/hdebug/caravel-lab/bash_auto/debug
+ '[' '!' -d /home/tonyho/workspace/fsic/hdebug/caravel-lab/bash_auto/debug/log ']'
+ '[' -d /home/tonyho/workspace/fsic/hdebug/caravel-lab/bash_auto/debug/caravel-lab ']'
+ echo '/home/tonyho/workspace/fsic/hdebug/caravel-lab/bash_auto/debug/caravel-lab exist, remove it'
/home/tonyho/workspace/fsic/hdebug/caravel-lab/bash_auto/debug/caravel-lab exist, remove it
+ rm -rf /home/tonyho/workspace/fsic/hdebug/caravel-lab/bash_auto/debug/caravel-lab
+ '[' '!' -d /home/tonyho/workspace/fsic/hdebug/caravel-lab/bash_auto/debug/caravel-lab ']'
+ echo '/home/tonyho/workspace/fsic/hdebug/caravel-lab/bash_auto/debug/caravel-lab not exist, git clone it'
/home/tonyho/workspace/fsic/hdebug/caravel-lab/bash_auto/debug/caravel-lab not exist, git clone it
+ git clone -b 1003_merge_verify_rtl_hls05_repo https://github.com/HurryLin/caravel-lab
Cloning into 'caravel-lab'...
+ '[' '!' -d /home/tonyho/workspace/fsic/hdebug/caravel-lab/bash_auto/debug/caravel_user_project ']'
+ cd /home/tonyho/workspace/fsic/hdebug/caravel-lab/bash_auto/debug/caravel-lab
+ git log -1
+ tee /home/tonyho/workspace/fsic/hdebug/caravel-lab/bash_auto/debug/log/mpw-8c-CLF-git-log.log
commit 807ed2099593126784ace9f23e69368d002b011e
Author: tonyho <TonyHo@via.com.tw>
Date:   Thu Oct 5 14:30:00 2023 +0800

    update fail log hls05/un_fsic.log - roll abck to sw_caravel.v.patch - exit after make user_proj_example
    - make user_proj_example error log detal in below
    
    [STEP 36]
    [INFO]: Running OpenROAD Antenna Rule Checker (log: ../home/tonyho/workspace/debug/1003_merge_verify_rtl_hls05_repo_3/caravel_user_project/openlane/user_proj_example/runs/23_10_05_14_10/logs/signoff/36-antenna.log)...
    [INFO]: Saving current set of views in '../home/tonyho/workspace/debug/1003_merge_verify_rtl_hls05_repo_3/caravel_user_project/openlane/user_proj_example/runs/23_10_05_14_10/results/final'...
    [INFO]: Saving current set of views in '../home/tonyho/workspace/debug/1003_merge_verify_rtl_hls05_repo_3/caravel_user_project'...
    [INFO]: Saving runtime environment...
    [INFO]: Generating final set of reports...
    [INFO]: Created manufacturability report at '../home/tonyho/workspace/debug/1003_merge_verify_rtl_hls05_repo_3/caravel_user_project/openlane/user_proj_example/runs/23_10_05_14_10/reports/manufacturability.rpt'.
    [INFO]: Created metrics report at '../home/tonyho/workspace/debug/1003_merge_verify_rtl_hls05_repo_3/caravel_user_project/openlane/user_proj_example/runs/23_10_05_14_10/reports/metrics.csv'.
    [WARNING]: There are max fanout violations in the design at the typical corner. Please refer to '../home/tonyho/workspace/debug/1003_merge_verify_rtl_hls05_repo_3/caravel_user_project/openlane/user_proj_example/runs/23_10_05_14_10/reports/signoff/26-rcx_sta.slew.rpt'.
    [ERROR]: There are hold violations in the design at the typical corner. Please refer to '../home/tonyho/workspace/debug/1003_merge_verify_rtl_hls05_repo_3/caravel_user_project/openlane/user_proj_example/runs/23_10_05_14_10/reports/signoff/26-rcx_sta.min.rpt'.
    [INFO]: Saving current set of views in '../home/tonyho/workspace/debug/1003_merge_verify_rtl_hls05_repo_3/caravel_user_project/openlane/user_proj_example/runs/23_10_05_14_10/results/final'...
    [INFO]: Generating final set of reports...
    [INFO]: Created manufacturability report at '../home/tonyho/workspace/debug/1003_merge_verify_rtl_hls05_repo_3/caravel_user_project/openlane/user_proj_example/runs/23_10_05_14_10/reports/manufacturability.rpt'.
    [INFO]: Created metrics report at '../home/tonyho/workspace/debug/1003_merge_verify_rtl_hls05_repo_3/caravel_user_project/openlane/user_proj_example/runs/23_10_05_14_10/reports/metrics.csv'.
    [INFO]: Saving runtime environment...
    [ERROR]: Flow failed.
+ cd /home/tonyho/workspace/fsic/hdebug/caravel-lab/bash_auto/debug/caravel_user_project
+ git log -1
+ tee /home/tonyho/workspace/fsic/hdebug/caravel-lab/bash_auto/debug/log/mpw-8c-CUPF-git-log.log
commit a4ecba90bd78c797ab3f4cee61586635d4a33ced
Author: tonyho <TonyHo@via.com.tw>
Date:   Sat Sep 9 11:52:23 2023 +0800

    roll back user_project_wrapper.v for auto_bash script - run for la_test1
+ '[' '!' -d '/home/tonyho/workspace/fsic/hdebug/caravel-lab/bash_auto/debug/caravel_user_project/dependencies]'
./run_fsic: line 52: [: missing `]'
++ pwd
+ export OPENLANE_ROOT=/home/tonyho/workspace/fsic/hdebug/caravel-lab/bash_auto/debug/caravel_user_project/dependencies/openlane_src
+ OPENLANE_ROOT=/home/tonyho/workspace/fsic/hdebug/caravel-lab/bash_auto/debug/caravel_user_project/dependencies/openlane_src
++ pwd
+ export PDK_ROOT=/home/tonyho/workspace/fsic/hdebug/caravel-lab/bash_auto/debug/caravel_user_project/dependencies/pdks
+ PDK_ROOT=/home/tonyho/workspace/fsic/hdebug/caravel-lab/bash_auto/debug/caravel_user_project/dependencies/pdks
+ export PDK=sky130A
+ PDK=sky130A
+ '[' '!' -d /home/tonyho/workspace/fsic/hdebug/caravel-lab/bash_auto/debug/caravel_user_project/caravel ']'
+ cp /home/tonyho/workspace/fsic/hdebug/caravel-lab/bash_auto/debug/caravel-lab/custom_design/fsic/user_proj_example/user_project_wrapper.v /home/tonyho/workspace/fsic/hdebug/caravel-lab/bash_auto/debug/caravel_user_project/verilog/rtl/user_project_wrapper.v
+ cp /home/tonyho/workspace/fsic/hdebug/caravel-lab/bash_auto/debug/caravel-lab/custom_design/fsic/user_proj_example/user_proj_example.v /home/tonyho/workspace/fsic/hdebug/caravel-lab/bash_auto/debug/caravel_user_project/verilog/rtl/user_proj_example.v
+ cp /home/tonyho/workspace/fsic/hdebug/caravel-lab/bash_auto/debug/caravel-lab/custom_design/fsic/user_proj_example/fsic.vo /home/tonyho/workspace/fsic/hdebug/caravel-lab/bash_auto/debug/caravel_user_project/verilog/rtl/fsic.vo
+ cp /home/tonyho/workspace/fsic/hdebug/caravel-lab/bash_auto/debug/caravel-lab/custom_design/fsic/user_proj_example/axil_axis.sv.patch /home/tonyho/workspace/fsic/hdebug/caravel-lab/bash_auto/debug/caravel_user_project/verilog/rtl/axil_axis.sv
+ cp /home/tonyho/workspace/fsic/hdebug/caravel-lab/bash_auto/debug/caravel-lab/custom_design/fsic/user_proj_example/sw_caravel.v /home/tonyho/workspace/fsic/hdebug/caravel-lab/bash_auto/debug/caravel_user_project/verilog/rtl/sw_caravel.v
+ cp /home/tonyho/workspace/fsic/hdebug/caravel-lab/bash_auto/debug/caravel-lab/custom_design/fsic/user_proj_example/config_ctrl.v /home/tonyho/workspace/fsic/hdebug/caravel-lab/bash_auto/debug/caravel_user_project/verilog/rtl/config_ctrl.v
+ cp /home/tonyho/workspace/fsic/hdebug/caravel-lab/bash_auto/debug/caravel-lab/custom_design/fsic/user_proj_example/fsic_clkrst.v /home/tonyho/workspace/fsic/hdebug/caravel-lab/bash_auto/debug/caravel_user_project/verilog/rtl/fsic_clkrst.v
+ cp /home/tonyho/workspace/fsic/hdebug/caravel-lab/bash_auto/debug/caravel-lab/custom_design/fsic/user_proj_example/io_serdes.v /home/tonyho/workspace/fsic/hdebug/caravel-lab/bash_auto/debug/caravel_user_project/verilog/rtl/io_serdes.v
+ cp /home/tonyho/workspace/fsic/hdebug/caravel-lab/bash_auto/debug/caravel-lab/custom_design/fsic/user_proj_example/fsic_coreclk_phase_cnt.v /home/tonyho/workspace/fsic/hdebug/caravel-lab/bash_auto/debug/caravel_user_project/verilog/rtl/fsic_coreclk_phase_cnt.v
+ cp /home/tonyho/workspace/fsic/hdebug/caravel-lab/bash_auto/debug/caravel-lab/custom_design/fsic/user_proj_example/fsic_io_serdes_rx.v /home/tonyho/workspace/fsic/hdebug/caravel-lab/bash_auto/debug/caravel_user_project/verilog/rtl/fsic_io_serdes_rx.v
+ cp /home/tonyho/workspace/fsic/hdebug/caravel-lab/bash_auto/debug/caravel-lab/custom_design/fsic/user_proj_example/mprj_io.sv /home/tonyho/workspace/fsic/hdebug/caravel-lab/bash_auto/debug/caravel_user_project/verilog/rtl/mprj_io.sv
+ cp /home/tonyho/workspace/fsic/hdebug/caravel-lab/bash_auto/debug/caravel-lab/custom_design/fsic/user_proj_example/user_subsys.all.v /home/tonyho/workspace/fsic/hdebug/caravel-lab/bash_auto/debug/caravel_user_project/verilog/rtl/user_subsys.all.v
+ cp /home/tonyho/workspace/fsic/hdebug/caravel-lab/bash_auto/debug/caravel-lab/custom_design/fsic/user_proj_example/logic_anlz.dummy_io.vd /home/tonyho/workspace/fsic/hdebug/caravel-lab/bash_auto/debug/caravel_user_project/verilog/rtl/logic_anlz.dummy_io.vd
+ '[' '!' -d /home/tonyho/workspace/fsic/hdebug/caravel-lab/bash_auto/debug/caravel_user_project/verilog/dv/system_test111 ']'
+ cp /home/tonyho/workspace/fsic/hdebug/caravel-lab/bash_auto/debug/caravel-lab/custom_design/fsic/verify-system_test111-rtl/Makefile /home/tonyho/workspace/fsic/hdebug/caravel-lab/bash_auto/debug/caravel_user_project/verilog/dv/system_test111/Makefile
+ cp /home/tonyho/workspace/fsic/hdebug/caravel-lab/bash_auto/debug/caravel-lab/custom_design/fsic/verify-system_test111-rtl/system_test111.c /home/tonyho/workspace/fsic/hdebug/caravel-lab/bash_auto/debug/caravel_user_project/verilog/dv/system_test111/system_test111.c
+ cp /home/tonyho/workspace/fsic/hdebug/caravel-lab/bash_auto/debug/caravel-lab/custom_design/fsic/verify-system_test111-rtl/system_test111_tb.v.patch /home/tonyho/workspace/fsic/hdebug/caravel-lab/bash_auto/debug/caravel_user_project/verilog/dv/system_test111/system_test111_tb.v
+ cp /home/tonyho/workspace/fsic/hdebug/caravel-lab/bash_auto/debug/caravel-lab/custom_design/fsic/verify-system_test111-rtl/bench_ini.svh /home/tonyho/workspace/fsic/hdebug/caravel-lab/bash_auto/debug/caravel_user_project/verilog/dv/system_test111/bench_ini.svh
+ cp /home/tonyho/workspace/fsic/hdebug/caravel-lab/bash_auto/debug/caravel-lab/custom_design/fsic/verify-system_test111-rtl/bench_vec.svh /home/tonyho/workspace/fsic/hdebug/caravel-lab/bash_auto/debug/caravel_user_project/verilog/dv/system_test111/bench_vec.svh
+ cp /home/tonyho/workspace/fsic/hdebug/caravel-lab/bash_auto/debug/caravel-lab/custom_design/fsic/verify-system_test111-rtl/project_define.svh /home/tonyho/workspace/fsic/hdebug/caravel-lab/bash_auto/debug/caravel_user_project/verilog/dv/system_test111/project_define.svh
+ cp /home/tonyho/workspace/fsic/hdebug/caravel-lab/bash_auto/debug/caravel-lab/custom_design/fsic/verify-system_test111-rtl/cpu_trace.v /home/tonyho/workspace/fsic/hdebug/caravel-lab/bash_auto/debug/caravel_user_project/verilog/dv/system_test111/cpu_trace.v
+ cp /home/tonyho/workspace/fsic/hdebug/caravel-lab/bash_auto/debug/caravel-lab/custom_design/fsic/verify-system_test111-rtl/dasm.v /home/tonyho/workspace/fsic/hdebug/caravel-lab/bash_auto/debug/caravel_user_project/verilog/dv/system_test111/dasm.v
+ cp /home/tonyho/workspace/fsic/hdebug/caravel-lab/bash_auto/debug/caravel-lab/custom_design/fsic/verify-system_test111-rtl/fpga.v /home/tonyho/workspace/fsic/hdebug/caravel-lab/bash_auto/debug/caravel_user_project/verilog/dv/system_test111/fpga.v
+ cp /home/tonyho/workspace/fsic/hdebug/caravel-lab/bash_auto/debug/caravel-lab/custom_design/fsic/verify-system_test111-rtl/fsic_clock.v /home/tonyho/workspace/fsic/hdebug/caravel-lab/bash_auto/debug/caravel_user_project/verilog/dv/system_test111/fsic_clock.v
+ cp /home/tonyho/workspace/fsic/hdebug/caravel-lab/bash_auto/debug/caravel-lab/custom_design/fsic/user_proj_example/fsic_coreclk_phase_cnt.v /home/tonyho/workspace/fsic/hdebug/caravel-lab/bash_auto/debug/caravel_user_project/verilog/dv/system_test111/fsic_coreclk_phase_cnt.v
+ cp /home/tonyho/workspace/fsic/hdebug/caravel-lab/bash_auto/debug/caravel-lab/custom_design/fsic/user_proj_example/fsic_io_serdes_rx.v /home/tonyho/workspace/fsic/hdebug/caravel-lab/bash_auto/debug/caravel_user_project/verilog/dv/system_test111/fsic_io_serdes_rx.v
+ cp /home/tonyho/workspace/fsic/hdebug/caravel-lab/bash_auto/debug/caravel-lab/custom_design/fsic/user_proj_example/io_serdes.v /home/tonyho/workspace/fsic/hdebug/caravel-lab/bash_auto/debug/caravel_user_project/verilog/dv/system_test111/io_serdes.v
+ cp /home/tonyho/workspace/fsic/hdebug/caravel-lab/bash_auto/debug/caravel-lab/custom_design/fsic/user_proj_example/includes/includes.rtl.caravel_user_project /home/tonyho/workspace/fsic/hdebug/caravel-lab/bash_auto/debug/caravel_user_project/verilog/includes/includes.rtl.caravel_user_project
+ cp /home/tonyho/workspace/fsic/hdebug/caravel-lab/bash_auto/debug/caravel-lab/custom_design/fsic/user_proj_example/includes/includes.gl.caravel_user_project /home/tonyho/workspace/fsic/hdebug/caravel-lab/bash_auto/debug/caravel_user_project/verilog/includes/includes.gl.caravel_user_project
+ cp /home/tonyho/workspace/fsic/hdebug/caravel-lab/bash_auto/debug/caravel-lab/custom_design/fsic/user_proj_example/includes/includes.gl+sdf.caravel_user_project /home/tonyho/workspace/fsic/hdebug/caravel-lab/bash_auto/debug/caravel_user_project/verilog/includes/includes.gl+sdf.caravel_user_project
+ rm -f '/home/tonyho/workspace/fsic/hdebug/caravel-lab/bash_auto/debug/caravel_user_project/verilog/gl/*'
+ cp /home/tonyho/workspace/fsic/hdebug/caravel-lab/bash_auto/debug/caravel-lab/custom_design/fsic/verify-system_test111-rtl/sim.makefile /home/tonyho/workspace/fsic/hdebug/caravel-lab/bash_auto/debug/caravel_user_project/mgmt_core_wrapper/verilog/dv/make/sim.makefile
+ make -d simenv
+ tee /home/tonyho/workspace/fsic/hdebug/caravel-lab/bash_auto/debug/log/mpw-8c-simenv.log
GNU Make 4.2.1
Built for x86_64-pc-linux-gnu
Copyright (C) 1988-2016 Free Software Foundation, Inc.
License GPLv3+: GNU GPL version 3 or later <http://gnu.org/licenses/gpl.html>
This is free software: you are free to change and redistribute it.
There is NO WARRANTY, to the extent permitted by law.
Reading makefiles...
Reading makefile 'Makefile'...
Updating makefiles....
 Considering target file 'Makefile'.
  Looking for an implicit rule for 'Makefile'.
  Trying pattern rule with stem 'Makefile'.
  Found an implicit rule for 'Makefile'.
  Finished prerequisites of target file 'Makefile'.
 No need to remake target 'Makefile'.
Updating goal targets....
Considering target file 'simenv'.
 File 'simenv' does not exist.
 Finished prerequisites of target file 'simenv'.
Must remake target 'simenv'.
docker pull efabless/dv:latest
Putting child 0x55a5681bfbd0 (simenv) PID 2046339 on the chain.
Live child 0x55a5681bfbd0 (simenv) PID 2046339 
latest: Pulling from efabless/dv
Digest: sha256:06497b070c8578fbbe87170c9f4dfa61c2c9a9d9f665a637c4d822ea98a7f1b7
Status: Image is up to date for efabless/dv:latest
docker.io/efabless/dv:latest
Reaping winning child 0x55a5681bfbd0 PID 2046339 
Removing child 0x55a5681bfbd0 PID 2046339 from chain.
Successfully remade target file 'simenv'.
+ make -d verify-system_test111-rtl
+ tee /home/tonyho/workspace/fsic/hdebug/caravel-lab/bash_auto/debug/log/mpw-8c-verify-system_test111-rtl.log
GNU Make 4.2.1
Built for x86_64-pc-linux-gnu
Copyright (C) 1988-2016 Free Software Foundation, Inc.
License GPLv3+: GNU GPL version 3 or later <http://gnu.org/licenses/gpl.html>
This is free software: you are free to change and redistribute it.
There is NO WARRANTY, to the extent permitted by law.
Reading makefiles...
Reading makefile 'Makefile'...
Updating makefiles....
 Considering target file 'Makefile'.
  Looking for an implicit rule for 'Makefile'.
  Trying pattern rule with stem 'Makefile'.
  Found an implicit rule for 'Makefile'.
  Finished prerequisites of target file 'Makefile'.
 No need to remake target 'Makefile'.
Updating goal targets....
Considering target file 'verify-system_test111-rtl'.
 File 'verify-system_test111-rtl' does not exist.
  Considering target file 'simenv'.
   File 'simenv' does not exist.
   Finished prerequisites of target file 'simenv'.
  Must remake target 'simenv'.
docker pull efabless/dv:latest
Putting child 0x55c533f58be0 (simenv) PID 2046382 on the chain.
Live child 0x55c533f58be0 (simenv) PID 2046382 
latest: Pulling from efabless/dv
Digest: sha256:06497b070c8578fbbe87170c9f4dfa61c2c9a9d9f665a637c4d822ea98a7f1b7
Status: Image is up to date for efabless/dv:latest
docker.io/efabless/dv:latest
Reaping winning child 0x55c533f58be0 PID 2046382 
Removing child 0x55c533f58be0 PID 2046382 from chain.
  Successfully remade target file 'simenv'.
 Finished prerequisites of target file 'verify-system_test111-rtl'.
Must remake target 'verify-system_test111-rtl'.
docker run -v /home/tonyho/workspace/fsic/hdebug/caravel-lab/bash_auto/debug/caravel_user_project:/home/tonyho/workspace/fsic/hdebug/caravel-lab/bash_auto/debug/caravel_user_project -v /home/tonyho/workspace/fsic/hdebug/caravel-lab/bash_auto/debug/caravel_user_project/dependencies/pdks:/home/tonyho/workspace/fsic/hdebug/caravel-lab/bash_auto/debug/caravel_user_project/dependencies/pdks -v /home/tonyho/workspace/fsic/hdebug/caravel-lab/bash_auto/debug/caravel_user_project/caravel:/home/tonyho/workspace/fsic/hdebug/caravel-lab/bash_auto/debug/caravel_user_project/caravel -e TARGET_PATH=/home/tonyho/workspace/fsic/hdebug/caravel-lab/bash_auto/debug/caravel_user_project -e PDK_ROOT=/home/tonyho/workspace/fsic/hdebug/caravel-lab/bash_auto/debug/caravel_user_project/dependencies/pdks -e CARAVEL_ROOT=/home/tonyho/workspace/fsic/hdebug/caravel-lab/bash_auto/debug/caravel_user_project/caravel -e TOOLS=/foss/tools/riscv-gnu-toolchain-rv32i/217e7f3debe424d61374d31e33a091a630535937 -e DESIGNS=/home/tonyho/workspace/fsic/hdebug/caravel-lab/bash_auto/debug/caravel_user_project -e USER_PROJECT_VERILOG=/home/tonyho/workspace/fsic/hdebug/caravel-lab/bash_auto/debug/caravel_user_project/verilog -e PDK=sky130A -e CORE_VERILOG_PATH=/home/tonyho/workspace/fsic/hdebug/caravel-lab/bash_auto/debug/caravel_user_project/mgmt_core_wrapper/verilog -e CARAVEL_VERILOG_PATH=/home/tonyho/workspace/fsic/hdebug/caravel-lab/bash_auto/debug/caravel_user_project/caravel/verilog -e MCW_ROOT=/home/tonyho/workspace/fsic/hdebug/caravel-lab/bash_auto/debug/caravel_user_project/mgmt_core_wrapper -u $(id -u $USER):$(id -g $USER) efabless/dv:latest sh -c "source ~/.bashrc && cd /home/tonyho/workspace/fsic/hdebug/caravel-lab/bash_auto/debug/caravel_user_project/verilog/dv/system_test111 && export SIM=RTL && make -d"
Putting child 0x55c533f5c7b0 (verify-system_test111-rtl) PID 2046411 on the chain.
Live child 0x55c533f5c7b0 (verify-system_test111-rtl) PID 2046411 
GNU Make 3.82
Built for x86_64-redhat-linux-gnu
Copyright (C) 2010  Free Software Foundation, Inc.
License GPLv3+: GNU GPL version 3 or later <http://gnu.org/licenses/gpl.html>
This is free software: you are free to change and redistribute it.
There is NO WARRANTY, to the extent permitted by law.
Reading makefiles...
Reading makefile `Makefile'...
Reading makefile `/home/tonyho/workspace/fsic/hdebug/caravel-lab/bash_auto/debug/caravel_user_project/mgmt_core_wrapper/verilog/dv/make/env.makefile' (search path) (no ~ expansion)...
Reading makefile `/home/tonyho/workspace/fsic/hdebug/caravel-lab/bash_auto/debug/caravel_user_project/mgmt_core_wrapper/verilog/dv/make/var.makefile' (search path) (no ~ expansion)...
Reading makefile `/home/tonyho/workspace/fsic/hdebug/caravel-lab/bash_auto/debug/caravel_user_project/mgmt_core_wrapper/verilog/dv/make/cpu.makefile' (search path) (no ~ expansion)...
Reading makefile `/home/tonyho/workspace/fsic/hdebug/caravel-lab/bash_auto/debug/caravel_user_project/mgmt_core_wrapper/verilog/dv/make/sim.makefile' (search path) (no ~ expansion)...
Updating makefiles....
 Considering target file `/home/tonyho/workspace/fsic/hdebug/caravel-lab/bash_auto/debug/caravel_user_project/mgmt_core_wrapper/verilog/dv/make/sim.makefile'.
  Looking for an implicit rule for `/home/tonyho/workspace/fsic/hdebug/caravel-lab/bash_auto/debug/caravel_user_project/mgmt_core_wrapper/verilog/dv/make/sim.makefile'.
  Trying pattern rule with stem `sim.makefile'.
  Trying implicit prerequisite `/home/tonyho/workspace/fsic/hdebug/caravel-lab/bash_auto/debug/caravel_user_project/mgmt_core_wrapper/verilog/dv/make/sim.makefile,v'.
  Trying pattern rule with stem `sim.makefile'.
  Trying implicit prerequisite `/home/tonyho/workspace/fsic/hdebug/caravel-lab/bash_auto/debug/caravel_user_project/mgmt_core_wrapper/verilog/dv/make/RCS/sim.makefile,v'.
  Trying pattern rule with stem `sim.makefile'.
  Trying implicit prerequisite `/home/tonyho/workspace/fsic/hdebug/caravel-lab/bash_auto/debug/caravel_user_project/mgmt_core_wrapper/verilog/dv/make/RCS/sim.makefile'.
  Trying pattern rule with stem `sim.makefile'.
  Trying implicit prerequisite `/home/tonyho/workspace/fsic/hdebug/caravel-lab/bash_auto/debug/caravel_user_project/mgmt_core_wrapper/verilog/dv/make/s.sim.makefile'.
  Trying pattern rule with stem `sim.makefile'.
  Trying implicit prerequisite `/home/tonyho/workspace/fsic/hdebug/caravel-lab/bash_auto/debug/caravel_user_project/mgmt_core_wrapper/verilog/dv/make/SCCS/s.sim.makefile'.
  No implicit rule found for `/home/tonyho/workspace/fsic/hdebug/caravel-lab/bash_auto/debug/caravel_user_project/mgmt_core_wrapper/verilog/dv/make/sim.makefile'.
  Finished prerequisites of target file `/home/tonyho/workspace/fsic/hdebug/caravel-lab/bash_auto/debug/caravel_user_project/mgmt_core_wrapper/verilog/dv/make/sim.makefile'.
 No need to remake target `/home/tonyho/workspace/fsic/hdebug/caravel-lab/bash_auto/debug/caravel_user_project/mgmt_core_wrapper/verilog/dv/make/sim.makefile'.
 Considering target file `/home/tonyho/workspace/fsic/hdebug/caravel-lab/bash_auto/debug/caravel_user_project/mgmt_core_wrapper/verilog/dv/make/cpu.makefile'.
  Looking for an implicit rule for `/home/tonyho/workspace/fsic/hdebug/caravel-lab/bash_auto/debug/caravel_user_project/mgmt_core_wrapper/verilog/dv/make/cpu.makefile'.
  Trying pattern rule with stem `cpu.makefile'.
  Trying implicit prerequisite `/home/tonyho/workspace/fsic/hdebug/caravel-lab/bash_auto/debug/caravel_user_project/mgmt_core_wrapper/verilog/dv/make/cpu.makefile,v'.
  Trying pattern rule with stem `cpu.makefile'.
  Trying implicit prerequisite `/home/tonyho/workspace/fsic/hdebug/caravel-lab/bash_auto/debug/caravel_user_project/mgmt_core_wrapper/verilog/dv/make/RCS/cpu.makefile,v'.
  Trying pattern rule with stem `cpu.makefile'.
  Trying implicit prerequisite `/home/tonyho/workspace/fsic/hdebug/caravel-lab/bash_auto/debug/caravel_user_project/mgmt_core_wrapper/verilog/dv/make/RCS/cpu.makefile'.
  Trying pattern rule with stem `cpu.makefile'.
  Trying implicit prerequisite `/home/tonyho/workspace/fsic/hdebug/caravel-lab/bash_auto/debug/caravel_user_project/mgmt_core_wrapper/verilog/dv/make/s.cpu.makefile'.
  Trying pattern rule with stem `cpu.makefile'.
  Trying implicit prerequisite `/home/tonyho/workspace/fsic/hdebug/caravel-lab/bash_auto/debug/caravel_user_project/mgmt_core_wrapper/verilog/dv/make/SCCS/s.cpu.makefile'.
  No implicit rule found for `/home/tonyho/workspace/fsic/hdebug/caravel-lab/bash_auto/debug/caravel_user_project/mgmt_core_wrapper/verilog/dv/make/cpu.makefile'.
  Finished prerequisites of target file `/home/tonyho/workspace/fsic/hdebug/caravel-lab/bash_auto/debug/caravel_user_project/mgmt_core_wrapper/verilog/dv/make/cpu.makefile'.
 No need to remake target `/home/tonyho/workspace/fsic/hdebug/caravel-lab/bash_auto/debug/caravel_user_project/mgmt_core_wrapper/verilog/dv/make/cpu.makefile'.
 Considering target file `/home/tonyho/workspace/fsic/hdebug/caravel-lab/bash_auto/debug/caravel_user_project/mgmt_core_wrapper/verilog/dv/make/var.makefile'.
  Looking for an implicit rule for `/home/tonyho/workspace/fsic/hdebug/caravel-lab/bash_auto/debug/caravel_user_project/mgmt_core_wrapper/verilog/dv/make/var.makefile'.
  Trying pattern rule with stem `var.makefile'.
  Trying implicit prerequisite `/home/tonyho/workspace/fsic/hdebug/caravel-lab/bash_auto/debug/caravel_user_project/mgmt_core_wrapper/verilog/dv/make/var.makefile,v'.
  Trying pattern rule with stem `var.makefile'.
  Trying implicit prerequisite `/home/tonyho/workspace/fsic/hdebug/caravel-lab/bash_auto/debug/caravel_user_project/mgmt_core_wrapper/verilog/dv/make/RCS/var.makefile,v'.
  Trying pattern rule with stem `var.makefile'.
  Trying implicit prerequisite `/home/tonyho/workspace/fsic/hdebug/caravel-lab/bash_auto/debug/caravel_user_project/mgmt_core_wrapper/verilog/dv/make/RCS/var.makefile'.
  Trying pattern rule with stem `var.makefile'.
  Trying implicit prerequisite `/home/tonyho/workspace/fsic/hdebug/caravel-lab/bash_auto/debug/caravel_user_project/mgmt_core_wrapper/verilog/dv/make/s.var.makefile'.
  Trying pattern rule with stem `var.makefile'.
  Trying implicit prerequisite `/home/tonyho/workspace/fsic/hdebug/caravel-lab/bash_auto/debug/caravel_user_project/mgmt_core_wrapper/verilog/dv/make/SCCS/s.var.makefile'.
  No implicit rule found for `/home/tonyho/workspace/fsic/hdebug/caravel-lab/bash_auto/debug/caravel_user_project/mgmt_core_wrapper/verilog/dv/make/var.makefile'.
  Finished prerequisites of target file `/home/tonyho/workspace/fsic/hdebug/caravel-lab/bash_auto/debug/caravel_user_project/mgmt_core_wrapper/verilog/dv/make/var.makefile'.
 No need to remake target `/home/tonyho/workspace/fsic/hdebug/caravel-lab/bash_auto/debug/caravel_user_project/mgmt_core_wrapper/verilog/dv/make/var.makefile'.
 Considering target file `/home/tonyho/workspace/fsic/hdebug/caravel-lab/bash_auto/debug/caravel_user_project/mgmt_core_wrapper/verilog/dv/make/env.makefile'.
  Looking for an implicit rule for `/home/tonyho/workspace/fsic/hdebug/caravel-lab/bash_auto/debug/caravel_user_project/mgmt_core_wrapper/verilog/dv/make/env.makefile'.
  Trying pattern rule with stem `env.makefile'.
  Trying implicit prerequisite `/home/tonyho/workspace/fsic/hdebug/caravel-lab/bash_auto/debug/caravel_user_project/mgmt_core_wrapper/verilog/dv/make/env.makefile,v'.
  Trying pattern rule with stem `env.makefile'.
  Trying implicit prerequisite `/home/tonyho/workspace/fsic/hdebug/caravel-lab/bash_auto/debug/caravel_user_project/mgmt_core_wrapper/verilog/dv/make/RCS/env.makefile,v'.
  Trying pattern rule with stem `env.makefile'.
  Trying implicit prerequisite `/home/tonyho/workspace/fsic/hdebug/caravel-lab/bash_auto/debug/caravel_user_project/mgmt_core_wrapper/verilog/dv/make/RCS/env.makefile'.
  Trying pattern rule with stem `env.makefile'.
  Trying implicit prerequisite `/home/tonyho/workspace/fsic/hdebug/caravel-lab/bash_auto/debug/caravel_user_project/mgmt_core_wrapper/verilog/dv/make/s.env.makefile'.
  Trying pattern rule with stem `env.makefile'.
  Trying implicit prerequisite `/home/tonyho/workspace/fsic/hdebug/caravel-lab/bash_auto/debug/caravel_user_project/mgmt_core_wrapper/verilog/dv/make/SCCS/s.env.makefile'.
  No implicit rule found for `/home/tonyho/workspace/fsic/hdebug/caravel-lab/bash_auto/debug/caravel_user_project/mgmt_core_wrapper/verilog/dv/make/env.makefile'.
  Finished prerequisites of target file `/home/tonyho/workspace/fsic/hdebug/caravel-lab/bash_auto/debug/caravel_user_project/mgmt_core_wrapper/verilog/dv/make/env.makefile'.
 No need to remake target `/home/tonyho/workspace/fsic/hdebug/caravel-lab/bash_auto/debug/caravel_user_project/mgmt_core_wrapper/verilog/dv/make/env.makefile'.
 Considering target file `Makefile'.
  Looking for an implicit rule for `Makefile'.
  Trying pattern rule with stem `Makefile'.
  Trying implicit prerequisite `Makefile,v'.
  Trying pattern rule with stem `Makefile'.
  Trying implicit prerequisite `RCS/Makefile,v'.
  Trying pattern rule with stem `Makefile'.
  Trying implicit prerequisite `RCS/Makefile'.
  Trying pattern rule with stem `Makefile'.
  Trying implicit prerequisite `s.Makefile'.
  Trying pattern rule with stem `Makefile'.
  Trying implicit prerequisite `SCCS/s.Makefile'.
  No implicit rule found for `Makefile'.
  Finished prerequisites of target file `Makefile'.
 No need to remake target `Makefile'.
Updating goal targets....
Considering target file `all'.
 File `all' does not exist.
  Considering target file `system_test111.vcd'.
   File `system_test111.vcd' does not exist.
   Looking for an implicit rule for `system_test111.vcd'.
   Trying pattern rule with stem `system_test111'.
   Trying implicit prerequisite `system_test111.vvp'.
   Trying pattern rule with stem `system_test111.vcd'.
   Trying implicit prerequisite `system_test111.vcd,v'.
   Trying pattern rule with stem `system_test111.vcd'.
   Trying implicit prerequisite `RCS/system_test111.vcd,v'.
   Trying pattern rule with stem `system_test111.vcd'.
   Trying implicit prerequisite `RCS/system_test111.vcd'.
   Trying pattern rule with stem `system_test111.vcd'.
   Trying implicit prerequisite `s.system_test111.vcd'.
   Trying pattern rule with stem `system_test111.vcd'.
   Trying implicit prerequisite `SCCS/s.system_test111.vcd'.
   Trying pattern rule with stem `system_test111'.
   Trying implicit prerequisite `system_test111.vvp'.
   Looking for a rule with intermediate file `system_test111.vvp'.
    Avoiding implicit rule recursion.
    Trying pattern rule with stem `system_test111'.
    Trying implicit prerequisite `system_test111_tb.v'.
    Trying implicit prerequisite `system_test111.hex'.
   Found an implicit rule for `system_test111.vcd'.
     Considering target file `system_test111_tb.v'.
      Looking for an implicit rule for `system_test111_tb.v'.
      Trying pattern rule with stem `system_test111_tb.v'.
      Trying implicit prerequisite `system_test111_tb.v,v'.
      Trying pattern rule with stem `system_test111_tb.v'.
      Trying implicit prerequisite `RCS/system_test111_tb.v,v'.
      Trying pattern rule with stem `system_test111_tb.v'.
      Trying implicit prerequisite `RCS/system_test111_tb.v'.
      Trying pattern rule with stem `system_test111_tb.v'.
      Trying implicit prerequisite `s.system_test111_tb.v'.
      Trying pattern rule with stem `system_test111_tb.v'.
      Trying implicit prerequisite `SCCS/s.system_test111_tb.v'.
      No implicit rule found for `system_test111_tb.v'.
      Finished prerequisites of target file `system_test111_tb.v'.
     No need to remake target `system_test111_tb.v'.
     Considering target file `system_test111.hex'.
      Looking for an implicit rule for `system_test111.hex'.
      Trying pattern rule with stem `system_test111'.
      Trying implicit prerequisite `system_test111.elf'.
      Trying pattern rule with stem `system_test111.hex'.
      Trying implicit prerequisite `system_test111.hex,v'.
      Trying pattern rule with stem `system_test111.hex'.
      Trying implicit prerequisite `RCS/system_test111.hex,v'.
      Trying pattern rule with stem `system_test111.hex'.
      Trying implicit prerequisite `RCS/system_test111.hex'.
      Trying pattern rule with stem `system_test111.hex'.
      Trying implicit prerequisite `s.system_test111.hex'.
      Trying pattern rule with stem `system_test111.hex'.
      Trying implicit prerequisite `SCCS/s.system_test111.hex'.
      Trying pattern rule with stem `system_test111'.
      Trying implicit prerequisite `system_test111.elf'.
      Looking for a rule with intermediate file `system_test111.elf'.
       Avoiding implicit rule recursion.
       Trying pattern rule with stem `system_test111'.
       Trying implicit prerequisite `system_test111.c'.
       Trying rule prerequisite `/home/tonyho/workspace/fsic/hdebug/caravel-lab/bash_auto/debug/caravel_user_project/mgmt_core_wrapper/verilog/dv/firmware/sections.lds'.
       Trying rule prerequisite `/home/tonyho/workspace/fsic/hdebug/caravel-lab/bash_auto/debug/caravel_user_project/mgmt_core_wrapper/verilog/dv/firmware/crt0_vex.S'.
       Trying rule prerequisite `/home/tonyho/workspace/fsic/hdebug/caravel-lab/bash_auto/debug/caravel_user_project/mgmt_core_wrapper/verilog/dv/firmware/isr.c'.
      Found an implicit rule for `system_test111.hex'.
        Considering target file `system_test111.c'.
         Looking for an implicit rule for `system_test111.c'.
         Trying pattern rule with stem `system_test111'.
         Trying implicit prerequisite `system_test111.w'.
         Trying pattern rule with stem `system_test111.c'.
         Trying implicit prerequisite `system_test111.c,v'.
         Trying pattern rule with stem `system_test111.c'.
         Trying implicit prerequisite `RCS/system_test111.c,v'.
         Trying pattern rule with stem `system_test111.c'.
         Trying implicit prerequisite `RCS/system_test111.c'.
         Trying pattern rule with stem `system_test111.c'.
         Trying implicit prerequisite `s.system_test111.c'.
         Trying pattern rule with stem `system_test111.c'.
         Trying implicit prerequisite `SCCS/s.system_test111.c'.
         Trying pattern rule with stem `system_test111'.
         Trying implicit prerequisite `system_test111.w'.
         Looking for a rule with intermediate file `system_test111.w'.
          Avoiding implicit rule recursion.
          Trying pattern rule with stem `system_test111.w'.
          Trying implicit prerequisite `system_test111.w,v'.
          Trying pattern rule with stem `system_test111.w'.
          Trying implicit prerequisite `RCS/system_test111.w,v'.
          Trying pattern rule with stem `system_test111.w'.
          Trying implicit prerequisite `RCS/system_test111.w'.
          Trying pattern rule with stem `system_test111.w'.
          Trying implicit prerequisite `s.system_test111.w'.
          Trying pattern rule with stem `system_test111.w'.
          Trying implicit prerequisite `SCCS/s.system_test111.w'.
         No implicit rule found for `system_test111.c'.
         Finished prerequisites of target file `system_test111.c'.
        No need to remake target `system_test111.c'.
        Considering target file `/home/tonyho/workspace/fsic/hdebug/caravel-lab/bash_auto/debug/caravel_user_project/mgmt_core_wrapper/verilog/dv/firmware/sections.lds'.
         Looking for an implicit rule for `/home/tonyho/workspace/fsic/hdebug/caravel-lab/bash_auto/debug/caravel_user_project/mgmt_core_wrapper/verilog/dv/firmware/sections.lds'.
         Trying pattern rule with stem `sections.lds'.
         Trying implicit prerequisite `/home/tonyho/workspace/fsic/hdebug/caravel-lab/bash_auto/debug/caravel_user_project/mgmt_core_wrapper/verilog/dv/firmware/sections.lds,v'.
         Trying pattern rule with stem `sections.lds'.
         Trying implicit prerequisite `/home/tonyho/workspace/fsic/hdebug/caravel-lab/bash_auto/debug/caravel_user_project/mgmt_core_wrapper/verilog/dv/firmware/RCS/sections.lds,v'.
         Trying pattern rule with stem `sections.lds'.
         Trying implicit prerequisite `/home/tonyho/workspace/fsic/hdebug/caravel-lab/bash_auto/debug/caravel_user_project/mgmt_core_wrapper/verilog/dv/firmware/RCS/sections.lds'.
         Trying pattern rule with stem `sections.lds'.
         Trying implicit prerequisite `/home/tonyho/workspace/fsic/hdebug/caravel-lab/bash_auto/debug/caravel_user_project/mgmt_core_wrapper/verilog/dv/firmware/s.sections.lds'.
         Trying pattern rule with stem `sections.lds'.
         Trying implicit prerequisite `/home/tonyho/workspace/fsic/hdebug/caravel-lab/bash_auto/debug/caravel_user_project/mgmt_core_wrapper/verilog/dv/firmware/SCCS/s.sections.lds'.
         No implicit rule found for `/home/tonyho/workspace/fsic/hdebug/caravel-lab/bash_auto/debug/caravel_user_project/mgmt_core_wrapper/verilog/dv/firmware/sections.lds'.
         Finished prerequisites of target file `/home/tonyho/workspace/fsic/hdebug/caravel-lab/bash_auto/debug/caravel_user_project/mgmt_core_wrapper/verilog/dv/firmware/sections.lds'.
        No need to remake target `/home/tonyho/workspace/fsic/hdebug/caravel-lab/bash_auto/debug/caravel_user_project/mgmt_core_wrapper/verilog/dv/firmware/sections.lds'.
        Considering target file `/home/tonyho/workspace/fsic/hdebug/caravel-lab/bash_auto/debug/caravel_user_project/mgmt_core_wrapper/verilog/dv/firmware/crt0_vex.S'.
         Looking for an implicit rule for `/home/tonyho/workspace/fsic/hdebug/caravel-lab/bash_auto/debug/caravel_user_project/mgmt_core_wrapper/verilog/dv/firmware/crt0_vex.S'.
         Trying pattern rule with stem `crt0_vex.S'.
         Trying implicit prerequisite `/home/tonyho/workspace/fsic/hdebug/caravel-lab/bash_auto/debug/caravel_user_project/mgmt_core_wrapper/verilog/dv/firmware/crt0_vex.S,v'.
         Trying pattern rule with stem `crt0_vex.S'.
         Trying implicit prerequisite `/home/tonyho/workspace/fsic/hdebug/caravel-lab/bash_auto/debug/caravel_user_project/mgmt_core_wrapper/verilog/dv/firmware/RCS/crt0_vex.S,v'.
         Trying pattern rule with stem `crt0_vex.S'.
         Trying implicit prerequisite `/home/tonyho/workspace/fsic/hdebug/caravel-lab/bash_auto/debug/caravel_user_project/mgmt_core_wrapper/verilog/dv/firmware/RCS/crt0_vex.S'.
         Trying pattern rule with stem `crt0_vex.S'.
         Trying implicit prerequisite `/home/tonyho/workspace/fsic/hdebug/caravel-lab/bash_auto/debug/caravel_user_project/mgmt_core_wrapper/verilog/dv/firmware/s.crt0_vex.S'.
         Trying pattern rule with stem `crt0_vex.S'.
         Trying implicit prerequisite `/home/tonyho/workspace/fsic/hdebug/caravel-lab/bash_auto/debug/caravel_user_project/mgmt_core_wrapper/verilog/dv/firmware/SCCS/s.crt0_vex.S'.
         No implicit rule found for `/home/tonyho/workspace/fsic/hdebug/caravel-lab/bash_auto/debug/caravel_user_project/mgmt_core_wrapper/verilog/dv/firmware/crt0_vex.S'.
         Finished prerequisites of target file `/home/tonyho/workspace/fsic/hdebug/caravel-lab/bash_auto/debug/caravel_user_project/mgmt_core_wrapper/verilog/dv/firmware/crt0_vex.S'.
        No need to remake target `/home/tonyho/workspace/fsic/hdebug/caravel-lab/bash_auto/debug/caravel_user_project/mgmt_core_wrapper/verilog/dv/firmware/crt0_vex.S'.
        Considering target file `/home/tonyho/workspace/fsic/hdebug/caravel-lab/bash_auto/debug/caravel_user_project/mgmt_core_wrapper/verilog/dv/firmware/isr.c'.
         Looking for an implicit rule for `/home/tonyho/workspace/fsic/hdebug/caravel-lab/bash_auto/debug/caravel_user_project/mgmt_core_wrapper/verilog/dv/firmware/isr.c'.
         Trying pattern rule with stem `isr'.
         Trying implicit prerequisite `/home/tonyho/workspace/fsic/hdebug/caravel-lab/bash_auto/debug/caravel_user_project/mgmt_core_wrapper/verilog/dv/firmware/isr.w'.
         Trying pattern rule with stem `isr.c'.
         Trying implicit prerequisite `/home/tonyho/workspace/fsic/hdebug/caravel-lab/bash_auto/debug/caravel_user_project/mgmt_core_wrapper/verilog/dv/firmware/isr.c,v'.
         Trying pattern rule with stem `isr.c'.
         Trying implicit prerequisite `/home/tonyho/workspace/fsic/hdebug/caravel-lab/bash_auto/debug/caravel_user_project/mgmt_core_wrapper/verilog/dv/firmware/RCS/isr.c,v'.
         Trying pattern rule with stem `isr.c'.
         Trying implicit prerequisite `/home/tonyho/workspace/fsic/hdebug/caravel-lab/bash_auto/debug/caravel_user_project/mgmt_core_wrapper/verilog/dv/firmware/RCS/isr.c'.
         Trying pattern rule with stem `isr.c'.
         Trying implicit prerequisite `/home/tonyho/workspace/fsic/hdebug/caravel-lab/bash_auto/debug/caravel_user_project/mgmt_core_wrapper/verilog/dv/firmware/s.isr.c'.
         Trying pattern rule with stem `isr.c'.
         Trying implicit prerequisite `/home/tonyho/workspace/fsic/hdebug/caravel-lab/bash_auto/debug/caravel_user_project/mgmt_core_wrapper/verilog/dv/firmware/SCCS/s.isr.c'.
         Trying pattern rule with stem `isr'.
         Trying implicit prerequisite `/home/tonyho/workspace/fsic/hdebug/caravel-lab/bash_auto/debug/caravel_user_project/mgmt_core_wrapper/verilog/dv/firmware/isr.w'.
         Looking for a rule with intermediate file `/home/tonyho/workspace/fsic/hdebug/caravel-lab/bash_auto/debug/caravel_user_project/mgmt_core_wrapper/verilog/dv/firmware/isr.w'.
          Avoiding implicit rule recursion.
          Trying pattern rule with stem `isr.w'.
          Trying implicit prerequisite `/home/tonyho/workspace/fsic/hdebug/caravel-lab/bash_auto/debug/caravel_user_project/mgmt_core_wrapper/verilog/dv/firmware/isr.w,v'.
          Trying pattern rule with stem `isr.w'.
          Trying implicit prerequisite `/home/tonyho/workspace/fsic/hdebug/caravel-lab/bash_auto/debug/caravel_user_project/mgmt_core_wrapper/verilog/dv/firmware/RCS/isr.w,v'.
          Trying pattern rule with stem `isr.w'.
          Trying implicit prerequisite `/home/tonyho/workspace/fsic/hdebug/caravel-lab/bash_auto/debug/caravel_user_project/mgmt_core_wrapper/verilog/dv/firmware/RCS/isr.w'.
          Trying pattern rule with stem `isr.w'.
          Trying implicit prerequisite `/home/tonyho/workspace/fsic/hdebug/caravel-lab/bash_auto/debug/caravel_user_project/mgmt_core_wrapper/verilog/dv/firmware/s.isr.w'.
          Trying pattern rule with stem `isr.w'.
          Trying implicit prerequisite `/home/tonyho/workspace/fsic/hdebug/caravel-lab/bash_auto/debug/caravel_user_project/mgmt_core_wrapper/verilog/dv/firmware/SCCS/s.isr.w'.
         No implicit rule found for `/home/tonyho/workspace/fsic/hdebug/caravel-lab/bash_auto/debug/caravel_user_project/mgmt_core_wrapper/verilog/dv/firmware/isr.c'.
         Finished prerequisites of target file `/home/tonyho/workspace/fsic/hdebug/caravel-lab/bash_auto/debug/caravel_user_project/mgmt_core_wrapper/verilog/dv/firmware/isr.c'.
        No need to remake target `/home/tonyho/workspace/fsic/hdebug/caravel-lab/bash_auto/debug/caravel_user_project/mgmt_core_wrapper/verilog/dv/firmware/isr.c'.
      Considering target file `system_test111.elf'.
       File `system_test111.elf' does not exist.
        Pruning file `system_test111.c'.
        Pruning file `/home/tonyho/workspace/fsic/hdebug/caravel-lab/bash_auto/debug/caravel_user_project/mgmt_core_wrapper/verilog/dv/firmware/sections.lds'.
        Pruning file `/home/tonyho/workspace/fsic/hdebug/caravel-lab/bash_auto/debug/caravel_user_project/mgmt_core_wrapper/verilog/dv/firmware/crt0_vex.S'.
        Pruning file `/home/tonyho/workspace/fsic/hdebug/caravel-lab/bash_auto/debug/caravel_user_project/mgmt_core_wrapper/verilog/dv/firmware/isr.c'.
       Finished prerequisites of target file `system_test111.elf'.
      Must remake target `system_test111.elf'.
Invoking recipe from /home/tonyho/workspace/fsic/hdebug/caravel-lab/bash_auto/debug/caravel_user_project/mgmt_core_wrapper/verilog/dv/make/sim.makefile:37 to update target `system_test111.elf'.
/foss/tools/riscv-gnu-toolchain-rv32i/217e7f3debe424d61374d31e33a091a630535937/bin/riscv32-unknown-linux-gnu-gcc -g \
-I/home/tonyho/workspace/fsic/hdebug/caravel-lab/bash_auto/debug/caravel_user_project/mgmt_core_wrapper/verilog/dv/firmware \
-I/home/tonyho/workspace/fsic/hdebug/caravel-lab/bash_auto/debug/caravel_user_project/mgmt_core_wrapper/verilog/dv/generated \
-I/home/tonyho/workspace/fsic/hdebug/caravel-lab/bash_auto/debug/caravel_user_project/mgmt_core_wrapper/verilog/dv/ \
-I/home/tonyho/workspace/fsic/hdebug/caravel-lab/bash_auto/debug/caravel_user_project/mgmt_core_wrapper/verilog/common \
  -march=rv32i      -mabi=ilp32 -D__vexriscv__ \
-Wl,-Bstatic,-T,/home/tonyho/workspace/fsic/hdebug/caravel-lab/bash_auto/debug/caravel_user_project/mgmt_core_wrapper/verilog/dv/firmware/sections.lds,--strip-debug \
-ffreestanding -nostdlib -o system_test111.elf /home/tonyho/workspace/fsic/hdebug/caravel-lab/bash_auto/debug/caravel_user_project/mgmt_core_wrapper/verilog/dv/firmware/crt0_vex.S /home/tonyho/workspace/fsic/hdebug/caravel-lab/bash_auto/debug/caravel_user_project/mgmt_core_wrapper/verilog/dv/firmware/isr.c system_test111.c
Putting child 0x1e07a30 (system_test111.elf) PID 22 on the chain.
Live child 0x1e07a30 (system_test111.elf) PID 22 
Reaping winning child 0x1e07a30 PID 22 
Removing child 0x1e07a30 PID 22 from chain.
      Successfully remade target file `system_test111.elf'.
      Finished prerequisites of target file `system_test111.hex'.
      Prerequisite `system_test111.elf' is newer than target `system_test111.hex'.
     Must remake target `system_test111.hex'.
Invoking recipe from /home/tonyho/workspace/fsic/hdebug/caravel-lab/bash_auto/debug/caravel_user_project/mgmt_core_wrapper/verilog/dv/make/sim.makefile:50 to update target `system_test111.hex'.
/foss/tools/riscv-gnu-toolchain-rv32i/217e7f3debe424d61374d31e33a091a630535937/bin/riscv32-unknown-linux-gnu-objcopy -O verilog system_test111.elf system_test111.hex 
Putting child 0x1e083d0 (system_test111.hex) PID 31 on the chain.
Live child 0x1e083d0 (system_test111.hex) PID 31 
Reaping winning child 0x1e083d0 PID 31 
# to fix flash base address
Live child 0x1e083d0 (system_test111.hex) PID 32 
Reaping winning child 0x1e083d0 PID 32 
sed -ie 's/@10/@00/g' system_test111.hex
Live child 0x1e083d0 (system_test111.hex) PID 33 
Reaping winning child 0x1e083d0 PID 33 
Removing child 0x1e083d0 PID 33 from chain.
     Successfully remade target file `system_test111.hex'.
   Considering target file `system_test111.vvp'.
    File `system_test111.vvp' does not exist.
     Pruning file `system_test111_tb.v'.
     Pruning file `system_test111.hex'.
    Finished prerequisites of target file `system_test111.vvp'.
   Must remake target `system_test111.vvp'.
Invoking recipe from /home/tonyho/workspace/fsic/hdebug/caravel-lab/bash_auto/debug/caravel_user_project/mgmt_core_wrapper/verilog/dv/make/sim.makefile:67 to update target `system_test111.vvp'.
iverilog -V 2>&1 | tee iverilog-ver.log
Putting child 0x1e0bb10 (system_test111.vvp) PID 34 on the chain.
Live child 0x1e0bb10 (system_test111.vvp) PID 34 
Icarus Verilog version 12.0 (devel) (s20150603-1288-gcc0a8c8-dirty)

Copyright (c) 2000-2021 Stephen Williams (steve@icarus.com)

  This program is free software; you can redistribute it and/or modify
  it under the terms of the GNU General Public License as published by
  the Free Software Foundation; either version 2 of the License, or
  (at your option) any later version.

  This program is distributed in the hope that it will be useful,
  but WITHOUT ANY WARRANTY; without even the implied warranty of
  MERCHANTABILITY or FITNESS FOR A PARTICULAR PURPOSE.  See the
  GNU General Public License for more details.

  You should have received a copy of the GNU General Public License along
  with this program; if not, write to the Free Software Foundation, Inc.,
  51 Franklin Street, Fifth Floor, Boston, MA 02110-1301, USA.

Icarus Verilog Preprocessor version 12.0 (devel) (s20150603-1288-gcc0a8c8-dirty)

Copyright (c) 1999-2021 Stephen Williams (steve@icarus.com)

  This program is free software; you can redistribute it and/or modify
  it under the terms of the GNU General Public License as published by
  the Free Software Foundation; either version 2 of the License, or
  (at your option) any later version.

  This program is distributed in the hope that it will be useful,
  but WITHOUT ANY WARRANTY; without even the implied warranty of
  MERCHANTABILITY or FITNESS FOR A PARTICULAR PURPOSE.  See the
  GNU General Public License for more details.

  You should have received a copy of the GNU General Public License along
  with this program; if not, write to the Free Software Foundation, Inc.,
  51 Franklin Street, Fifth Floor, Boston, MA 02110-1301, USA.

Icarus Verilog Parser/Elaborator version 12.0 (devel) (s20150603-1288-gcc0a8c8-dirty)

Copyright (c) 1998-2021 Stephen Williams (steve@icarus.com)

  This program is free software; you can redistribute it and/or modify
  it under the terms of the GNU General Public License as published by
  the Free Software Foundation; either version 2 of the License, or
  (at your option) any later version.

  This program is distributed in the hope that it will be useful,
  but WITHOUT ANY WARRANTY; without even the implied warranty of
  MERCHANTABILITY or FITNESS FOR A PARTICULAR PURPOSE.  See the
  GNU General Public License for more details.

  You should have received a copy of the GNU General Public License along
  with this program; if not, write to the Free Software Foundation, Inc.,
  51 Franklin Street, Fifth Floor, Boston, MA 02110-1301, USA.

 FLAGS DLL vvp.tgt
vvp.tgt: Icarus Verilog VVP Code Generator 12.0 (devel) (s20150603-1288-gcc0a8c8-dirty)

Copyright (c) 2001-2021 Stephen Williams (steve@icarus.com)

  This program is free software; you can redistribute it and/or modify
  it under the terms of the GNU General Public License as published by
  the Free Software Foundation; either version 2 of the License, or
  (at your option) any later version.

  This program is distributed in the hope that it will be useful,
  but WITHOUT ANY WARRANTY; without even the implied warranty of
  MERCHANTABILITY or FITNESS FOR A PARTICULAR PURPOSE.  See the
  GNU General Public License for more details.

  You should have received a copy of the GNU General Public License along
  with this program; if not, write to the Free Software Foundation, Inc.,
  51 Franklin Street, Fifth Floor, Boston, MA 02110-1301, USA.

Reaping winning child 0x1e0bb10 PID 34 
iverilog -Ttyp -DFUNCTIONAL -DSIM -DUSE_POWER_PINS -DUNIT_DELAY=#1 \
        -g2012 \
        -f/home/tonyho/workspace/fsic/hdebug/caravel-lab/bash_auto/debug/caravel_user_project/mgmt_core_wrapper/verilog/includes/includes.rtl.caravel \
        -f/home/tonyho/workspace/fsic/hdebug/caravel-lab/bash_auto/debug/caravel_user_project/verilog/includes/includes.rtl.caravel_user_project -o system_test111.vvp system_test111_tb.v 2>&1 | tee iverilog.log
Live child 0x1e0bb10 (system_test111.vvp) PID 39 
/home/tonyho/workspace/fsic/hdebug/caravel-lab/bash_auto/debug/caravel_user_project/verilog/rtl/axil_axis.sv:59: error: 'm_awvalid' has already been declared in this scope.
/home/tonyho/workspace/fsic/hdebug/caravel-lab/bash_auto/debug/caravel_user_project/verilog/rtl/axil_axis.sv:11:      : It was declared here as a net.
/home/tonyho/workspace/fsic/hdebug/caravel-lab/bash_auto/debug/caravel_user_project/verilog/rtl/axil_axis.sv:60: error: 'm_awaddr' has already been declared in this scope.
/home/tonyho/workspace/fsic/hdebug/caravel-lab/bash_auto/debug/caravel_user_project/verilog/rtl/axil_axis.sv:12:      : It was declared here as a net.
/home/tonyho/workspace/fsic/hdebug/caravel-lab/bash_auto/debug/caravel_user_project/verilog/rtl/axil_axis.sv:61: error: 'm_wvalid' has already been declared in this scope.
/home/tonyho/workspace/fsic/hdebug/caravel-lab/bash_auto/debug/caravel_user_project/verilog/rtl/axil_axis.sv:13:      : It was declared here as a net.
/home/tonyho/workspace/fsic/hdebug/caravel-lab/bash_auto/debug/caravel_user_project/verilog/rtl/axil_axis.sv:62: error: 'm_wdata' has already been declared in this scope.
/home/tonyho/workspace/fsic/hdebug/caravel-lab/bash_auto/debug/caravel_user_project/verilog/rtl/axil_axis.sv:14:      : It was declared here as a net.
/home/tonyho/workspace/fsic/hdebug/caravel-lab/bash_auto/debug/caravel_user_project/verilog/rtl/axil_axis.sv:63: error: 'm_wstrb' has already been declared in this scope.
/home/tonyho/workspace/fsic/hdebug/caravel-lab/bash_auto/debug/caravel_user_project/verilog/rtl/axil_axis.sv:15:      : It was declared here as a net.
/home/tonyho/workspace/fsic/hdebug/caravel-lab/bash_auto/debug/caravel_user_project/verilog/rtl/axil_axis.sv:64: error: 'm_arvalid' has already been declared in this scope.
/home/tonyho/workspace/fsic/hdebug/caravel-lab/bash_auto/debug/caravel_user_project/verilog/rtl/axil_axis.sv:16:      : It was declared here as a net.
/home/tonyho/workspace/fsic/hdebug/caravel-lab/bash_auto/debug/caravel_user_project/verilog/rtl/axil_axis.sv:65: error: 'm_araddr' has already been declared in this scope.
/home/tonyho/workspace/fsic/hdebug/caravel-lab/bash_auto/debug/caravel_user_project/verilog/rtl/axil_axis.sv:17:      : It was declared here as a net.
/home/tonyho/workspace/fsic/hdebug/caravel-lab/bash_auto/debug/caravel_user_project/verilog/rtl/axil_axis.sv:66: error: 'm_rready' has already been declared in this scope.
/home/tonyho/workspace/fsic/hdebug/caravel-lab/bash_auto/debug/caravel_user_project/verilog/rtl/axil_axis.sv:18:      : It was declared here as a net.
/home/tonyho/workspace/fsic/hdebug/caravel-lab/bash_auto/debug/caravel_user_project/verilog/rtl/axil_axis.sv:67: error: 's_rdata' has already been declared in this scope.
/home/tonyho/workspace/fsic/hdebug/caravel-lab/bash_auto/debug/caravel_user_project/verilog/rtl/axil_axis.sv:19:      : It was declared here as a net.
/home/tonyho/workspace/fsic/hdebug/caravel-lab/bash_auto/debug/caravel_user_project/verilog/rtl/axil_axis.sv:68: error: 's_rvalid' has already been declared in this scope.
/home/tonyho/workspace/fsic/hdebug/caravel-lab/bash_auto/debug/caravel_user_project/verilog/rtl/axil_axis.sv:20:      : It was declared here as a net.
/home/tonyho/workspace/fsic/hdebug/caravel-lab/bash_auto/debug/caravel_user_project/verilog/rtl/axil_axis.sv:69: error: 's_awready' has already been declared in this scope.
/home/tonyho/workspace/fsic/hdebug/caravel-lab/bash_auto/debug/caravel_user_project/verilog/rtl/axil_axis.sv:21:      : It was declared here as a net.
/home/tonyho/workspace/fsic/hdebug/caravel-lab/bash_auto/debug/caravel_user_project/verilog/rtl/axil_axis.sv:70: error: 's_wready' has already been declared in this scope.
/home/tonyho/workspace/fsic/hdebug/caravel-lab/bash_auto/debug/caravel_user_project/verilog/rtl/axil_axis.sv:22:      : It was declared here as a net.
/home/tonyho/workspace/fsic/hdebug/caravel-lab/bash_auto/debug/caravel_user_project/verilog/rtl/axil_axis.sv:71: error: 's_arready' has already been declared in this scope.
/home/tonyho/workspace/fsic/hdebug/caravel-lab/bash_auto/debug/caravel_user_project/verilog/rtl/axil_axis.sv:23:      : It was declared here as a net.
/home/tonyho/workspace/fsic/hdebug/caravel-lab/bash_auto/debug/caravel_user_project/verilog/rtl/axil_axis.sv:72: error: 'aa_as_tready' has already been declared in this scope.
/home/tonyho/workspace/fsic/hdebug/caravel-lab/bash_auto/debug/caravel_user_project/verilog/rtl/axil_axis.sv:44:      : It was declared here as a net.
/home/tonyho/workspace/fsic/hdebug/caravel-lab/bash_auto/debug/caravel_user_project/verilog/rtl/axil_axis.sv:73: error: 'aa_as_tdata' has already been declared in this scope.
/home/tonyho/workspace/fsic/hdebug/caravel-lab/bash_auto/debug/caravel_user_project/verilog/rtl/axil_axis.sv:45:      : It was declared here as a net.
/home/tonyho/workspace/fsic/hdebug/caravel-lab/bash_auto/debug/caravel_user_project/verilog/rtl/axil_axis.sv:74: error: 'aa_as_tstrb' has already been declared in this scope.
/home/tonyho/workspace/fsic/hdebug/caravel-lab/bash_auto/debug/caravel_user_project/verilog/rtl/axil_axis.sv:46:      : It was declared here as a net.
/home/tonyho/workspace/fsic/hdebug/caravel-lab/bash_auto/debug/caravel_user_project/verilog/rtl/axil_axis.sv:75: error: 'aa_as_tkeep' has already been declared in this scope.
/home/tonyho/workspace/fsic/hdebug/caravel-lab/bash_auto/debug/caravel_user_project/verilog/rtl/axil_axis.sv:47:      : It was declared here as a net.
/home/tonyho/workspace/fsic/hdebug/caravel-lab/bash_auto/debug/caravel_user_project/verilog/rtl/axil_axis.sv:76: error: 'aa_as_tlast' has already been declared in this scope.
/home/tonyho/workspace/fsic/hdebug/caravel-lab/bash_auto/debug/caravel_user_project/verilog/rtl/axil_axis.sv:48:      : It was declared here as a net.
/home/tonyho/workspace/fsic/hdebug/caravel-lab/bash_auto/debug/caravel_user_project/verilog/rtl/axil_axis.sv:77: error: 'aa_as_tvalid' has already been declared in this scope.
/home/tonyho/workspace/fsic/hdebug/caravel-lab/bash_auto/debug/caravel_user_project/verilog/rtl/axil_axis.sv:49:      : It was declared here as a net.
/home/tonyho/workspace/fsic/hdebug/caravel-lab/bash_auto/debug/caravel_user_project/verilog/rtl/axil_axis.sv:78: error: 'aa_as_tuser' has already been declared in this scope.
/home/tonyho/workspace/fsic/hdebug/caravel-lab/bash_auto/debug/caravel_user_project/verilog/rtl/axil_axis.sv:50:      : It was declared here as a net.
/home/tonyho/workspace/fsic/hdebug/caravel-lab/bash_auto/debug/caravel_user_project/verilog/rtl/axil_axis.sv:79: error: 'mb_irq' has already been declared in this scope.
/home/tonyho/workspace/fsic/hdebug/caravel-lab/bash_auto/debug/caravel_user_project/verilog/rtl/axil_axis.sv:52:      : It was declared here as a net.
Reaping winning child 0x1e0bb10 PID 39 
Removing child 0x1e0bb10 PID 39 from chain.
   Successfully remade target file `system_test111.vvp'.
   Finished prerequisites of target file `system_test111.vcd'.
  Must remake target `system_test111.vcd'.
Invoking recipe from /home/tonyho/workspace/fsic/hdebug/caravel-lab/bash_auto/debug/caravel_user_project/mgmt_core_wrapper/verilog/dv/make/sim.makefile:113 to update target `system_test111.vcd'.
vvp  system_test111.vvp
Putting child 0x1e0d760 (system_test111.vcd) PID 45 on the chain.
Live child 0x1e0d760 (system_test111.vcd) PID 45 
system_test111.vvp: Unable to open input file.
Reaping losing child 0x1e0d760 PID 45 
Removing child 0x1e0d760 PID 45 from chain.
Removing intermediate files...
rm system_test111.elf
make: *** [system_test111.vcd] Error 255
Reaping losing child 0x55c533f5c7b0 PID 2046411 
make: *** [Makefile:149: verify-system_test111-rtl] Error 2
Removing child 0x55c533f5c7b0 PID 2046411 from chain.
+ cp /home/tonyho/workspace/fsic/hdebug/caravel-lab/bash_auto/debug/caravel-lab/custom_design/fsic/openlane/user_proj_example/config.json /home/tonyho/workspace/fsic/hdebug/caravel-lab/bash_auto/debug/caravel_user_project/openlane/user_proj_example/config.json
+ cp /home/tonyho/workspace/fsic/hdebug/caravel-lab/bash_auto/debug/caravel-lab/custom_design/fsic/openlane/user_proj_example/pin_order.cfg /home/tonyho/workspace/fsic/hdebug/caravel-lab/bash_auto/debug/caravel_user_project/openlane/user_proj_example/pin_order.cfg
+ cp /home/tonyho/workspace/fsic/hdebug/caravel-lab/bash_auto/debug/caravel-lab/custom_design/fsic/openlane/user_project_wrapper/config.json /home/tonyho/workspace/fsic/hdebug/caravel-lab/bash_auto/debug/caravel_user_project/openlane/user_project_wrapper/config.json
+ tee /home/tonyho/workspace/fsic/hdebug/caravel-lab/bash_auto/debug/log/mpw-8c-user_proj_example.log
+ make -d user_proj_example
GNU Make 4.2.1
Built for x86_64-pc-linux-gnu
Copyright (C) 1988-2016 Free Software Foundation, Inc.
License GPLv3+: GNU GPL version 3 or later <http://gnu.org/licenses/gpl.html>
This is free software: you are free to change and redistribute it.
There is NO WARRANTY, to the extent permitted by law.
Reading makefiles...
Reading makefile 'Makefile'...
Updating makefiles....
 Considering target file 'Makefile'.
  Looking for an implicit rule for 'Makefile'.
  Trying pattern rule with stem 'Makefile'.
  Found an implicit rule for 'Makefile'.
  Finished prerequisites of target file 'Makefile'.
 No need to remake target 'Makefile'.
Updating goal targets....
Considering target file 'user_proj_example'.
 File 'user_proj_example' does not exist.
 Finished prerequisites of target file 'user_proj_example'.
Must remake target 'user_proj_example'.
make -C openlane user_proj_example
Putting child 0x55ffac234bc0 (user_proj_example) PID 2046625 on the chain.
Live child 0x55ffac234bc0 (user_proj_example) PID 2046625 
GNU Make 4.2.1
Built for x86_64-pc-linux-gnu
Copyright (C) 1988-2016 Free Software Foundation, Inc.
License GPLv3+: GNU GPL version 3 or later <http://gnu.org/licenses/gpl.html>
This is free software: you are free to change and redistribute it.
There is NO WARRANTY, to the extent permitted by law.
Reading makefiles...
Reading makefile 'Makefile'...
make[1]: Entering directory '/home/tonyho/workspace/fsic/hdebug/caravel-lab/bash_auto/debug/caravel_user_project/openlane'
Updating makefiles....
 Considering target file 'Makefile'.
  Looking for an implicit rule for 'Makefile'.
  Trying pattern rule with stem 'Makefile'.
  Trying implicit prerequisite 'Makefile.o'.
  Trying pattern rule with stem 'Makefile'.
  Trying implicit prerequisite 'Makefile.c'.
  Trying pattern rule with stem 'Makefile'.
  Trying implicit prerequisite 'Makefile.cc'.
  Trying pattern rule with stem 'Makefile'.
  Trying implicit prerequisite 'Makefile.C'.
  Trying pattern rule with stem 'Makefile'.
  Trying implicit prerequisite 'Makefile.cpp'.
  Trying pattern rule with stem 'Makefile'.
  Trying implicit prerequisite 'Makefile.p'.
  Trying pattern rule with stem 'Makefile'.
  Trying implicit prerequisite 'Makefile.f'.
  Trying pattern rule with stem 'Makefile'.
  Trying implicit prerequisite 'Makefile.F'.
  Trying pattern rule with stem 'Makefile'.
  Trying implicit prerequisite 'Makefile.m'.
  Trying pattern rule with stem 'Makefile'.
  Trying implicit prerequisite 'Makefile.r'.
  Trying pattern rule with stem 'Makefile'.
  Trying implicit prerequisite 'Makefile.s'.
  Trying pattern rule with stem 'Makefile'.
  Trying implicit prerequisite 'Makefile.S'.
  Trying pattern rule with stem 'Makefile'.
  Trying implicit prerequisite 'Makefile.mod'.
  Trying pattern rule with stem 'Makefile'.
  Trying implicit prerequisite 'Makefile.sh'.
  Trying pattern rule with stem 'Makefile'.
  Trying implicit prerequisite 'Makefile,v'.
  Trying pattern rule with stem 'Makefile'.
  Trying implicit prerequisite 'RCS/Makefile,v'.
  Trying pattern rule with stem 'Makefile'.
  Trying implicit prerequisite 'RCS/Makefile'.
  Trying pattern rule with stem 'Makefile'.
  Trying implicit prerequisite 's.Makefile'.
  Trying pattern rule with stem 'Makefile'.
  Trying implicit prerequisite 'SCCS/s.Makefile'.
  Trying pattern rule with stem 'Makefile'.
  Trying implicit prerequisite 'Makefile.o'.
  Looking for a rule with intermediate file 'Makefile.o'.
   Avoiding implicit rule recursion.
   Trying pattern rule with stem 'Makefile'.
   Trying implicit prerequisite 'Makefile.c'.
   Trying pattern rule with stem 'Makefile'.
   Trying implicit prerequisite 'Makefile.cc'.
   Trying pattern rule with stem 'Makefile'.
   Trying implicit prerequisite 'Makefile.C'.
   Trying pattern rule with stem 'Makefile'.
   Trying implicit prerequisite 'Makefile.cpp'.
   Trying pattern rule with stem 'Makefile'.
   Trying implicit prerequisite 'Makefile.p'.
   Trying pattern rule with stem 'Makefile'.
   Trying implicit prerequisite 'Makefile.f'.
   Trying pattern rule with stem 'Makefile'.
   Trying implicit prerequisite 'Makefile.F'.
   Trying pattern rule with stem 'Makefile'.
   Trying implicit prerequisite 'Makefile.m'.
   Trying pattern rule with stem 'Makefile'.
   Trying implicit prerequisite 'Makefile.r'.
   Trying pattern rule with stem 'Makefile'.
   Trying implicit prerequisite 'Makefile.s'.
   Trying pattern rule with stem 'Makefile'.
   Trying implicit prerequisite 'Makefile.S'.
   Trying pattern rule with stem 'Makefile'.
   Trying implicit prerequisite 'Makefile.mod'.
   Trying pattern rule with stem 'Makefile.o'.
   Trying implicit prerequisite 'Makefile.o,v'.
   Trying pattern rule with stem 'Makefile.o'.
   Trying implicit prerequisite 'RCS/Makefile.o,v'.
   Trying pattern rule with stem 'Makefile.o'.
   Trying implicit prerequisite 'RCS/Makefile.o'.
   Trying pattern rule with stem 'Makefile.o'.
   Trying implicit prerequisite 's.Makefile.o'.
   Trying pattern rule with stem 'Makefile.o'.
   Trying implicit prerequisite 'SCCS/s.Makefile.o'.
   Trying pattern rule with stem 'Makefile'.
   Trying implicit prerequisite 'Makefile.c'.
   Looking for a rule with intermediate file 'Makefile.c'.
    Avoiding implicit rule recursion.
    Avoiding implicit rule recursion.
    Trying pattern rule with stem 'Makefile'.
    Trying implicit prerequisite 'Makefile.y'.
    Trying pattern rule with stem 'Makefile'.
    Trying implicit prerequisite 'Makefile.l'.
    Trying pattern rule with stem 'Makefile'.
    Trying implicit prerequisite 'Makefile.w'.
    Trying pattern rule with stem 'Makefile'.
    Trying implicit prerequisite 'Makefile.w'.
    Trying pattern rule with stem 'Makefile.c'.
    Trying implicit prerequisite 'Makefile.c,v'.
    Trying pattern rule with stem 'Makefile.c'.
    Trying implicit prerequisite 'RCS/Makefile.c,v'.
    Trying pattern rule with stem 'Makefile.c'.
    Trying implicit prerequisite 'RCS/Makefile.c'.
    Trying pattern rule with stem 'Makefile.c'.
    Trying implicit prerequisite 's.Makefile.c'.
    Trying pattern rule with stem 'Makefile.c'.
    Trying implicit prerequisite 'SCCS/s.Makefile.c'.
    Trying pattern rule with stem 'Makefile'.
    Trying implicit prerequisite 'Makefile.y'.
    Looking for a rule with intermediate file 'Makefile.y'.
     Avoiding implicit rule recursion.
     Avoiding implicit rule recursion.
     Avoiding implicit rule recursion.
     Trying pattern rule with stem 'Makefile.y'.
     Trying implicit prerequisite 'Makefile.y,v'.
     Trying pattern rule with stem 'Makefile.y'.
     Trying implicit prerequisite 'RCS/Makefile.y,v'.
     Trying pattern rule with stem 'Makefile.y'.
     Trying implicit prerequisite 'RCS/Makefile.y'.
     Trying pattern rule with stem 'Makefile.y'.
     Trying implicit prerequisite 's.Makefile.y'.
     Trying pattern rule with stem 'Makefile.y'.
     Trying implicit prerequisite 'SCCS/s.Makefile.y'.
    Trying pattern rule with stem 'Makefile'.
    Trying implicit prerequisite 'Makefile.l'.
    Looking for a rule with intermediate file 'Makefile.l'.
     Avoiding implicit rule recursion.
     Avoiding implicit rule recursion.
     Avoiding implicit rule recursion.
     Trying pattern rule with stem 'Makefile.l'.
     Trying implicit prerequisite 'Makefile.l,v'.
     Trying pattern rule with stem 'Makefile.l'.
     Trying implicit prerequisite 'RCS/Makefile.l,v'.
     Trying pattern rule with stem 'Makefile.l'.
     Trying implicit prerequisite 'RCS/Makefile.l'.
     Trying pattern rule with stem 'Makefile.l'.
     Trying implicit prerequisite 's.Makefile.l'.
     Trying pattern rule with stem 'Makefile.l'.
     Trying implicit prerequisite 'SCCS/s.Makefile.l'.
    Trying pattern rule with stem 'Makefile'.
    Trying implicit prerequisite 'Makefile.w'.
    Looking for a rule with intermediate file 'Makefile.w'.
     Avoiding implicit rule recursion.
     Avoiding implicit rule recursion.
     Avoiding implicit rule recursion.
     Trying pattern rule with stem 'Makefile.w'.
     Trying implicit prerequisite 'Makefile.w,v'.
     Trying pattern rule with stem 'Makefile.w'.
     Trying implicit prerequisite 'RCS/Makefile.w,v'.
     Trying pattern rule with stem 'Makefile.w'.
     Trying implicit prerequisite 'RCS/Makefile.w'.
     Trying pattern rule with stem 'Makefile.w'.
     Trying implicit prerequisite 's.Makefile.w'.
     Trying pattern rule with stem 'Makefile.w'.
     Trying implicit prerequisite 'SCCS/s.Makefile.w'.
    Trying pattern rule with stem 'Makefile'.
    Rejecting impossible implicit prerequisite 'Makefile.w'.
   Trying pattern rule with stem 'Makefile'.
   Trying implicit prerequisite 'Makefile.cc'.
   Looking for a rule with intermediate file 'Makefile.cc'.
    Avoiding implicit rule recursion.
    Avoiding implicit rule recursion.
    Trying pattern rule with stem 'Makefile.cc'.
    Trying implicit prerequisite 'Makefile.cc,v'.
    Trying pattern rule with stem 'Makefile.cc'.
    Trying implicit prerequisite 'RCS/Makefile.cc,v'.
    Trying pattern rule with stem 'Makefile.cc'.
    Trying implicit prerequisite 'RCS/Makefile.cc'.
    Trying pattern rule with stem 'Makefile.cc'.
    Trying implicit prerequisite 's.Makefile.cc'.
    Trying pattern rule with stem 'Makefile.cc'.
    Trying implicit prerequisite 'SCCS/s.Makefile.cc'.
   Trying pattern rule with stem 'Makefile'.
   Trying implicit prerequisite 'Makefile.C'.
   Looking for a rule with intermediate file 'Makefile.C'.
    Avoiding implicit rule recursion.
    Avoiding implicit rule recursion.
    Trying pattern rule with stem 'Makefile.C'.
    Trying implicit prerequisite 'Makefile.C,v'.
    Trying pattern rule with stem 'Makefile.C'.
    Trying implicit prerequisite 'RCS/Makefile.C,v'.
    Trying pattern rule with stem 'Makefile.C'.
    Trying implicit prerequisite 'RCS/Makefile.C'.
    Trying pattern rule with stem 'Makefile.C'.
    Trying implicit prerequisite 's.Makefile.C'.
    Trying pattern rule with stem 'Makefile.C'.
    Trying implicit prerequisite 'SCCS/s.Makefile.C'.
   Trying pattern rule with stem 'Makefile'.
   Trying implicit prerequisite 'Makefile.cpp'.
   Looking for a rule with intermediate file 'Makefile.cpp'.
    Avoiding implicit rule recursion.
    Avoiding implicit rule recursion.
    Trying pattern rule with stem 'Makefile.cpp'.
    Trying implicit prerequisite 'Makefile.cpp,v'.
    Trying pattern rule with stem 'Makefile.cpp'.
    Trying implicit prerequisite 'RCS/Makefile.cpp,v'.
    Trying pattern rule with stem 'Makefile.cpp'.
    Trying implicit prerequisite 'RCS/Makefile.cpp'.
    Trying pattern rule with stem 'Makefile.cpp'.
    Trying implicit prerequisite 's.Makefile.cpp'.
    Trying pattern rule with stem 'Makefile.cpp'.
    Trying implicit prerequisite 'SCCS/s.Makefile.cpp'.
   Trying pattern rule with stem 'Makefile'.
   Trying implicit prerequisite 'Makefile.p'.
   Looking for a rule with intermediate file 'Makefile.p'.
    Avoiding implicit rule recursion.
    Avoiding implicit rule recursion.
    Trying pattern rule with stem 'Makefile'.
    Trying implicit prerequisite 'Makefile.web'.
    Trying pattern rule with stem 'Makefile.p'.
    Trying implicit prerequisite 'Makefile.p,v'.
    Trying pattern rule with stem 'Makefile.p'.
    Trying implicit prerequisite 'RCS/Makefile.p,v'.
    Trying pattern rule with stem 'Makefile.p'.
    Trying implicit prerequisite 'RCS/Makefile.p'.
    Trying pattern rule with stem 'Makefile.p'.
    Trying implicit prerequisite 's.Makefile.p'.
    Trying pattern rule with stem 'Makefile.p'.
    Trying implicit prerequisite 'SCCS/s.Makefile.p'.
    Trying pattern rule with stem 'Makefile'.
    Trying implicit prerequisite 'Makefile.web'.
    Looking for a rule with intermediate file 'Makefile.web'.
     Avoiding implicit rule recursion.
     Avoiding implicit rule recursion.
     Avoiding implicit rule recursion.
     Trying pattern rule with stem 'Makefile.web'.
     Trying implicit prerequisite 'Makefile.web,v'.
     Trying pattern rule with stem 'Makefile.web'.
     Trying implicit prerequisite 'RCS/Makefile.web,v'.
     Trying pattern rule with stem 'Makefile.web'.
     Trying implicit prerequisite 'RCS/Makefile.web'.
     Trying pattern rule with stem 'Makefile.web'.
     Trying implicit prerequisite 's.Makefile.web'.
     Trying pattern rule with stem 'Makefile.web'.
     Trying implicit prerequisite 'SCCS/s.Makefile.web'.
   Trying pattern rule with stem 'Makefile'.
   Trying implicit prerequisite 'Makefile.f'.
   Looking for a rule with intermediate file 'Makefile.f'.
    Avoiding implicit rule recursion.
    Avoiding implicit rule recursion.
    Trying pattern rule with stem 'Makefile'.
    Trying implicit prerequisite 'Makefile.F'.
    Trying pattern rule with stem 'Makefile'.
    Trying implicit prerequisite 'Makefile.r'.
    Trying pattern rule with stem 'Makefile.f'.
    Trying implicit prerequisite 'Makefile.f,v'.
    Trying pattern rule with stem 'Makefile.f'.
    Trying implicit prerequisite 'RCS/Makefile.f,v'.
    Trying pattern rule with stem 'Makefile.f'.
    Trying implicit prerequisite 'RCS/Makefile.f'.
    Trying pattern rule with stem 'Makefile.f'.
    Trying implicit prerequisite 's.Makefile.f'.
    Trying pattern rule with stem 'Makefile.f'.
    Trying implicit prerequisite 'SCCS/s.Makefile.f'.
    Trying pattern rule with stem 'Makefile'.
    Trying implicit prerequisite 'Makefile.F'.
    Looking for a rule with intermediate file 'Makefile.F'.
     Avoiding implicit rule recursion.
     Avoiding implicit rule recursion.
     Avoiding implicit rule recursion.
     Trying pattern rule with stem 'Makefile.F'.
     Trying implicit prerequisite 'Makefile.F,v'.
     Trying pattern rule with stem 'Makefile.F'.
     Trying implicit prerequisite 'RCS/Makefile.F,v'.
     Trying pattern rule with stem 'Makefile.F'.
     Trying implicit prerequisite 'RCS/Makefile.F'.
     Trying pattern rule with stem 'Makefile.F'.
     Trying implicit prerequisite 's.Makefile.F'.
     Trying pattern rule with stem 'Makefile.F'.
     Trying implicit prerequisite 'SCCS/s.Makefile.F'.
    Trying pattern rule with stem 'Makefile'.
    Trying implicit prerequisite 'Makefile.r'.
    Looking for a rule with intermediate file 'Makefile.r'.
     Avoiding implicit rule recursion.
     Avoiding implicit rule recursion.
     Avoiding implicit rule recursion.
     Trying pattern rule with stem 'Makefile'.
     Rejecting impossible implicit prerequisite 'Makefile.l'.
     Trying pattern rule with stem 'Makefile.r'.
     Trying implicit prerequisite 'Makefile.r,v'.
     Trying pattern rule with stem 'Makefile.r'.
     Trying implicit prerequisite 'RCS/Makefile.r,v'.
     Trying pattern rule with stem 'Makefile.r'.
     Trying implicit prerequisite 'RCS/Makefile.r'.
     Trying pattern rule with stem 'Makefile.r'.
     Trying implicit prerequisite 's.Makefile.r'.
     Trying pattern rule with stem 'Makefile.r'.
     Trying implicit prerequisite 'SCCS/s.Makefile.r'.
   Trying pattern rule with stem 'Makefile'.
   Rejecting impossible implicit prerequisite 'Makefile.F'.
   Trying pattern rule with stem 'Makefile'.
   Trying implicit prerequisite 'Makefile.m'.
   Looking for a rule with intermediate file 'Makefile.m'.
    Avoiding implicit rule recursion.
    Avoiding implicit rule recursion.
    Trying pattern rule with stem 'Makefile'.
    Trying implicit prerequisite 'Makefile.ym'.
    Trying pattern rule with stem 'Makefile.m'.
    Trying implicit prerequisite 'Makefile.m,v'.
    Trying pattern rule with stem 'Makefile.m'.
    Trying implicit prerequisite 'RCS/Makefile.m,v'.
    Trying pattern rule with stem 'Makefile.m'.
    Trying implicit prerequisite 'RCS/Makefile.m'.
    Trying pattern rule with stem 'Makefile.m'.
    Trying implicit prerequisite 's.Makefile.m'.
    Trying pattern rule with stem 'Makefile.m'.
    Trying implicit prerequisite 'SCCS/s.Makefile.m'.
    Trying pattern rule with stem 'Makefile'.
    Trying implicit prerequisite 'Makefile.ym'.
    Looking for a rule with intermediate file 'Makefile.ym'.
     Avoiding implicit rule recursion.
     Avoiding implicit rule recursion.
     Avoiding implicit rule recursion.
     Trying pattern rule with stem 'Makefile.ym'.
     Trying implicit prerequisite 'Makefile.ym,v'.
     Trying pattern rule with stem 'Makefile.ym'.
     Trying implicit prerequisite 'RCS/Makefile.ym,v'.
     Trying pattern rule with stem 'Makefile.ym'.
     Trying implicit prerequisite 'RCS/Makefile.ym'.
     Trying pattern rule with stem 'Makefile.ym'.
     Trying implicit prerequisite 's.Makefile.ym'.
     Trying pattern rule with stem 'Makefile.ym'.
     Trying implicit prerequisite 'SCCS/s.Makefile.ym'.
   Trying pattern rule with stem 'Makefile'.
   Rejecting impossible implicit prerequisite 'Makefile.r'.
   Trying pattern rule with stem 'Makefile'.
   Trying implicit prerequisite 'Makefile.s'.
   Looking for a rule with intermediate file 'Makefile.s'.
    Avoiding implicit rule recursion.
    Avoiding implicit rule recursion.
    Trying pattern rule with stem 'Makefile'.
    Trying implicit prerequisite 'Makefile.S'.
    Trying pattern rule with stem 'Makefile.s'.
    Trying implicit prerequisite 'Makefile.s,v'.
    Trying pattern rule with stem 'Makefile.s'.
    Trying implicit prerequisite 'RCS/Makefile.s,v'.
    Trying pattern rule with stem 'Makefile.s'.
    Trying implicit prerequisite 'RCS/Makefile.s'.
    Trying pattern rule with stem 'Makefile.s'.
    Trying implicit prerequisite 's.Makefile.s'.
    Trying pattern rule with stem 'Makefile.s'.
    Trying implicit prerequisite 'SCCS/s.Makefile.s'.
    Trying pattern rule with stem 'Makefile'.
    Trying implicit prerequisite 'Makefile.S'.
    Looking for a rule with intermediate file 'Makefile.S'.
     Avoiding implicit rule recursion.
     Avoiding implicit rule recursion.
     Avoiding implicit rule recursion.
     Trying pattern rule with stem 'Makefile.S'.
     Trying implicit prerequisite 'Makefile.S,v'.
     Trying pattern rule with stem 'Makefile.S'.
     Trying implicit prerequisite 'RCS/Makefile.S,v'.
     Trying pattern rule with stem 'Makefile.S'.
     Trying implicit prerequisite 'RCS/Makefile.S'.
     Trying pattern rule with stem 'Makefile.S'.
     Trying implicit prerequisite 's.Makefile.S'.
     Trying pattern rule with stem 'Makefile.S'.
     Trying implicit prerequisite 'SCCS/s.Makefile.S'.
   Trying pattern rule with stem 'Makefile'.
   Rejecting impossible implicit prerequisite 'Makefile.S'.
   Trying pattern rule with stem 'Makefile'.
   Trying implicit prerequisite 'Makefile.mod'.
   Looking for a rule with intermediate file 'Makefile.mod'.
    Avoiding implicit rule recursion.
    Avoiding implicit rule recursion.
    Trying pattern rule with stem 'Makefile.mod'.
    Trying implicit prerequisite 'Makefile.mod,v'.
    Trying pattern rule with stem 'Makefile.mod'.
    Trying implicit prerequisite 'RCS/Makefile.mod,v'.
    Trying pattern rule with stem 'Makefile.mod'.
    Trying implicit prerequisite 'RCS/Makefile.mod'.
    Trying pattern rule with stem 'Makefile.mod'.
    Trying implicit prerequisite 's.Makefile.mod'.
    Trying pattern rule with stem 'Makefile.mod'.
    Trying implicit prerequisite 'SCCS/s.Makefile.mod'.
  Trying pattern rule with stem 'Makefile'.
  Rejecting impossible implicit prerequisite 'Makefile.c'.
  Trying pattern rule with stem 'Makefile'.
  Rejecting impossible implicit prerequisite 'Makefile.cc'.
  Trying pattern rule with stem 'Makefile'.
  Rejecting impossible implicit prerequisite 'Makefile.C'.
  Trying pattern rule with stem 'Makefile'.
  Rejecting impossible implicit prerequisite 'Makefile.cpp'.
  Trying pattern rule with stem 'Makefile'.
  Rejecting impossible implicit prerequisite 'Makefile.p'.
  Trying pattern rule with stem 'Makefile'.
  Rejecting impossible implicit prerequisite 'Makefile.f'.
  Trying pattern rule with stem 'Makefile'.
  Rejecting impossible implicit prerequisite 'Makefile.F'.
  Trying pattern rule with stem 'Makefile'.
  Rejecting impossible implicit prerequisite 'Makefile.m'.
  Trying pattern rule with stem 'Makefile'.
  Rejecting impossible implicit prerequisite 'Makefile.r'.
  Trying pattern rule with stem 'Makefile'.
  Rejecting impossible implicit prerequisite 'Makefile.s'.
  Trying pattern rule with stem 'Makefile'.
  Rejecting impossible implicit prerequisite 'Makefile.S'.
  Trying pattern rule with stem 'Makefile'.
  Rejecting impossible implicit prerequisite 'Makefile.mod'.
  Trying pattern rule with stem 'Makefile'.
  Trying implicit prerequisite 'Makefile.sh'.
  Looking for a rule with intermediate file 'Makefile.sh'.
   Avoiding implicit rule recursion.
   Trying pattern rule with stem 'Makefile.sh'.
   Trying implicit prerequisite 'Makefile.sh,v'.
   Trying pattern rule with stem 'Makefile.sh'.
   Trying implicit prerequisite 'RCS/Makefile.sh,v'.
   Trying pattern rule with stem 'Makefile.sh'.
   Trying implicit prerequisite 'RCS/Makefile.sh'.
   Trying pattern rule with stem 'Makefile.sh'.
   Trying implicit prerequisite 's.Makefile.sh'.
   Trying pattern rule with stem 'Makefile.sh'.
   Trying implicit prerequisite 'SCCS/s.Makefile.sh'.
  No implicit rule found for 'Makefile'.
  Finished prerequisites of target file 'Makefile'.
 No need to remake target 'Makefile'.
Updating goal targets....
Considering target file 'user_proj_example'.
 File 'user_proj_example' does not exist.
  Considering target file 'user_proj_example/config.json'.
   Looking for an implicit rule for 'user_proj_example/config.json'.
   Trying pattern rule with stem 'config.json'.
   Trying implicit prerequisite 'user_proj_example/config.json.o'.
   Trying pattern rule with stem 'config.json'.
   Trying implicit prerequisite 'user_proj_example/config.json.c'.
   Trying pattern rule with stem 'config.json'.
   Trying implicit prerequisite 'user_proj_example/config.json.cc'.
   Trying pattern rule with stem 'config.json'.
   Trying implicit prerequisite 'user_proj_example/config.json.C'.
   Trying pattern rule with stem 'config.json'.
   Trying implicit prerequisite 'user_proj_example/config.json.cpp'.
   Trying pattern rule with stem 'config.json'.
   Trying implicit prerequisite 'user_proj_example/config.json.p'.
   Trying pattern rule with stem 'config.json'.
   Trying implicit prerequisite 'user_proj_example/config.json.f'.
   Trying pattern rule with stem 'config.json'.
   Trying implicit prerequisite 'user_proj_example/config.json.F'.
   Trying pattern rule with stem 'config.json'.
   Trying implicit prerequisite 'user_proj_example/config.json.m'.
   Trying pattern rule with stem 'config.json'.
   Trying implicit prerequisite 'user_proj_example/config.json.r'.
   Trying pattern rule with stem 'config.json'.
   Trying implicit prerequisite 'user_proj_example/config.json.s'.
   Trying pattern rule with stem 'config.json'.
   Trying implicit prerequisite 'user_proj_example/config.json.S'.
   Trying pattern rule with stem 'config.json'.
   Trying implicit prerequisite 'user_proj_example/config.json.mod'.
   Trying pattern rule with stem 'config.json'.
   Trying implicit prerequisite 'user_proj_example/config.json.sh'.
   Trying pattern rule with stem 'config.json'.
   Trying implicit prerequisite 'user_proj_example/config.json,v'.
   Trying pattern rule with stem 'config.json'.
   Trying implicit prerequisite 'user_proj_example/RCS/config.json,v'.
   Trying pattern rule with stem 'config.json'.
   Trying implicit prerequisite 'user_proj_example/RCS/config.json'.
   Trying pattern rule with stem 'config.json'.
   Trying implicit prerequisite 'user_proj_example/s.config.json'.
   Trying pattern rule with stem 'config.json'.
   Trying implicit prerequisite 'user_proj_example/SCCS/s.config.json'.
   Trying pattern rule with stem 'config.json'.
   Trying implicit prerequisite 'user_proj_example/config.json.o'.
   Looking for a rule with intermediate file 'user_proj_example/config.json.o'.
    Avoiding implicit rule recursion.
    Trying pattern rule with stem 'config.json'.
    Trying implicit prerequisite 'user_proj_example/config.json.c'.
    Trying pattern rule with stem 'config.json'.
    Trying implicit prerequisite 'user_proj_example/config.json.cc'.
    Trying pattern rule with stem 'config.json'.
    Trying implicit prerequisite 'user_proj_example/config.json.C'.
    Trying pattern rule with stem 'config.json'.
    Trying implicit prerequisite 'user_proj_example/config.json.cpp'.
    Trying pattern rule with stem 'config.json'.
    Trying implicit prerequisite 'user_proj_example/config.json.p'.
    Trying pattern rule with stem 'config.json'.
    Trying implicit prerequisite 'user_proj_example/config.json.f'.
    Trying pattern rule with stem 'config.json'.
    Trying implicit prerequisite 'user_proj_example/config.json.F'.
    Trying pattern rule with stem 'config.json'.
    Trying implicit prerequisite 'user_proj_example/config.json.m'.
    Trying pattern rule with stem 'config.json'.
    Trying implicit prerequisite 'user_proj_example/config.json.r'.
    Trying pattern rule with stem 'config.json'.
    Trying implicit prerequisite 'user_proj_example/config.json.s'.
    Trying pattern rule with stem 'config.json'.
    Trying implicit prerequisite 'user_proj_example/config.json.S'.
    Trying pattern rule with stem 'config.json'.
    Trying implicit prerequisite 'user_proj_example/config.json.mod'.
    Trying pattern rule with stem 'config.json.o'.
    Trying implicit prerequisite 'user_proj_example/config.json.o,v'.
    Trying pattern rule with stem 'config.json.o'.
    Trying implicit prerequisite 'user_proj_example/RCS/config.json.o,v'.
    Trying pattern rule with stem 'config.json.o'.
    Trying implicit prerequisite 'user_proj_example/RCS/config.json.o'.
    Trying pattern rule with stem 'config.json.o'.
    Trying implicit prerequisite 'user_proj_example/s.config.json.o'.
    Trying pattern rule with stem 'config.json.o'.
    Trying implicit prerequisite 'user_proj_example/SCCS/s.config.json.o'.
    Trying pattern rule with stem 'config.json'.
    Trying implicit prerequisite 'user_proj_example/config.json.c'.
    Looking for a rule with intermediate file 'user_proj_example/config.json.c'.
     Avoiding implicit rule recursion.
     Avoiding implicit rule recursion.
     Trying pattern rule with stem 'config.json'.
     Trying implicit prerequisite 'user_proj_example/config.json.y'.
     Trying pattern rule with stem 'config.json'.
     Trying implicit prerequisite 'user_proj_example/config.json.l'.
     Trying pattern rule with stem 'config.json'.
     Trying implicit prerequisite 'user_proj_example/config.json.w'.
     Trying pattern rule with stem 'config.json'.
     Trying implicit prerequisite 'user_proj_example/config.json.w'.
     Trying pattern rule with stem 'config.json.c'.
     Trying implicit prerequisite 'user_proj_example/config.json.c,v'.
     Trying pattern rule with stem 'config.json.c'.
     Trying implicit prerequisite 'user_proj_example/RCS/config.json.c,v'.
     Trying pattern rule with stem 'config.json.c'.
     Trying implicit prerequisite 'user_proj_example/RCS/config.json.c'.
     Trying pattern rule with stem 'config.json.c'.
     Trying implicit prerequisite 'user_proj_example/s.config.json.c'.
     Trying pattern rule with stem 'config.json.c'.
     Trying implicit prerequisite 'user_proj_example/SCCS/s.config.json.c'.
     Trying pattern rule with stem 'config.json'.
     Trying implicit prerequisite 'user_proj_example/config.json.y'.
     Looking for a rule with intermediate file 'user_proj_example/config.json.y'.
      Avoiding implicit rule recursion.
      Avoiding implicit rule recursion.
      Avoiding implicit rule recursion.
      Trying pattern rule with stem 'config.json.y'.
      Trying implicit prerequisite 'user_proj_example/config.json.y,v'.
      Trying pattern rule with stem 'config.json.y'.
      Trying implicit prerequisite 'user_proj_example/RCS/config.json.y,v'.
      Trying pattern rule with stem 'config.json.y'.
      Trying implicit prerequisite 'user_proj_example/RCS/config.json.y'.
      Trying pattern rule with stem 'config.json.y'.
      Trying implicit prerequisite 'user_proj_example/s.config.json.y'.
      Trying pattern rule with stem 'config.json.y'.
      Trying implicit prerequisite 'user_proj_example/SCCS/s.config.json.y'.
     Trying pattern rule with stem 'config.json'.
     Trying implicit prerequisite 'user_proj_example/config.json.l'.
     Looking for a rule with intermediate file 'user_proj_example/config.json.l'.
      Avoiding implicit rule recursion.
      Avoiding implicit rule recursion.
      Avoiding implicit rule recursion.
      Trying pattern rule with stem 'config.json.l'.
      Trying implicit prerequisite 'user_proj_example/config.json.l,v'.
      Trying pattern rule with stem 'config.json.l'.
      Trying implicit prerequisite 'user_proj_example/RCS/config.json.l,v'.
      Trying pattern rule with stem 'config.json.l'.
      Trying implicit prerequisite 'user_proj_example/RCS/config.json.l'.
      Trying pattern rule with stem 'config.json.l'.
      Trying implicit prerequisite 'user_proj_example/s.config.json.l'.
      Trying pattern rule with stem 'config.json.l'.
      Trying implicit prerequisite 'user_proj_example/SCCS/s.config.json.l'.
     Trying pattern rule with stem 'config.json'.
     Trying implicit prerequisite 'user_proj_example/config.json.w'.
     Looking for a rule with intermediate file 'user_proj_example/config.json.w'.
      Avoiding implicit rule recursion.
      Avoiding implicit rule recursion.
      Avoiding implicit rule recursion.
      Trying pattern rule with stem 'config.json.w'.
      Trying implicit prerequisite 'user_proj_example/config.json.w,v'.
      Trying pattern rule with stem 'config.json.w'.
      Trying implicit prerequisite 'user_proj_example/RCS/config.json.w,v'.
      Trying pattern rule with stem 'config.json.w'.
      Trying implicit prerequisite 'user_proj_example/RCS/config.json.w'.
      Trying pattern rule with stem 'config.json.w'.
      Trying implicit prerequisite 'user_proj_example/s.config.json.w'.
      Trying pattern rule with stem 'config.json.w'.
      Trying implicit prerequisite 'user_proj_example/SCCS/s.config.json.w'.
     Trying pattern rule with stem 'config.json'.
     Rejecting impossible implicit prerequisite 'user_proj_example/config.json.w'.
    Trying pattern rule with stem 'config.json'.
    Trying implicit prerequisite 'user_proj_example/config.json.cc'.
    Looking for a rule with intermediate file 'user_proj_example/config.json.cc'.
     Avoiding implicit rule recursion.
     Avoiding implicit rule recursion.
     Trying pattern rule with stem 'config.json.cc'.
     Trying implicit prerequisite 'user_proj_example/config.json.cc,v'.
     Trying pattern rule with stem 'config.json.cc'.
     Trying implicit prerequisite 'user_proj_example/RCS/config.json.cc,v'.
     Trying pattern rule with stem 'config.json.cc'.
     Trying implicit prerequisite 'user_proj_example/RCS/config.json.cc'.
     Trying pattern rule with stem 'config.json.cc'.
     Trying implicit prerequisite 'user_proj_example/s.config.json.cc'.
     Trying pattern rule with stem 'config.json.cc'.
     Trying implicit prerequisite 'user_proj_example/SCCS/s.config.json.cc'.
    Trying pattern rule with stem 'config.json'.
    Trying implicit prerequisite 'user_proj_example/config.json.C'.
    Looking for a rule with intermediate file 'user_proj_example/config.json.C'.
     Avoiding implicit rule recursion.
     Avoiding implicit rule recursion.
     Trying pattern rule with stem 'config.json.C'.
     Trying implicit prerequisite 'user_proj_example/config.json.C,v'.
     Trying pattern rule with stem 'config.json.C'.
     Trying implicit prerequisite 'user_proj_example/RCS/config.json.C,v'.
     Trying pattern rule with stem 'config.json.C'.
     Trying implicit prerequisite 'user_proj_example/RCS/config.json.C'.
     Trying pattern rule with stem 'config.json.C'.
     Trying implicit prerequisite 'user_proj_example/s.config.json.C'.
     Trying pattern rule with stem 'config.json.C'.
     Trying implicit prerequisite 'user_proj_example/SCCS/s.config.json.C'.
    Trying pattern rule with stem 'config.json'.
    Trying implicit prerequisite 'user_proj_example/config.json.cpp'.
    Looking for a rule with intermediate file 'user_proj_example/config.json.cpp'.
     Avoiding implicit rule recursion.
     Avoiding implicit rule recursion.
     Trying pattern rule with stem 'config.json.cpp'.
     Trying implicit prerequisite 'user_proj_example/config.json.cpp,v'.
     Trying pattern rule with stem 'config.json.cpp'.
     Trying implicit prerequisite 'user_proj_example/RCS/config.json.cpp,v'.
     Trying pattern rule with stem 'config.json.cpp'.
     Trying implicit prerequisite 'user_proj_example/RCS/config.json.cpp'.
     Trying pattern rule with stem 'config.json.cpp'.
     Trying implicit prerequisite 'user_proj_example/s.config.json.cpp'.
     Trying pattern rule with stem 'config.json.cpp'.
     Trying implicit prerequisite 'user_proj_example/SCCS/s.config.json.cpp'.
    Trying pattern rule with stem 'config.json'.
    Trying implicit prerequisite 'user_proj_example/config.json.p'.
    Looking for a rule with intermediate file 'user_proj_example/config.json.p'.
     Avoiding implicit rule recursion.
     Avoiding implicit rule recursion.
     Trying pattern rule with stem 'config.json'.
     Trying implicit prerequisite 'user_proj_example/config.json.web'.
     Trying pattern rule with stem 'config.json.p'.
     Trying implicit prerequisite 'user_proj_example/config.json.p,v'.
     Trying pattern rule with stem 'config.json.p'.
     Trying implicit prerequisite 'user_proj_example/RCS/config.json.p,v'.
     Trying pattern rule with stem 'config.json.p'.
     Trying implicit prerequisite 'user_proj_example/RCS/config.json.p'.
     Trying pattern rule with stem 'config.json.p'.
     Trying implicit prerequisite 'user_proj_example/s.config.json.p'.
     Trying pattern rule with stem 'config.json.p'.
     Trying implicit prerequisite 'user_proj_example/SCCS/s.config.json.p'.
     Trying pattern rule with stem 'config.json'.
     Trying implicit prerequisite 'user_proj_example/config.json.web'.
     Looking for a rule with intermediate file 'user_proj_example/config.json.web'.
      Avoiding implicit rule recursion.
      Avoiding implicit rule recursion.
      Avoiding implicit rule recursion.
      Trying pattern rule with stem 'config.json.web'.
      Trying implicit prerequisite 'user_proj_example/config.json.web,v'.
      Trying pattern rule with stem 'config.json.web'.
      Trying implicit prerequisite 'user_proj_example/RCS/config.json.web,v'.
      Trying pattern rule with stem 'config.json.web'.
      Trying implicit prerequisite 'user_proj_example/RCS/config.json.web'.
      Trying pattern rule with stem 'config.json.web'.
      Trying implicit prerequisite 'user_proj_example/s.config.json.web'.
      Trying pattern rule with stem 'config.json.web'.
      Trying implicit prerequisite 'user_proj_example/SCCS/s.config.json.web'.
    Trying pattern rule with stem 'config.json'.
    Trying implicit prerequisite 'user_proj_example/config.json.f'.
    Looking for a rule with intermediate file 'user_proj_example/config.json.f'.
     Avoiding implicit rule recursion.
     Avoiding implicit rule recursion.
     Trying pattern rule with stem 'config.json'.
     Trying implicit prerequisite 'user_proj_example/config.json.F'.
     Trying pattern rule with stem 'config.json'.
     Trying implicit prerequisite 'user_proj_example/config.json.r'.
     Trying pattern rule with stem 'config.json.f'.
     Trying implicit prerequisite 'user_proj_example/config.json.f,v'.
     Trying pattern rule with stem 'config.json.f'.
     Trying implicit prerequisite 'user_proj_example/RCS/config.json.f,v'.
     Trying pattern rule with stem 'config.json.f'.
     Trying implicit prerequisite 'user_proj_example/RCS/config.json.f'.
     Trying pattern rule with stem 'config.json.f'.
     Trying implicit prerequisite 'user_proj_example/s.config.json.f'.
     Trying pattern rule with stem 'config.json.f'.
     Trying implicit prerequisite 'user_proj_example/SCCS/s.config.json.f'.
     Trying pattern rule with stem 'config.json'.
     Trying implicit prerequisite 'user_proj_example/config.json.F'.
     Looking for a rule with intermediate file 'user_proj_example/config.json.F'.
      Avoiding implicit rule recursion.
      Avoiding implicit rule recursion.
      Avoiding implicit rule recursion.
      Trying pattern rule with stem 'config.json.F'.
      Trying implicit prerequisite 'user_proj_example/config.json.F,v'.
      Trying pattern rule with stem 'config.json.F'.
      Trying implicit prerequisite 'user_proj_example/RCS/config.json.F,v'.
      Trying pattern rule with stem 'config.json.F'.
      Trying implicit prerequisite 'user_proj_example/RCS/config.json.F'.
      Trying pattern rule with stem 'config.json.F'.
      Trying implicit prerequisite 'user_proj_example/s.config.json.F'.
      Trying pattern rule with stem 'config.json.F'.
      Trying implicit prerequisite 'user_proj_example/SCCS/s.config.json.F'.
     Trying pattern rule with stem 'config.json'.
     Trying implicit prerequisite 'user_proj_example/config.json.r'.
     Looking for a rule with intermediate file 'user_proj_example/config.json.r'.
      Avoiding implicit rule recursion.
      Avoiding implicit rule recursion.
      Avoiding implicit rule recursion.
      Trying pattern rule with stem 'config.json'.
      Rejecting impossible implicit prerequisite 'user_proj_example/config.json.l'.
      Trying pattern rule with stem 'config.json.r'.
      Trying implicit prerequisite 'user_proj_example/config.json.r,v'.
      Trying pattern rule with stem 'config.json.r'.
      Trying implicit prerequisite 'user_proj_example/RCS/config.json.r,v'.
      Trying pattern rule with stem 'config.json.r'.
      Trying implicit prerequisite 'user_proj_example/RCS/config.json.r'.
      Trying pattern rule with stem 'config.json.r'.
      Trying implicit prerequisite 'user_proj_example/s.config.json.r'.
      Trying pattern rule with stem 'config.json.r'.
      Trying implicit prerequisite 'user_proj_example/SCCS/s.config.json.r'.
    Trying pattern rule with stem 'config.json'.
    Rejecting impossible implicit prerequisite 'user_proj_example/config.json.F'.
    Trying pattern rule with stem 'config.json'.
    Trying implicit prerequisite 'user_proj_example/config.json.m'.
    Looking for a rule with intermediate file 'user_proj_example/config.json.m'.
     Avoiding implicit rule recursion.
     Avoiding implicit rule recursion.
     Trying pattern rule with stem 'config.json'.
     Trying implicit prerequisite 'user_proj_example/config.json.ym'.
     Trying pattern rule with stem 'config.json.m'.
     Trying implicit prerequisite 'user_proj_example/config.json.m,v'.
     Trying pattern rule with stem 'config.json.m'.
     Trying implicit prerequisite 'user_proj_example/RCS/config.json.m,v'.
     Trying pattern rule with stem 'config.json.m'.
     Trying implicit prerequisite 'user_proj_example/RCS/config.json.m'.
     Trying pattern rule with stem 'config.json.m'.
     Trying implicit prerequisite 'user_proj_example/s.config.json.m'.
     Trying pattern rule with stem 'config.json.m'.
     Trying implicit prerequisite 'user_proj_example/SCCS/s.config.json.m'.
     Trying pattern rule with stem 'config.json'.
     Trying implicit prerequisite 'user_proj_example/config.json.ym'.
     Looking for a rule with intermediate file 'user_proj_example/config.json.ym'.
      Avoiding implicit rule recursion.
      Avoiding implicit rule recursion.
      Avoiding implicit rule recursion.
      Trying pattern rule with stem 'config.json.ym'.
      Trying implicit prerequisite 'user_proj_example/config.json.ym,v'.
      Trying pattern rule with stem 'config.json.ym'.
      Trying implicit prerequisite 'user_proj_example/RCS/config.json.ym,v'.
      Trying pattern rule with stem 'config.json.ym'.
      Trying implicit prerequisite 'user_proj_example/RCS/config.json.ym'.
      Trying pattern rule with stem 'config.json.ym'.
      Trying implicit prerequisite 'user_proj_example/s.config.json.ym'.
      Trying pattern rule with stem 'config.json.ym'.
      Trying implicit prerequisite 'user_proj_example/SCCS/s.config.json.ym'.
    Trying pattern rule with stem 'config.json'.
    Rejecting impossible implicit prerequisite 'user_proj_example/config.json.r'.
    Trying pattern rule with stem 'config.json'.
    Trying implicit prerequisite 'user_proj_example/config.json.s'.
    Looking for a rule with intermediate file 'user_proj_example/config.json.s'.
     Avoiding implicit rule recursion.
     Avoiding implicit rule recursion.
     Trying pattern rule with stem 'config.json'.
     Trying implicit prerequisite 'user_proj_example/config.json.S'.
     Trying pattern rule with stem 'config.json.s'.
     Trying implicit prerequisite 'user_proj_example/config.json.s,v'.
     Trying pattern rule with stem 'config.json.s'.
     Trying implicit prerequisite 'user_proj_example/RCS/config.json.s,v'.
     Trying pattern rule with stem 'config.json.s'.
     Trying implicit prerequisite 'user_proj_example/RCS/config.json.s'.
     Trying pattern rule with stem 'config.json.s'.
     Trying implicit prerequisite 'user_proj_example/s.config.json.s'.
     Trying pattern rule with stem 'config.json.s'.
     Trying implicit prerequisite 'user_proj_example/SCCS/s.config.json.s'.
     Trying pattern rule with stem 'config.json'.
     Trying implicit prerequisite 'user_proj_example/config.json.S'.
     Looking for a rule with intermediate file 'user_proj_example/config.json.S'.
      Avoiding implicit rule recursion.
      Avoiding implicit rule recursion.
      Avoiding implicit rule recursion.
      Trying pattern rule with stem 'config.json.S'.
      Trying implicit prerequisite 'user_proj_example/config.json.S,v'.
      Trying pattern rule with stem 'config.json.S'.
      Trying implicit prerequisite 'user_proj_example/RCS/config.json.S,v'.
      Trying pattern rule with stem 'config.json.S'.
      Trying implicit prerequisite 'user_proj_example/RCS/config.json.S'.
      Trying pattern rule with stem 'config.json.S'.
      Trying implicit prerequisite 'user_proj_example/s.config.json.S'.
      Trying pattern rule with stem 'config.json.S'.
      Trying implicit prerequisite 'user_proj_example/SCCS/s.config.json.S'.
    Trying pattern rule with stem 'config.json'.
    Rejecting impossible implicit prerequisite 'user_proj_example/config.json.S'.
    Trying pattern rule with stem 'config.json'.
    Trying implicit prerequisite 'user_proj_example/config.json.mod'.
    Looking for a rule with intermediate file 'user_proj_example/config.json.mod'.
     Avoiding implicit rule recursion.
     Avoiding implicit rule recursion.
     Trying pattern rule with stem 'config.json.mod'.
     Trying implicit prerequisite 'user_proj_example/config.json.mod,v'.
     Trying pattern rule with stem 'config.json.mod'.
     Trying implicit prerequisite 'user_proj_example/RCS/config.json.mod,v'.
     Trying pattern rule with stem 'config.json.mod'.
     Trying implicit prerequisite 'user_proj_example/RCS/config.json.mod'.
     Trying pattern rule with stem 'config.json.mod'.
     Trying implicit prerequisite 'user_proj_example/s.config.json.mod'.
     Trying pattern rule with stem 'config.json.mod'.
     Trying implicit prerequisite 'user_proj_example/SCCS/s.config.json.mod'.
   Trying pattern rule with stem 'config.json'.
   Rejecting impossible implicit prerequisite 'user_proj_example/config.json.c'.
   Trying pattern rule with stem 'config.json'.
   Rejecting impossible implicit prerequisite 'user_proj_example/config.json.cc'.
   Trying pattern rule with stem 'config.json'.
   Rejecting impossible implicit prerequisite 'user_proj_example/config.json.C'.
   Trying pattern rule with stem 'config.json'.
   Rejecting impossible implicit prerequisite 'user_proj_example/config.json.cpp'.
   Trying pattern rule with stem 'config.json'.
   Rejecting impossible implicit prerequisite 'user_proj_example/config.json.p'.
   Trying pattern rule with stem 'config.json'.
   Rejecting impossible implicit prerequisite 'user_proj_example/config.json.f'.
   Trying pattern rule with stem 'config.json'.
   Rejecting impossible implicit prerequisite 'user_proj_example/config.json.F'.
   Trying pattern rule with stem 'config.json'.
   Rejecting impossible implicit prerequisite 'user_proj_example/config.json.m'.
   Trying pattern rule with stem 'config.json'.
   Rejecting impossible implicit prerequisite 'user_proj_example/config.json.r'.
   Trying pattern rule with stem 'config.json'.
   Rejecting impossible implicit prerequisite 'user_proj_example/config.json.s'.
   Trying pattern rule with stem 'config.json'.
   Rejecting impossible implicit prerequisite 'user_proj_example/config.json.S'.
   Trying pattern rule with stem 'config.json'.
   Rejecting impossible implicit prerequisite 'user_proj_example/config.json.mod'.
   Trying pattern rule with stem 'config.json'.
   Trying implicit prerequisite 'user_proj_example/config.json.sh'.
   Looking for a rule with intermediate file 'user_proj_example/config.json.sh'.
    Avoiding implicit rule recursion.
    Trying pattern rule with stem 'config.json.sh'.
    Trying implicit prerequisite 'user_proj_example/config.json.sh,v'.
    Trying pattern rule with stem 'config.json.sh'.
    Trying implicit prerequisite 'user_proj_example/RCS/config.json.sh,v'.
    Trying pattern rule with stem 'config.json.sh'.
    Trying implicit prerequisite 'user_proj_example/RCS/config.json.sh'.
    Trying pattern rule with stem 'config.json.sh'.
    Trying implicit prerequisite 'user_proj_example/s.config.json.sh'.
    Trying pattern rule with stem 'config.json.sh'.
    Trying implicit prerequisite 'user_proj_example/SCCS/s.config.json.sh'.
   No implicit rule found for 'user_proj_example/config.json'.
   Finished prerequisites of target file 'user_proj_example/config.json'.
  No need to remake target 'user_proj_example/config.json'.
 Finished prerequisites of target file 'user_proj_example'.
Must remake target 'user_proj_example'.
# user_proj_example
Putting child 0x56090755a720 (user_proj_example) PID 2046638 on the chain.
Live child 0x56090755a720 (user_proj_example) PID 2046638 
Reaping winning child 0x56090755a720 PID 2046638 
mkdir -p ./user_proj_example/runs/23_10_17_10_50 
Live child 0x56090755a720 (user_proj_example) PID 2046639 
Reaping winning child 0x56090755a720 PID 2046639 
rm -rf ./user_proj_example/runs/user_proj_example
Live child 0x56090755a720 (user_proj_example) PID 2046640 
Reaping winning child 0x56090755a720 PID 2046640 
ln -s $(realpath ./user_proj_example/runs/23_10_17_10_50) ./user_proj_example/runs/user_proj_example
Live child 0x56090755a720 (user_proj_example) PID 2046641 
Reaping winning child 0x56090755a720 PID 2046641 
docker run --rm -v $(realpath /home/tonyho/workspace/fsic/hdebug/caravel-lab/bash_auto/debug/caravel_user_project/..):$(realpath /home/tonyho/workspace/fsic/hdebug/caravel-lab/bash_auto/debug/caravel_user_project/..) -v /home/tonyho/workspace/fsic/hdebug/caravel-lab/bash_auto/debug/caravel_user_project/dependencies/pdks:/home/tonyho/workspace/fsic/hdebug/caravel-lab/bash_auto/debug/caravel_user_project/dependencies/pdks -v /home/tonyho/workspace/fsic/hdebug/caravel-lab/bash_auto/debug/caravel_user_project/caravel:/home/tonyho/workspace/fsic/hdebug/caravel-lab/bash_auto/debug/caravel_user_project/caravel -v /home/tonyho/workspace/fsic/hdebug/caravel-lab/bash_auto/debug/caravel_user_project/dependencies/openlane_src:/openlane -v /home/tonyho/workspace/fsic/hdebug/caravel-lab/bash_auto/debug/caravel_user_project/mgmt_core_wrapper:/home/tonyho/workspace/fsic/hdebug/caravel-lab/bash_auto/debug/caravel_user_project/mgmt_core_wrapper -e PDK_ROOT=/home/tonyho/workspace/fsic/hdebug/caravel-lab/bash_auto/debug/caravel_user_project/dependencies/pdks -e PDK=sky130A -e MISMATCHES_OK=1 -e CARAVEL_ROOT=/home/tonyho/workspace/fsic/hdebug/caravel-lab/bash_auto/debug/caravel_user_project/caravel -e OPENLANE_RUN_TAG=23_10_17_10_50 -e MCW_ROOT=/home/tonyho/workspace/fsic/hdebug/caravel-lab/bash_auto/debug/caravel_user_project/mgmt_core_wrapper -u 1007:1007 \
	efabless/openlane:2022.11.19 sh -c "flow.tcl -design $(realpath ./user_proj_example) -save_path $(realpath ..) -save -tag 23_10_17_10_50 -overwrite -ignore_mismatches"
Live child 0x56090755a720 (user_proj_example) PID 2046643 
OpenLane cb59d1f84deb5cedbb5b0a3e3f3b4129a967c988
All rights reserved. (c) 2020-2022 Efabless Corporation and contributors.
Available under the Apache License, version 2.0. See the LICENSE file for more details.

[WARNING]: OpenLane may not function properly: The version of open_pdks used in building the PDK does not match the version OpenLane was tested on (installed: 0059588eebfc704681dc2368bd1d33d96281d10f, tested: 3af133706e554a740cfe60f21e773d9eaa41838c)
This may introduce some issues. You may want to re-install the PDK by invoking `make pdk`.
[INFO]: Using configuration in '../home/tonyho/workspace/fsic/hdebug/caravel-lab/bash_auto/debug/caravel_user_project/openlane/user_proj_example/config.json'...
[INFO]: PDK Root: /home/tonyho/workspace/fsic/hdebug/caravel-lab/bash_auto/debug/caravel_user_project/dependencies/pdks
[INFO]: Process Design Kit: sky130A
[INFO]: Standard Cell Library: sky130_fd_sc_hd
[INFO]: Optimization Standard Cell Library: sky130_fd_sc_hd
[INFO]: Run Directory: /home/tonyho/workspace/fsic/hdebug/caravel-lab/bash_auto/debug/caravel_user_project/openlane/user_proj_example/runs/23_10_17_10_50
[INFO]: Preparing LEF files for the nom corner...
[INFO]: Preparing LEF files for the min corner...
[INFO]: Preparing LEF files for the max corner...
[STEP 1]
[INFO]: Running Synthesis (log: ../home/tonyho/workspace/fsic/hdebug/caravel-lab/bash_auto/debug/caravel_user_project/openlane/user_proj_example/runs/23_10_17_10_50/logs/synthesis/1-synthesis.log)...
[STEP 2]
[INFO]: Running Single-Corner Static Timing Analysis (log: ../home/tonyho/workspace/fsic/hdebug/caravel-lab/bash_auto/debug/caravel_user_project/openlane/user_proj_example/runs/23_10_17_10_50/logs/synthesis/2-sta.log)...
[STEP 3]
[INFO]: Running Initial Floorplanning (log: ../home/tonyho/workspace/fsic/hdebug/caravel-lab/bash_auto/debug/caravel_user_project/openlane/user_proj_example/runs/23_10_17_10_50/logs/floorplan/3-initial_fp.log)...
[INFO]: Floorplanned with width 888.72 and height 576.64.
[STEP 4]
[INFO]: Running IO Placement (log: ../home/tonyho/workspace/fsic/hdebug/caravel-lab/bash_auto/debug/caravel_user_project/openlane/user_proj_example/runs/23_10_17_10_50/logs/floorplan/4-place_io.log)...
[STEP 5]
[INFO]: Running Tap/Decap Insertion (log: ../home/tonyho/workspace/fsic/hdebug/caravel-lab/bash_auto/debug/caravel_user_project/openlane/user_proj_example/runs/23_10_17_10_50/logs/floorplan/5-tap.log)...
[INFO]: Power planning with power {vccd1} and ground {vssd1}...
[STEP 6]
[INFO]: Generating PDN (log: ../home/tonyho/workspace/fsic/hdebug/caravel-lab/bash_auto/debug/caravel_user_project/openlane/user_proj_example/runs/23_10_17_10_50/logs/floorplan/6-pdn.log)...
[STEP 7]
[INFO]: Running Global Placement (log: ../home/tonyho/workspace/fsic/hdebug/caravel-lab/bash_auto/debug/caravel_user_project/openlane/user_proj_example/runs/23_10_17_10_50/logs/placement/7-global.log)...
[STEP 8]
[INFO]: Running Placement Resizer Design Optimizations (log: ../home/tonyho/workspace/fsic/hdebug/caravel-lab/bash_auto/debug/caravel_user_project/openlane/user_proj_example/runs/23_10_17_10_50/logs/placement/8-resizer.log)...
[STEP 9]
[INFO]: Running Detailed Placement (log: ../home/tonyho/workspace/fsic/hdebug/caravel-lab/bash_auto/debug/caravel_user_project/openlane/user_proj_example/runs/23_10_17_10_50/logs/placement/9-detailed.log)...
[STEP 10]
[INFO]: Running Clock Tree Synthesis (log: ../home/tonyho/workspace/fsic/hdebug/caravel-lab/bash_auto/debug/caravel_user_project/openlane/user_proj_example/runs/23_10_17_10_50/logs/cts/10-cts.log)...
[STEP 11]
[INFO]: Running Placement Resizer Timing Optimizations (log: ../home/tonyho/workspace/fsic/hdebug/caravel-lab/bash_auto/debug/caravel_user_project/openlane/user_proj_example/runs/23_10_17_10_50/logs/cts/11-resizer.log)...
[STEP 12]
[INFO]: Running Global Routing Resizer Timing Optimizations (log: ../home/tonyho/workspace/fsic/hdebug/caravel-lab/bash_auto/debug/caravel_user_project/openlane/user_proj_example/runs/23_10_17_10_50/logs/routing/12-resizer.log)...
[STEP 13]
[INFO]: Running Diode Insertion (log: ../home/tonyho/workspace/fsic/hdebug/caravel-lab/bash_auto/debug/caravel_user_project/openlane/user_proj_example/runs/23_10_17_10_50/logs/routing/13-diodes.log)...
[STEP 14]
[INFO]: Running Detailed Placement (log: ../home/tonyho/workspace/fsic/hdebug/caravel-lab/bash_auto/debug/caravel_user_project/openlane/user_proj_example/runs/23_10_17_10_50/logs/routing/14-diode_legalization.log)...
[STEP 15]
[INFO]: Running Fill Insertion (log: ../home/tonyho/workspace/fsic/hdebug/caravel-lab/bash_auto/debug/caravel_user_project/openlane/user_proj_example/runs/23_10_17_10_50/logs/routing/15-fill.log)...
[STEP 16]
[INFO]: Running Global Routing (log: ../home/tonyho/workspace/fsic/hdebug/caravel-lab/bash_auto/debug/caravel_user_project/openlane/user_proj_example/runs/23_10_17_10_50/logs/routing/16-global.log)...
[STEP 17]
[INFO]: Writing Verilog (log: ../home/tonyho/workspace/fsic/hdebug/caravel-lab/bash_auto/debug/caravel_user_project/openlane/user_proj_example/runs/23_10_17_10_50/logs/routing/16-global_write_netlist.log)...
[STEP 18]
[INFO]: Running Detailed Routing (log: ../home/tonyho/workspace/fsic/hdebug/caravel-lab/bash_auto/debug/caravel_user_project/openlane/user_proj_example/runs/23_10_17_10_50/logs/routing/18-detailed.log)...
[INFO]: No DRC violations after detailed routing.
[STEP 19]
[INFO]: Checking Wire Lengths (log: ../home/tonyho/workspace/fsic/hdebug/caravel-lab/bash_auto/debug/caravel_user_project/openlane/user_proj_example/runs/23_10_17_10_50/logs/routing/19-wire_lengths.log)...
[STEP 20]
[INFO]: Running SPEF Extraction at the min process corner (log: ../home/tonyho/workspace/fsic/hdebug/caravel-lab/bash_auto/debug/caravel_user_project/openlane/user_proj_example/runs/23_10_17_10_50/logs/signoff/20-parasitics_extraction.min.log)...
[STEP 21]
[INFO]: Running Multi-Corner Static Timing Analysis at the min process corner (log: ../home/tonyho/workspace/fsic/hdebug/caravel-lab/bash_auto/debug/caravel_user_project/openlane/user_proj_example/runs/23_10_17_10_50/logs/signoff/21-rcx_mcsta.min.log)...
[STEP 22]
[INFO]: Running SPEF Extraction at the max process corner (log: ../home/tonyho/workspace/fsic/hdebug/caravel-lab/bash_auto/debug/caravel_user_project/openlane/user_proj_example/runs/23_10_17_10_50/logs/signoff/22-parasitics_extraction.max.log)...
[STEP 23]
[INFO]: Running Multi-Corner Static Timing Analysis at the max process corner (log: ../home/tonyho/workspace/fsic/hdebug/caravel-lab/bash_auto/debug/caravel_user_project/openlane/user_proj_example/runs/23_10_17_10_50/logs/signoff/23-rcx_mcsta.max.log)...
[STEP 24]
[INFO]: Running SPEF Extraction at the nom process corner (log: ../home/tonyho/workspace/fsic/hdebug/caravel-lab/bash_auto/debug/caravel_user_project/openlane/user_proj_example/runs/23_10_17_10_50/logs/signoff/24-parasitics_extraction.nom.log)...
[STEP 25]
[INFO]: Running Multi-Corner Static Timing Analysis at the nom process corner (log: ../home/tonyho/workspace/fsic/hdebug/caravel-lab/bash_auto/debug/caravel_user_project/openlane/user_proj_example/runs/23_10_17_10_50/logs/signoff/25-rcx_mcsta.nom.log)...
[STEP 26]
[INFO]: Running Single-Corner Static Timing Analysis at the nom process corner (log: ../home/tonyho/workspace/fsic/hdebug/caravel-lab/bash_auto/debug/caravel_user_project/openlane/user_proj_example/runs/23_10_17_10_50/logs/signoff/26-rcx_sta.log)...
[STEP 27]
[INFO]: Creating IR Drop Report (log: ../home/tonyho/workspace/fsic/hdebug/caravel-lab/bash_auto/debug/caravel_user_project/openlane/user_proj_example/runs/23_10_17_10_50/logs/signoff/27-irdrop.log)...
[STEP 28]
[INFO]: Running Magic to generate various views...
[INFO]: Streaming out GDSII with Magic (log: ../home/tonyho/workspace/fsic/hdebug/caravel-lab/bash_auto/debug/caravel_user_project/openlane/user_proj_example/runs/23_10_17_10_50/logs/signoff/28-gdsii.log)...
[INFO]: Generating MAGLEF views...
[STEP 29]
[INFO]: Streaming out GDSII with KLayout (log: ../home/tonyho/workspace/fsic/hdebug/caravel-lab/bash_auto/debug/caravel_user_project/openlane/user_proj_example/runs/23_10_17_10_50/logs/signoff/29-gdsii-klayout.log)...
[STEP 30]
[INFO]: Running XOR on the layouts using KLayout (log: ../home/tonyho/workspace/fsic/hdebug/caravel-lab/bash_auto/debug/caravel_user_project/openlane/user_proj_example/runs/23_10_17_10_50/logs/signoff/30-xor.log)...
[STEP 31]
[INFO]: Running Magic Spice Export from LEF (log: ../home/tonyho/workspace/fsic/hdebug/caravel-lab/bash_auto/debug/caravel_user_project/openlane/user_proj_example/runs/23_10_17_10_50/logs/signoff/31-spice.log)...
[STEP 32]
[INFO]: Writing Powered Verilog (logs: ../home/tonyho/workspace/fsic/hdebug/caravel-lab/bash_auto/debug/caravel_user_project/openlane/user_proj_example/runs/23_10_17_10_50/logs/signoff/32-write_powered_def.log, ../home/tonyho/workspace/fsic/hdebug/caravel-lab/bash_auto/debug/caravel_user_project/openlane/user_proj_example/runs/23_10_17_10_50/logs/signoff/32-write_powered_verilog.log)...
[STEP 33]
[INFO]: Writing Verilog (log: ../home/tonyho/workspace/fsic/hdebug/caravel-lab/bash_auto/debug/caravel_user_project/openlane/user_proj_example/runs/23_10_17_10_50/logs/signoff/32-write_powered_verilog.log)...
[STEP 34]
[INFO]: Running LVS (log: ../home/tonyho/workspace/fsic/hdebug/caravel-lab/bash_auto/debug/caravel_user_project/openlane/user_proj_example/runs/23_10_17_10_50/logs/signoff/34-lvs.lef.log)...
[STEP 35]
[INFO]: Running Magic DRC (log: ../home/tonyho/workspace/fsic/hdebug/caravel-lab/bash_auto/debug/caravel_user_project/openlane/user_proj_example/runs/23_10_17_10_50/logs/signoff/35-drc.log)...
[INFO]: Converting Magic DRC database to various tool-readable formats...
[INFO]: No DRC violations after GDS streaming out.
[STEP 36]
[INFO]: Running OpenROAD Antenna Rule Checker (log: ../home/tonyho/workspace/fsic/hdebug/caravel-lab/bash_auto/debug/caravel_user_project/openlane/user_proj_example/runs/23_10_17_10_50/logs/signoff/36-antenna.log)...
[INFO]: Saving current set of views in '../home/tonyho/workspace/fsic/hdebug/caravel-lab/bash_auto/debug/caravel_user_project/openlane/user_proj_example/runs/23_10_17_10_50/results/final'...
[INFO]: Saving current set of views in '../home/tonyho/workspace/fsic/hdebug/caravel-lab/bash_auto/debug/caravel_user_project'...
[INFO]: Saving runtime environment...
[INFO]: Generating final set of reports...
[INFO]: Created manufacturability report at '../home/tonyho/workspace/fsic/hdebug/caravel-lab/bash_auto/debug/caravel_user_project/openlane/user_proj_example/runs/23_10_17_10_50/reports/manufacturability.rpt'.
[INFO]: Created metrics report at '../home/tonyho/workspace/fsic/hdebug/caravel-lab/bash_auto/debug/caravel_user_project/openlane/user_proj_example/runs/23_10_17_10_50/reports/metrics.csv'.
[WARNING]: There are max fanout violations in the design at the typical corner. Please refer to '../home/tonyho/workspace/fsic/hdebug/caravel-lab/bash_auto/debug/caravel_user_project/openlane/user_proj_example/runs/23_10_17_10_50/reports/signoff/26-rcx_sta.slew.rpt'.
[INFO]: There are no hold violations in the design at the typical corner.
[INFO]: There are no setup violations in the design at the typical corner.
[SUCCESS]: Flow complete.
[INFO]: Note that the following warnings have been generated:
[WARNING]: There are max fanout violations in the design at the typical corner. Please refer to '../home/tonyho/workspace/fsic/hdebug/caravel-lab/bash_auto/debug/caravel_user_project/openlane/user_proj_example/runs/23_10_17_10_50/reports/signoff/26-rcx_sta.slew.rpt'.

Reaping winning child 0x56090755a720 PID 2046643 
Live child 0x56090755a720 (user_proj_example) PID 2048065 
Reaping winning child 0x56090755a720 PID 2048065 
Live child 0x56090755a720 (user_proj_example) PID 2048066 
Reaping winning child 0x56090755a720 PID 2048066 
Live child 0x56090755a720 (user_proj_example) PID 2048067 
Reaping winning child 0x56090755a720 PID 2048067 
Live child 0x56090755a720 (user_proj_example) PID 2048068 
Reaping winning child 0x56090755a720 PID 2048068 
Removing child 0x56090755a720 PID 2048068 from chain.
Successfully remade target file 'user_proj_example'.
make[1]: Leaving directory '/home/tonyho/workspace/fsic/hdebug/caravel-lab/bash_auto/debug/caravel_user_project/openlane'
Reaping winning child 0x55ffac234bc0 PID 2046625 
Removing child 0x55ffac234bc0 PID 2046625 from chain.
Successfully remade target file 'user_proj_example'.
+ exit 1
